[2023-12-13 10:10:23,424] [INFO    ] [MainThread    ] Starting processing at :  2023-12-13 10:10:23.416659
[2023-12-13 10:10:23,424] [INFO    ] [MainThread    ] Running main() with Config:  {'video_source': '/Users/mrat0010/Documents/GitHub/EcoMotionZip/testing/test_videos/Ratnayake2023/cam_7_S_video_20210310_142405.h264.avi', 'output_directory': '/Users/mrat0010/Documents/GitHub/EcoMotionZip/testing', 'record_duration': 60, 'number_of_videos': 1, 'camera_resolution': [1920, 1080], 'camera_fps': 32, 'raspberrypi_camera': False, 'delete_original': False, 'embed_timestamps': True, 'reader_sleep_seconds': 1, 'reader_flush_proportion': 0.9, 'downscale_factor': 16, 'dilate_kernel_size': 128, 'movement_threshold': 40, 'persist_frames': 0, 'full_frame_guarantee': 300, 'video_codec': 'X264', 'num_opencv_threads': 10}
[2023-12-13 10:10:23,424] [INFO    ] [MainThread    ] Outputting to Outputting to /Users/mrat0010/Documents/GitHub/EcoMotionZip/testing/EcoMotionZip
[2023-12-13 10:10:23,443] [INFO    ] [MainThread    ] Will sleep 1 seconds if reading queue fills up with 460 frames. This *should not happen* if you're using a live webcam, else the frames are being processed too slowly!
[2023-12-13 10:10:23,443] [INFO    ] [MainThread    ] Dilation kernel downscaled by 16x from 128 to 8
[2023-12-13 10:10:23,444] [INFO    ] [MainThread    ] Will flush buffer to output file every 64 frames
[2023-12-13 10:10:23,444] [INFO    ] [MainThread    ] Starting ReaderThread
[2023-12-13 10:10:23,444] [INFO    ] [MainThread    ] Starting MotionThread
[2023-12-13 10:10:23,444] [INFO    ] [MainThread    ] Starting WriterThread
[2023-12-13 10:10:29,414] [INFO    ] [WriterThread  ] Written 50 frames so far
[2023-12-13 10:10:29,709] [INFO    ] [WriterThread  ] Written 100 frames so far
[2023-12-13 10:10:29,964] [INFO    ] [WriterThread  ] Written 150 frames so far
[2023-12-13 10:10:30,186] [INFO    ] [WriterThread  ] Written 200 frames so far
[2023-12-13 10:10:30,417] [INFO    ] [WriterThread  ] Written 250 frames so far
[2023-12-13 10:10:30,861] [INFO    ] [WriterThread  ] Written 300 frames so far
[2023-12-13 10:10:31,506] [INFO    ] [WriterThread  ] Written 350 frames so far
[2023-12-13 10:10:32,163] [INFO    ] [WriterThread  ] Written 400 frames so far
[2023-12-13 10:10:42,312] [INFO    ] [WriterThread  ] Written 450 frames so far
[2023-12-13 10:10:42,579] [INFO    ] [WriterThread  ] Written 500 frames so far
[2023-12-13 10:10:45,358] [INFO    ] [WriterThread  ] Written 550 frames so far
[2023-12-13 10:10:46,672] [INFO    ] [WriterThread  ] Written 600 frames so far
[2023-12-13 10:10:47,234] [INFO    ] [WriterThread  ] Written 650 frames so far
[2023-12-13 10:10:47,495] [INFO    ] [WriterThread  ] Written 700 frames so far
[2023-12-13 10:10:48,262] [INFO    ] [WriterThread  ] Written 750 frames so far
[2023-12-13 10:10:48,830] [INFO    ] [WriterThread  ] Written 800 frames so far
[2023-12-13 10:10:50,560] [INFO    ] [WriterThread  ] Written 850 frames so far
[2023-12-13 10:10:50,903] [INFO    ] [WriterThread  ] Written 900 frames so far
[2023-12-13 10:10:51,154] [INFO    ] [WriterThread  ] Written 950 frames so far
[2023-12-13 10:10:51,485] [INFO    ] [WriterThread  ] Written 1000 frames so far
[2023-12-13 10:10:51,959] [INFO    ] [WriterThread  ] Written 1050 frames so far
[2023-12-13 10:10:52,649] [INFO    ] [WriterThread  ] Written 1100 frames so far
[2023-12-13 10:10:52,841] [INFO    ] [WriterThread  ] Written 1150 frames so far
[2023-12-13 10:10:53,079] [INFO    ] [WriterThread  ] Written 1200 frames so far
[2023-12-13 10:10:54,642] [INFO    ] [WriterThread  ] Written 1250 frames so far
[2023-12-13 10:10:55,254] [INFO    ] [WriterThread  ] Written 1300 frames so far
[2023-12-13 10:10:56,302] [INFO    ] [WriterThread  ] Written 1350 frames so far
[2023-12-13 10:10:56,519] [INFO    ] [WriterThread  ] Written 1400 frames so far
[2023-12-13 10:10:57,316] [INFO    ] [WriterThread  ] Written 1450 frames so far
[2023-12-13 10:10:57,562] [INFO    ] [WriterThread  ] Written 1500 frames so far
[2023-12-13 10:10:57,931] [INFO    ] [WriterThread  ] Written 1550 frames so far
[2023-12-13 10:10:58,114] [INFO    ] [WriterThread  ] Written 1600 frames so far
[2023-12-13 10:10:58,408] [INFO    ] [WriterThread  ] Written 1650 frames so far
[2023-12-13 10:10:58,657] [INFO    ] [WriterThread  ] Written 1700 frames so far
[2023-12-13 10:11:02,590] [INFO    ] [WriterThread  ] Written 1750 frames so far
[2023-12-13 10:11:04,535] [INFO    ] [ReaderThread  ] Adding None to end of reading queue
[2023-12-13 10:11:04,565] [INFO    ] [WriterThread  ] Written 1800 frames so far
[2023-12-13 10:11:05,178] [INFO    ] [MainThread    ] All child processes appear to have finished! Exiting infinite loop...
[2023-12-13 10:11:05,178] [INFO    ] [MainThread    ] Joining ReaderThread
[2023-12-13 10:11:05,178] [INFO    ] [MainThread    ] Joining MotionThread
[2023-12-13 10:11:05,179] [INFO    ] [MainThread    ] Joining WriterThread
[2023-12-13 10:11:05,179] [INFO    ] [MainThread    ] Finished processing at :  2023-12-13 10:11:05.179061
[2023-12-13 10:11:05,179] [INFO    ] [MainThread    ] Finished main() in 41.76 seconds.
[2023-12-14 14:21:57,780] [INFO    ] [MainThread    ] Starting processing at :  2023-12-14 14:21:57.774941
[2023-12-14 14:21:57,780] [INFO    ] [MainThread    ] Running main() with Config:  {'video_source': '/Users/mrat0010/Documents/GitHub/EcoMotionZip/testing/test_videos/Ratnayake2023/cam_7_S_video_20210310_142405.h264.avi', 'output_directory': '/Users/mrat0010/Documents/GitHub/EcoMotionZip/testing', 'record_duration': 60, 'number_of_videos': 1, 'camera_resolution': [1920, 1080], 'camera_fps': 32, 'raspberrypi_camera': False, 'delete_original': False, 'embed_timestamps': False, 'reader_sleep_seconds': 1, 'reader_flush_proportion': 0.9, 'downscale_factor': 16, 'dilate_kernel_size': 128, 'movement_threshold': 40, 'persist_frames': 0, 'full_frame_guarantee': 300, 'video_codec': 'DIVX', 'num_opencv_threads': 10}
[2023-12-14 14:21:57,780] [INFO    ] [MainThread    ] Outputting to Outputting to /Users/mrat0010/Documents/GitHub/EcoMotionZip/testing/EcoMotionZip
[2023-12-14 14:21:57,799] [INFO    ] [MainThread    ] Will sleep 1 seconds if reading queue fills up with 460 frames. This *should not happen* if you're using a live webcam, else the frames are being processed too slowly!
[2023-12-14 14:21:57,799] [INFO    ] [MainThread    ] Dilation kernel downscaled by 16x from 128 to 8
[2023-12-14 14:21:57,800] [INFO    ] [MainThread    ] Will flush buffer to output file every 64 frames
[2023-12-14 14:21:57,800] [INFO    ] [MainThread    ] Starting ReaderThread
[2023-12-14 14:21:57,800] [INFO    ] [MainThread    ] Starting MotionThread
[2023-12-14 14:21:57,800] [INFO    ] [MainThread    ] Starting WriterThread
[2023-12-14 14:22:03,891] [INFO    ] [WriterThread  ] Written 50 frames so far
[2023-12-14 14:22:04,213] [INFO    ] [WriterThread  ] Written 100 frames so far
[2023-12-14 14:22:04,506] [INFO    ] [WriterThread  ] Written 150 frames so far
[2023-12-14 14:22:04,799] [INFO    ] [WriterThread  ] Written 200 frames so far
[2023-12-14 14:22:05,111] [INFO    ] [WriterThread  ] Written 250 frames so far
[2023-12-14 14:22:05,423] [INFO    ] [WriterThread  ] Written 300 frames so far
[2023-12-14 14:22:05,921] [INFO    ] [WriterThread  ] Written 350 frames so far
[2023-12-14 14:22:06,626] [INFO    ] [WriterThread  ] Written 400 frames so far
[2023-12-14 14:22:17,176] [INFO    ] [WriterThread  ] Written 450 frames so far
[2023-12-14 14:22:17,548] [INFO    ] [WriterThread  ] Written 500 frames so far
[2023-12-14 14:22:20,585] [INFO    ] [WriterThread  ] Written 550 frames so far
[2023-12-14 14:22:21,947] [INFO    ] [WriterThread  ] Written 600 frames so far
[2023-12-14 14:22:22,556] [INFO    ] [WriterThread  ] Written 650 frames so far
[2023-12-14 14:22:22,889] [INFO    ] [WriterThread  ] Written 700 frames so far
[2023-12-14 14:22:23,753] [INFO    ] [WriterThread  ] Written 750 frames so far
[2023-12-14 14:22:24,315] [INFO    ] [WriterThread  ] Written 800 frames so far
[2023-12-14 14:22:26,194] [INFO    ] [WriterThread  ] Written 850 frames so far
[2023-12-14 14:22:26,523] [INFO    ] [WriterThread  ] Written 900 frames so far
[2023-12-14 14:22:26,807] [INFO    ] [WriterThread  ] Written 950 frames so far
[2023-12-14 14:22:27,266] [INFO    ] [WriterThread  ] Written 1000 frames so far
[2023-12-14 14:22:27,725] [INFO    ] [WriterThread  ] Written 1050 frames so far
[2023-12-14 14:22:28,422] [INFO    ] [WriterThread  ] Written 1100 frames so far
[2023-12-14 14:22:28,731] [INFO    ] [WriterThread  ] Written 1150 frames so far
[2023-12-14 14:22:29,019] [INFO    ] [WriterThread  ] Written 1200 frames so far
[2023-12-14 14:22:30,654] [INFO    ] [WriterThread  ] Written 1250 frames so far
[2023-12-14 14:22:31,179] [INFO    ] [WriterThread  ] Written 1300 frames so far
[2023-12-14 14:22:32,331] [INFO    ] [WriterThread  ] Written 1350 frames so far
[2023-12-14 14:22:32,630] [INFO    ] [WriterThread  ] Written 1400 frames so far
[2023-12-14 14:22:33,499] [INFO    ] [WriterThread  ] Written 1450 frames so far
[2023-12-14 14:22:33,817] [INFO    ] [WriterThread  ] Written 1500 frames so far
[2023-12-14 14:22:34,111] [INFO    ] [WriterThread  ] Written 1550 frames so far
[2023-12-14 14:22:34,416] [INFO    ] [WriterThread  ] Written 1600 frames so far
[2023-12-14 14:22:34,477] [ERROR   ] [MainThread    ] Received KeyboardInterrupt or some kind of Exception. Setting interrupt event and breaking out of infinite loop...
Traceback (most recent call last):
  File "/Users/mrat0010/Documents/GitHub/EcoMotionZip/EcoMotionZip/app.py", line 842, in main
    time.sleep(0.5)
KeyboardInterrupt
[2023-12-14 14:22:34,479] [WARNING ] [MainThread    ] You may have to wait a minute for all child processes to gracefully exit!
[2023-12-14 14:22:34,479] [INFO    ] [MainThread    ] Joining ReaderThread
[2023-12-14 14:22:34,482] [INFO    ] [ReaderThread  ] Received stop signal
[2023-12-14 14:22:34,482] [INFO    ] [ReaderThread  ] Adding None to end of reading queue
[2023-12-14 14:22:34,487] [INFO    ] [MainThread    ] Joining MotionThread
[2023-12-14 14:22:34,487] [INFO    ] [MainThread    ] Joining WriterThread
[2023-12-14 14:22:34,720] [INFO    ] [WriterThread  ] Written 1650 frames so far
[2023-12-14 14:22:34,962] [INFO    ] [MainThread    ] Finished processing at :  2023-12-14 14:22:34.962517
[2023-12-14 14:22:34,962] [INFO    ] [MainThread    ] Finished main() in 37.19 seconds.
[2023-12-15 10:35:39,553] [INFO    ] [MainThread    ] Starting processing at :  2023-12-15 10:35:39.549723
[2023-12-15 10:35:39,553] [INFO    ] [MainThread    ] Running main() with Config:  {'video_source': '/Users/mrat0010/Documents/GitHub/EcoMotionZip/testing/test_videos/Ratnayake2023/cam_7_S_video_20210310_142405.h264.avi', 'output_directory': '/Users/mrat0010/Documents/GitHub/EcoMotionZip/testing', 'record_duration': 60, 'number_of_videos': 1, 'camera_resolution': [1920, 1080], 'camera_fps': 32, 'raspberrypi_camera': False, 'delete_original': False, 'embed_timestamps': True, 'reader_sleep_seconds': 1, 'reader_flush_proportion': 0.9, 'downscale_factor': 16, 'dilate_kernel_size': 128, 'movement_threshold': 40, 'persist_frames': 0, 'full_frame_guarantee': 300, 'video_codec': 'DIVX', 'num_opencv_threads': 10}
[2023-12-15 10:35:39,553] [INFO    ] [MainThread    ] Outputting to Outputting to /Users/mrat0010/Documents/GitHub/EcoMotionZip/testing/EcoMotionZip
[2023-12-15 10:35:39,567] [INFO    ] [MainThread    ] Will sleep 1 seconds if reading queue fills up with 460 frames. This *should not happen* if you're using a live webcam, else the frames are being processed too slowly!
[2023-12-15 10:35:39,567] [INFO    ] [MainThread    ] Dilation kernel downscaled by 16x from 128 to 8
[2023-12-15 10:35:39,567] [INFO    ] [MainThread    ] Will flush buffer to output file every 64 frames
[2023-12-15 10:35:39,567] [INFO    ] [MainThread    ] Starting ReaderThread
[2023-12-15 10:35:39,567] [INFO    ] [MainThread    ] Starting MotionThread
[2023-12-15 10:35:39,567] [INFO    ] [MainThread    ] Starting WriterThread
[2023-12-15 10:35:45,672] [INFO    ] [WriterThread  ] Written 50 frames so far
[2023-12-15 10:35:46,006] [INFO    ] [WriterThread  ] Written 100 frames so far
[2023-12-15 10:35:46,319] [INFO    ] [WriterThread  ] Written 150 frames so far
[2023-12-15 10:35:46,609] [INFO    ] [WriterThread  ] Written 200 frames so far
[2023-12-15 10:35:46,927] [INFO    ] [WriterThread  ] Written 250 frames so far
[2023-12-15 10:35:47,257] [INFO    ] [WriterThread  ] Written 300 frames so far
[2023-12-15 10:35:47,691] [INFO    ] [WriterThread  ] Written 350 frames so far
[2023-12-15 10:35:48,340] [INFO    ] [WriterThread  ] Written 400 frames so far
[2023-12-15 10:35:58,921] [INFO    ] [WriterThread  ] Written 450 frames so far
[2023-12-15 10:35:59,308] [INFO    ] [WriterThread  ] Written 500 frames so far
[2023-12-15 10:36:02,358] [INFO    ] [WriterThread  ] Written 550 frames so far
[2023-12-15 10:36:03,731] [INFO    ] [WriterThread  ] Written 600 frames so far
[2023-12-15 10:36:04,283] [INFO    ] [WriterThread  ] Written 650 frames so far
[2023-12-15 10:36:04,624] [INFO    ] [WriterThread  ] Written 700 frames so far
[2023-12-15 10:36:05,480] [INFO    ] [WriterThread  ] Written 750 frames so far
[2023-12-15 10:36:05,998] [INFO    ] [WriterThread  ] Written 800 frames so far
[2023-12-15 10:36:07,897] [INFO    ] [WriterThread  ] Written 850 frames so far
[2023-12-15 10:36:08,242] [INFO    ] [WriterThread  ] Written 900 frames so far
[2023-12-15 10:36:08,544] [INFO    ] [WriterThread  ] Written 950 frames so far
[2023-12-15 10:36:08,922] [INFO    ] [WriterThread  ] Written 1000 frames so far
[2023-12-15 10:36:09,387] [INFO    ] [WriterThread  ] Written 1050 frames so far
[2023-12-15 10:36:10,067] [INFO    ] [WriterThread  ] Written 1100 frames so far
[2023-12-15 10:36:10,379] [INFO    ] [WriterThread  ] Written 1150 frames so far
[2023-12-15 10:36:10,676] [INFO    ] [WriterThread  ] Written 1200 frames so far
[2023-12-15 10:36:12,404] [INFO    ] [WriterThread  ] Written 1250 frames so far
[2023-12-15 10:36:12,915] [INFO    ] [WriterThread  ] Written 1300 frames so far
[2023-12-15 10:36:14,025] [INFO    ] [WriterThread  ] Written 1350 frames so far
[2023-12-15 10:36:14,328] [INFO    ] [WriterThread  ] Written 1400 frames so far
[2023-12-15 10:36:15,172] [INFO    ] [WriterThread  ] Written 1450 frames so far
[2023-12-15 10:36:15,489] [INFO    ] [WriterThread  ] Written 1500 frames so far
[2023-12-15 10:36:15,794] [INFO    ] [WriterThread  ] Written 1550 frames so far
[2023-12-15 10:36:16,096] [INFO    ] [WriterThread  ] Written 1600 frames so far
[2023-12-15 10:36:16,401] [INFO    ] [WriterThread  ] Written 1650 frames so far
[2023-12-15 10:36:16,709] [INFO    ] [WriterThread  ] Written 1700 frames so far
[2023-12-15 10:36:20,990] [INFO    ] [WriterThread  ] Written 1750 frames so far
[2023-12-15 10:36:22,927] [INFO    ] [ReaderThread  ] Adding None to end of reading queue
[2023-12-15 10:36:22,984] [INFO    ] [WriterThread  ] Written 1800 frames so far
[2023-12-15 10:36:23,295] [INFO    ] [MainThread    ] All child processes appear to have finished! Exiting infinite loop...
[2023-12-15 10:36:23,295] [INFO    ] [MainThread    ] Joining ReaderThread
[2023-12-15 10:36:23,295] [INFO    ] [MainThread    ] Joining MotionThread
[2023-12-15 10:36:23,295] [INFO    ] [MainThread    ] Joining WriterThread
[2023-12-15 10:36:23,295] [INFO    ] [MainThread    ] Finished processing at :  2023-12-15 10:36:23.295379
[2023-12-15 10:36:23,295] [INFO    ] [MainThread    ] Finished main() in 43.75 seconds.
