[2023-11-30 17:12:49,863] [INFO    ] [MainThread    ] Starting processing at :  2023-11-30 17:12:49.862360
[2023-11-30 17:12:49,863] [INFO    ] [MainThread    ] Running main() with Config:  {'video_source': '/home/pi-cam6/EcoMotionZip/testing/test_videos/Naqvi2022/08040046.avi', 'output_directory': './testing', 'record_duration': 60, 'number_of_videos': 1, 'camera_resolution': [1920, 1080], 'camera_fps': 32, 'raspberrypi_camera': False, 'delete_original': False, 'reader_sleep_seconds': 1, 'reader_flush_proportion': 0.9, 'downscale_factor': 16, 'dilate_kernel_size': 128, 'movement_threshold': 40, 'persist_frames': 0, 'full_frame_guarantee': 300, 'video_codec': 'X264', 'num_opencv_threads': 10}
[2023-11-30 17:12:49,864] [INFO    ] [MainThread    ] Outputting to Outputting to testing/EcoMotionZip
[2023-11-30 17:12:50,233] [INFO    ] [MainThread    ] Will sleep 1 seconds if reading queue fills up with 460 frames. This *should not happen* if you're using a live webcam, else the frames are being processed too slowly!
[2023-11-30 17:12:50,234] [INFO    ] [MainThread    ] Dilation kernel downscaled by 16x from 128 to 8
[2023-11-30 17:12:50,237] [INFO    ] [MainThread    ] Will flush buffer to output file every 64 frames
[2023-11-30 17:12:50,237] [INFO    ] [MainThread    ] Starting ReaderThread
[2023-11-30 17:12:50,237] [INFO    ] [MainThread    ] Starting MotionThread
[2023-11-30 17:12:50,238] [INFO    ] [MainThread    ] Starting WriterThread
[2023-11-30 17:12:58,218] [INFO    ] [WriterThread  ] Written 50 frames so far
[2023-11-30 17:13:08,014] [INFO    ] [WriterThread  ] Written 100 frames so far
[2023-11-30 17:13:14,802] [INFO    ] [WriterThread  ] Written 150 frames so far
[2023-11-30 17:13:21,513] [INFO    ] [WriterThread  ] Written 200 frames so far
[2023-11-30 17:13:29,490] [INFO    ] [WriterThread  ] Written 250 frames so far
[2023-11-30 17:13:36,945] [INFO    ] [WriterThread  ] Written 300 frames so far
[2023-11-30 17:13:45,181] [INFO    ] [WriterThread  ] Written 350 frames so far
[2023-11-30 17:13:53,358] [INFO    ] [WriterThread  ] Written 400 frames so far
[2023-11-30 17:14:01,172] [INFO    ] [WriterThread  ] Written 450 frames so far
[2023-11-30 17:14:09,046] [INFO    ] [WriterThread  ] Written 500 frames so far
[2023-11-30 17:14:16,505] [INFO    ] [WriterThread  ] Written 550 frames so far
[2023-11-30 17:14:24,072] [INFO    ] [WriterThread  ] Written 600 frames so far
[2023-11-30 17:14:31,843] [INFO    ] [WriterThread  ] Written 650 frames so far
[2023-11-30 17:14:39,093] [INFO    ] [WriterThread  ] Written 700 frames so far
[2023-11-30 17:14:45,770] [INFO    ] [WriterThread  ] Written 750 frames so far
[2023-11-30 17:14:52,263] [INFO    ] [WriterThread  ] Written 800 frames so far
[2023-11-30 17:14:59,435] [INFO    ] [WriterThread  ] Written 850 frames so far
[2023-11-30 17:15:06,312] [INFO    ] [WriterThread  ] Written 900 frames so far
[2023-11-30 17:15:13,680] [INFO    ] [WriterThread  ] Written 950 frames so far
[2023-11-30 17:15:21,379] [INFO    ] [WriterThread  ] Written 1000 frames so far
[2023-11-30 17:15:24,018] [INFO    ] [ReaderThread  ] Adding None to end of reading queue
[2023-11-30 17:15:28,232] [INFO    ] [WriterThread  ] Written 1050 frames so far
[2023-11-30 17:15:34,120] [INFO    ] [WriterThread  ] Written 1100 frames so far
[2023-11-30 17:15:40,066] [INFO    ] [WriterThread  ] Written 1150 frames so far
[2023-11-30 17:15:46,181] [INFO    ] [WriterThread  ] Written 1200 frames so far
[2023-11-30 17:15:52,086] [INFO    ] [WriterThread  ] Written 1250 frames so far
[2023-11-30 17:15:57,858] [INFO    ] [WriterThread  ] Written 1300 frames so far
[2023-11-30 17:16:04,020] [INFO    ] [WriterThread  ] Written 1350 frames so far
[2023-11-30 17:16:10,546] [INFO    ] [WriterThread  ] Written 1400 frames so far
[2023-11-30 17:16:16,717] [INFO    ] [WriterThread  ] Written 1450 frames so far
[2023-11-30 17:16:22,350] [INFO    ] [WriterThread  ] Written 1500 frames so far
[2023-11-30 17:16:27,528] [INFO    ] [WriterThread  ] Written 1550 frames so far
[2023-11-30 17:16:33,389] [INFO    ] [WriterThread  ] Written 1600 frames so far
[2023-11-30 17:16:38,522] [INFO    ] [WriterThread  ] Written 1650 frames so far
[2023-11-30 17:16:43,837] [INFO    ] [WriterThread  ] Written 1700 frames so far
[2023-11-30 17:16:49,084] [INFO    ] [WriterThread  ] Written 1750 frames so far
[2023-11-30 17:16:56,034] [INFO    ] [MainThread    ] All child processes appear to have finished! Exiting infinite loop...
[2023-11-30 17:16:56,034] [INFO    ] [MainThread    ] Joining ReaderThread
[2023-11-30 17:16:56,034] [INFO    ] [MainThread    ] Joining MotionThread
[2023-11-30 17:16:56,034] [INFO    ] [MainThread    ] Joining WriterThread
[2023-11-30 17:16:56,035] [INFO    ] [MainThread    ] Finished processing at :  2023-11-30 17:16:56.034961
[2023-11-30 17:16:56,035] [INFO    ] [MainThread    ] Finished main() in 246.17 seconds.
