[2023-11-30 17:32:56,366] [INFO    ] [MainThread    ] Starting processing at :  2023-11-30 17:32:56.354232
[2023-11-30 17:32:56,366] [INFO    ] [MainThread    ] Running main() with Config:  {'video_source': '/home/pi-cam6/EcoMotionZip/testing/test_videos/Ratnayake2023/cam_4_N_video_20210317_120802.h264.avi', 'output_directory': './testing', 'record_duration': 60, 'number_of_videos': 1, 'camera_resolution': [1920, 1080], 'camera_fps': 32, 'raspberrypi_camera': False, 'delete_original': False, 'reader_sleep_seconds': 1, 'reader_flush_proportion': 0.9, 'downscale_factor': 16, 'dilate_kernel_size': 128, 'movement_threshold': 40, 'persist_frames': 0, 'full_frame_guarantee': 300, 'video_codec': 'XVID', 'num_opencv_threads': 10}
[2023-11-30 17:32:56,366] [INFO    ] [MainThread    ] Outputting to Outputting to testing/EcoMotionZip
[2023-11-30 17:32:56,400] [INFO    ] [MainThread    ] Will sleep 1 seconds if reading queue fills up with 460 frames. This *should not happen* if you're using a live webcam, else the frames are being processed too slowly!
[2023-11-30 17:32:56,400] [INFO    ] [MainThread    ] Dilation kernel downscaled by 16x from 128 to 8
[2023-11-30 17:32:56,401] [INFO    ] [MainThread    ] Will flush buffer to output file every 64 frames
[2023-11-30 17:32:56,401] [INFO    ] [MainThread    ] Starting ReaderThread
[2023-11-30 17:32:56,402] [INFO    ] [MainThread    ] Starting MotionThread
[2023-11-30 17:32:56,403] [INFO    ] [MainThread    ] Starting WriterThread
[2023-11-30 17:33:03,226] [INFO    ] [WriterThread  ] Written 50 frames so far
[2023-11-30 17:33:19,398] [INFO    ] [WriterThread  ] Written 100 frames so far
[2023-11-30 17:34:22,560] [INFO    ] [WriterThread  ] Written 150 frames so far
[2023-11-30 17:34:31,669] [INFO    ] [WriterThread  ] Written 200 frames so far
[2023-11-30 17:34:35,168] [INFO    ] [WriterThread  ] Written 250 frames so far
[2023-11-30 17:35:41,199] [INFO    ] [WriterThread  ] Written 300 frames so far
[2023-11-30 17:36:38,407] [INFO    ] [WriterThread  ] Written 350 frames so far
[2023-11-30 17:36:58,458] [INFO    ] [WriterThread  ] Written 400 frames so far
[2023-11-30 17:37:01,962] [INFO    ] [WriterThread  ] Written 450 frames so far
[2023-11-30 17:37:05,664] [INFO    ] [WriterThread  ] Written 500 frames so far
[2023-11-30 17:37:09,229] [INFO    ] [WriterThread  ] Written 550 frames so far
[2023-11-30 17:37:18,185] [INFO    ] [WriterThread  ] Written 600 frames so far
[2023-11-30 17:37:21,826] [INFO    ] [WriterThread  ] Written 650 frames so far
[2023-11-30 17:37:25,745] [INFO    ] [WriterThread  ] Written 700 frames so far
[2023-11-30 17:37:36,919] [INFO    ] [ReaderThread  ] Adding None to end of reading queue
[2023-11-30 17:37:38,426] [INFO    ] [WriterThread  ] Written 750 frames so far
[2023-11-30 17:37:38,810] [INFO    ] [MainThread    ] All child processes appear to have finished! Exiting infinite loop...
[2023-11-30 17:37:38,810] [INFO    ] [MainThread    ] Joining ReaderThread
[2023-11-30 17:37:38,811] [INFO    ] [MainThread    ] Joining MotionThread
[2023-11-30 17:37:38,811] [INFO    ] [MainThread    ] Joining WriterThread
[2023-11-30 17:37:38,811] [INFO    ] [MainThread    ] Finished processing at :  2023-11-30 17:37:38.811278
[2023-11-30 17:37:38,811] [INFO    ] [MainThread    ] Finished main() in 282.46 seconds.
