[2023-11-28 09:35:35,552] [INFO    ] [MainThread    ] Starting processing at :  2023-11-28 09:35:35.546700
[2023-11-28 09:35:35,552] [INFO    ] [MainThread    ] Running main() with Config:  {'video_source': '/Users/mrat0010/Documents/Edge_Processing/For_lex_code/video_1A.avi', 'output_directory': '', 'reader_sleep_seconds': 1, 'reader_flush_proportion': 0.9, 'downscale_factor': 18, 'dilate_kernel_size': 128, 'movement_threshold': 40, 'persist_frames': 0, 'full_frame_guarantee': 300, 'video_codec': 'XVID', 'num_opencv_threads': 10}
[2023-11-28 09:35:35,552] [INFO    ] [MainThread    ] Outputting to EcoMotionZip/video_1A/video_1A.avi
[2023-11-28 09:35:35,568] [INFO    ] [MainThread    ] Will sleep 1 seconds if reading queue fills up with 460 frames. This *should not happen* if you're using a live webcam, else the frames are being processed too slowly!
[2023-11-28 09:35:35,569] [INFO    ] [MainThread    ] Dilation kernel downscaled by 18x from 128 to 7
[2023-11-28 09:35:35,569] [INFO    ] [MainThread    ] Will flush buffer to output file every 64 frames
[2023-11-28 09:35:35,569] [INFO    ] [MainThread    ] Starting ReaderThread
[2023-11-28 09:35:35,569] [INFO    ] [MainThread    ] Starting MotionThread
[2023-11-28 09:35:35,569] [INFO    ] [MainThread    ] Starting WriterThread
[2023-11-28 09:35:38,675] [ERROR   ] [MainThread    ] Received KeyboardInterrupt or some kind of Exception. Setting interrupt event and breaking out of infinite loop...
Traceback (most recent call last):
  File "/Users/mrat0010/Documents/GitHub/EcoMotionZip/EcoMotionZip/app.py", line 676, in main
    time.sleep(0.5)
KeyboardInterrupt
[2023-11-28 09:35:38,675] [WARNING ] [MainThread    ] You may have to wait a minute for all child processes to gracefully exit!
[2023-11-28 09:35:38,675] [INFO    ] [MainThread    ] Joining ReaderThread
[2023-11-28 09:35:38,676] [INFO    ] [ReaderThread  ] Received stop signal
[2023-11-28 09:35:38,676] [INFO    ] [ReaderThread  ] Adding None to end of reading queue
[2023-11-28 09:35:38,679] [INFO    ] [MainThread    ] Joining MotionThread
[2023-11-28 09:35:38,679] [INFO    ] [MainThread    ] Joining WriterThread
[2023-11-28 09:35:38,778] [INFO    ] [MainThread    ] Finished processing at :  2023-11-28 09:35:38.778742
[2023-11-28 09:35:38,778] [INFO    ] [MainThread    ] Finished main() in 3.23 seconds.
[2023-11-28 09:35:58,501] [INFO    ] [MainThread    ] Starting processing at :  2023-11-28 09:35:58.500830
[2023-11-28 09:35:58,501] [INFO    ] [MainThread    ] Running main() with Config:  {'video_source': '/Users/mrat0010/Documents/Edge_Processing/For_lex_code/video_1A.avi', 'output_directory': '', 'reader_sleep_seconds': 1, 'reader_flush_proportion': 0.9, 'downscale_factor': 16, 'dilate_kernel_size': 128, 'movement_threshold': 40, 'persist_frames': 0, 'full_frame_guarantee': 300, 'video_codec': 'XVID', 'num_opencv_threads': 10}
[2023-11-28 09:35:58,501] [INFO    ] [MainThread    ] Outputting to EcoMotionZip/video_1A/video_1A.avi
[2023-11-28 09:35:58,503] [INFO    ] [MainThread    ] Will sleep 1 seconds if reading queue fills up with 460 frames. This *should not happen* if you're using a live webcam, else the frames are being processed too slowly!
[2023-11-28 09:35:58,503] [INFO    ] [MainThread    ] Dilation kernel downscaled by 16x from 128 to 8
[2023-11-28 09:35:58,503] [INFO    ] [MainThread    ] Will flush buffer to output file every 64 frames
[2023-11-28 09:35:58,503] [INFO    ] [MainThread    ] Starting ReaderThread
[2023-11-28 09:35:58,503] [INFO    ] [MainThread    ] Starting MotionThread
[2023-11-28 09:35:58,504] [INFO    ] [MainThread    ] Starting WriterThread
[2023-11-28 09:36:01,200] [ERROR   ] [MainThread    ] Received KeyboardInterrupt or some kind of Exception. Setting interrupt event and breaking out of infinite loop...
Traceback (most recent call last):
  File "/Users/mrat0010/Documents/GitHub/EcoMotionZip/EcoMotionZip/app.py", line 676, in main
    time.sleep(0.5)
KeyboardInterrupt
[2023-11-28 09:36:01,201] [WARNING ] [MainThread    ] You may have to wait a minute for all child processes to gracefully exit!
[2023-11-28 09:36:01,201] [INFO    ] [MainThread    ] Joining ReaderThread
[2023-11-28 09:36:01,202] [INFO    ] [ReaderThread  ] Received stop signal
[2023-11-28 09:36:01,202] [INFO    ] [ReaderThread  ] Adding None to end of reading queue
[2023-11-28 09:36:01,205] [INFO    ] [MainThread    ] Joining MotionThread
[2023-11-28 09:36:01,205] [INFO    ] [MainThread    ] Joining WriterThread
[2023-11-28 09:36:01,205] [INFO    ] [MainThread    ] Finished processing at :  2023-11-28 09:36:01.205903
[2023-11-28 09:36:01,205] [INFO    ] [MainThread    ] Finished main() in 2.71 seconds.
[2023-11-28 09:38:16,844] [INFO    ] [MainThread    ] Starting processing at :  2023-11-28 09:38:16.843549
[2023-11-28 09:38:16,844] [INFO    ] [MainThread    ] Running main() with Config:  {'video_source': '/Users/mrat0010/Documents/Edge_Processing/For_lex_code/video_1A.avi', 'output_directory': '', 'reader_sleep_seconds': 1, 'reader_flush_proportion': 0.9, 'downscale_factor': 16, 'dilate_kernel_size': 128, 'movement_threshold': 40, 'persist_frames': 0, 'full_frame_guarantee': 300, 'video_codec': 'XVID', 'num_opencv_threads': 10}
[2023-11-28 09:38:16,844] [INFO    ] [MainThread    ] Outputting to EcoMotionZip/video_1A/video_1A.avi
[2023-11-28 09:38:16,845] [INFO    ] [MainThread    ] Will sleep 1 seconds if reading queue fills up with 460 frames. This *should not happen* if you're using a live webcam, else the frames are being processed too slowly!
[2023-11-28 09:38:16,846] [INFO    ] [MainThread    ] Dilation kernel downscaled by 16x from 128 to 8
[2023-11-28 09:38:16,846] [INFO    ] [MainThread    ] Will flush buffer to output file every 64 frames
[2023-11-28 09:38:16,846] [INFO    ] [MainThread    ] Starting ReaderThread
[2023-11-28 09:38:16,847] [INFO    ] [MainThread    ] Starting MotionThread
[2023-11-28 09:38:16,854] [INFO    ] [MainThread    ] Starting WriterThread
[2023-11-28 09:38:26,470] [INFO    ] [WriterThread  ] Written 50 frames so far
[2023-11-28 09:38:28,326] [INFO    ] [WriterThread  ] Written 100 frames so far
[2023-11-28 09:38:28,856] [INFO    ] [WriterThread  ] Written 150 frames so far
[2023-11-28 09:38:29,489] [INFO    ] [WriterThread  ] Written 200 frames so far
[2023-11-28 09:38:29,788] [INFO    ] [WriterThread  ] Written 250 frames so far
[2023-11-28 09:38:30,552] [INFO    ] [WriterThread  ] Written 300 frames so far
[2023-11-28 09:38:30,835] [INFO    ] [WriterThread  ] Written 350 frames so far
[2023-11-28 09:38:31,130] [INFO    ] [WriterThread  ] Written 400 frames so far
[2023-11-28 09:38:37,832] [INFO    ] [ReaderThread  ] Adding None to end of reading queue
[2023-11-28 09:38:37,858] [INFO    ] [WriterThread  ] Written 450 frames so far
[2023-11-28 09:38:38,211] [INFO    ] [WriterThread  ] Written 500 frames so far
[2023-11-28 09:38:38,492] [INFO    ] [MainThread    ] All child processes appear to have finished! Exiting infinite loop...
[2023-11-28 09:38:38,492] [INFO    ] [MainThread    ] Joining ReaderThread
[2023-11-28 09:38:38,492] [INFO    ] [MainThread    ] Joining MotionThread
[2023-11-28 09:38:38,492] [INFO    ] [MainThread    ] Joining WriterThread
[2023-11-28 09:38:38,492] [INFO    ] [MainThread    ] Finished processing at :  2023-11-28 09:38:38.492960
[2023-11-28 09:38:38,493] [INFO    ] [MainThread    ] Finished main() in 21.65 seconds.
