[2023-12-13 10:13:05,812] [INFO    ] [MainThread    ] Starting processing at :  2023-12-13 10:13:05.811599
[2023-12-13 10:13:05,812] [INFO    ] [MainThread    ] Running main() with Config:  {'video_source': '/Users/mrat0010/Documents/GitHub/EcoMotionZip/testing/test_videos/Ratnayake2023/cam_4_N_video_20210309_132604.h264.avi', 'output_directory': '/Users/mrat0010/Documents/GitHub/EcoMotionZip/testing', 'record_duration': 60, 'number_of_videos': 1, 'camera_resolution': [1920, 1080], 'camera_fps': 32, 'raspberrypi_camera': False, 'delete_original': False, 'embed_timestamps': True, 'reader_sleep_seconds': 1, 'reader_flush_proportion': 0.9, 'downscale_factor': 16, 'dilate_kernel_size': 128, 'movement_threshold': 40, 'persist_frames': 0, 'full_frame_guarantee': 300, 'video_codec': 'X264', 'num_opencv_threads': 10}
[2023-12-13 10:13:05,812] [INFO    ] [MainThread    ] Outputting to Outputting to /Users/mrat0010/Documents/GitHub/EcoMotionZip/testing/EcoMotionZip
[2023-12-13 10:13:05,817] [INFO    ] [MainThread    ] Will sleep 1 seconds if reading queue fills up with 460 frames. This *should not happen* if you're using a live webcam, else the frames are being processed too slowly!
[2023-12-13 10:13:05,817] [INFO    ] [MainThread    ] Dilation kernel downscaled by 16x from 128 to 8
[2023-12-13 10:13:05,817] [INFO    ] [MainThread    ] Will flush buffer to output file every 64 frames
[2023-12-13 10:13:05,817] [INFO    ] [MainThread    ] Starting ReaderThread
[2023-12-13 10:13:05,817] [INFO    ] [MainThread    ] Starting MotionThread
[2023-12-13 10:13:05,817] [INFO    ] [MainThread    ] Starting WriterThread
[2023-12-13 10:13:18,870] [INFO    ] [WriterThread  ] Written 50 frames so far
[2023-12-13 10:13:30,681] [INFO    ] [WriterThread  ] Written 100 frames so far
[2023-12-13 10:13:31,861] [INFO    ] [WriterThread  ] Written 150 frames so far
[2023-12-13 10:13:39,764] [INFO    ] [WriterThread  ] Written 200 frames so far
[2023-12-13 10:13:39,956] [INFO    ] [WriterThread  ] Written 250 frames so far
[2023-12-13 10:13:40,907] [INFO    ] [WriterThread  ] Written 300 frames so far
[2023-12-13 10:13:44,021] [INFO    ] [WriterThread  ] Written 350 frames so far
[2023-12-13 10:13:44,885] [INFO    ] [WriterThread  ] Written 400 frames so far
[2023-12-13 10:13:45,661] [INFO    ] [WriterThread  ] Written 450 frames so far
[2023-12-13 10:13:45,918] [INFO    ] [WriterThread  ] Written 500 frames so far
[2023-12-13 10:13:47,070] [INFO    ] [ReaderThread  ] Adding None to end of reading queue
[2023-12-13 10:13:47,194] [INFO    ] [WriterThread  ] Written 550 frames so far
[2023-12-13 10:13:48,016] [INFO    ] [MainThread    ] All child processes appear to have finished! Exiting infinite loop...
[2023-12-13 10:13:48,017] [INFO    ] [MainThread    ] Joining ReaderThread
[2023-12-13 10:13:48,017] [INFO    ] [MainThread    ] Joining MotionThread
[2023-12-13 10:13:48,017] [INFO    ] [MainThread    ] Joining WriterThread
[2023-12-13 10:13:48,017] [INFO    ] [MainThread    ] Finished processing at :  2023-12-13 10:13:48.017777
[2023-12-13 10:13:48,018] [INFO    ] [MainThread    ] Finished main() in 42.21 seconds.
[2023-12-15 10:38:31,433] [INFO    ] [MainThread    ] Starting processing at :  2023-12-15 10:38:31.432806
[2023-12-15 10:38:31,434] [INFO    ] [MainThread    ] Running main() with Config:  {'video_source': '/Users/mrat0010/Documents/GitHub/EcoMotionZip/testing/test_videos/Ratnayake2023/cam_4_N_video_20210309_132604.h264.avi', 'output_directory': '/Users/mrat0010/Documents/GitHub/EcoMotionZip/testing', 'record_duration': 60, 'number_of_videos': 1, 'camera_resolution': [1920, 1080], 'camera_fps': 32, 'raspberrypi_camera': False, 'delete_original': False, 'embed_timestamps': True, 'reader_sleep_seconds': 1, 'reader_flush_proportion': 0.9, 'downscale_factor': 16, 'dilate_kernel_size': 128, 'movement_threshold': 40, 'persist_frames': 0, 'full_frame_guarantee': 300, 'video_codec': 'DIVX', 'num_opencv_threads': 10}
[2023-12-15 10:38:31,434] [INFO    ] [MainThread    ] Outputting to Outputting to /Users/mrat0010/Documents/GitHub/EcoMotionZip/testing/EcoMotionZip
[2023-12-15 10:38:31,440] [INFO    ] [MainThread    ] Will sleep 1 seconds if reading queue fills up with 460 frames. This *should not happen* if you're using a live webcam, else the frames are being processed too slowly!
[2023-12-15 10:38:31,440] [INFO    ] [MainThread    ] Dilation kernel downscaled by 16x from 128 to 8
[2023-12-15 10:38:31,440] [INFO    ] [MainThread    ] Will flush buffer to output file every 64 frames
[2023-12-15 10:38:31,440] [INFO    ] [MainThread    ] Starting ReaderThread
[2023-12-15 10:38:31,440] [INFO    ] [MainThread    ] Starting MotionThread
[2023-12-15 10:38:31,440] [INFO    ] [MainThread    ] Starting WriterThread
[2023-12-15 10:38:44,425] [INFO    ] [WriterThread  ] Written 50 frames so far
[2023-12-15 10:38:56,497] [INFO    ] [WriterThread  ] Written 100 frames so far
[2023-12-15 10:38:57,560] [INFO    ] [WriterThread  ] Written 150 frames so far
[2023-12-15 10:39:05,692] [INFO    ] [WriterThread  ] Written 200 frames so far
[2023-12-15 10:39:06,031] [INFO    ] [WriterThread  ] Written 250 frames so far
[2023-12-15 10:39:06,765] [INFO    ] [WriterThread  ] Written 300 frames so far
[2023-12-15 10:39:09,922] [INFO    ] [WriterThread  ] Written 350 frames so far
[2023-12-15 10:39:10,701] [INFO    ] [WriterThread  ] Written 400 frames so far
[2023-12-15 10:39:11,463] [INFO    ] [WriterThread  ] Written 450 frames so far
[2023-12-15 10:39:11,762] [INFO    ] [WriterThread  ] Written 500 frames so far
[2023-12-15 10:39:12,942] [INFO    ] [ReaderThread  ] Adding None to end of reading queue
[2023-12-15 10:39:13,188] [INFO    ] [WriterThread  ] Written 550 frames so far
[2023-12-15 10:39:13,647] [INFO    ] [MainThread    ] All child processes appear to have finished! Exiting infinite loop...
[2023-12-15 10:39:13,647] [INFO    ] [MainThread    ] Joining ReaderThread
[2023-12-15 10:39:13,648] [INFO    ] [MainThread    ] Joining MotionThread
[2023-12-15 10:39:13,648] [INFO    ] [MainThread    ] Joining WriterThread
[2023-12-15 10:39:13,648] [INFO    ] [MainThread    ] Finished processing at :  2023-12-15 10:39:13.648166
[2023-12-15 10:39:13,648] [INFO    ] [MainThread    ] Finished main() in 42.22 seconds.
