[2023-12-13 10:23:18,384] [INFO    ] [MainThread    ] Starting processing at :  2023-12-13 10:23:18.383443
[2023-12-13 10:23:18,384] [INFO    ] [MainThread    ] Running main() with Config:  {'video_source': '/Users/mrat0010/Documents/GitHub/EcoMotionZip/testing/test_videos/JamesCook/00025.MTS', 'output_directory': '/Users/mrat0010/Documents/GitHub/EcoMotionZip/testing', 'record_duration': 60, 'number_of_videos': 1, 'camera_resolution': [1920, 1080], 'camera_fps': 32, 'raspberrypi_camera': False, 'delete_original': False, 'embed_timestamps': True, 'reader_sleep_seconds': 1, 'reader_flush_proportion': 0.9, 'downscale_factor': 16, 'dilate_kernel_size': 128, 'movement_threshold': 40, 'persist_frames': 0, 'full_frame_guarantee': 300, 'video_codec': 'X264', 'num_opencv_threads': 10}
[2023-12-13 10:23:18,384] [INFO    ] [MainThread    ] Outputting to Outputting to /Users/mrat0010/Documents/GitHub/EcoMotionZip/testing/EcoMotionZip
[2023-12-13 10:23:18,428] [INFO    ] [MainThread    ] Will sleep 1 seconds if reading queue fills up with 460 frames. This *should not happen* if you're using a live webcam, else the frames are being processed too slowly!
[2023-12-13 10:23:18,428] [INFO    ] [MainThread    ] Dilation kernel downscaled by 16x from 128 to 8
[2023-12-13 10:23:18,428] [INFO    ] [MainThread    ] Will flush buffer to output file every 64 frames
[2023-12-13 10:23:18,428] [INFO    ] [MainThread    ] Starting ReaderThread
[2023-12-13 10:23:18,428] [INFO    ] [MainThread    ] Starting MotionThread
[2023-12-13 10:23:18,429] [INFO    ] [MainThread    ] Starting WriterThread
[2023-12-13 10:23:19,243] [INFO    ] [WriterThread  ] Written 50 frames so far
[2023-12-13 10:23:19,552] [INFO    ] [WriterThread  ] Written 100 frames so far
[2023-12-13 10:23:19,959] [INFO    ] [WriterThread  ] Written 150 frames so far
[2023-12-13 10:23:20,343] [INFO    ] [WriterThread  ] Written 200 frames so far
[2023-12-13 10:23:20,653] [INFO    ] [WriterThread  ] Written 250 frames so far
[2023-12-13 10:23:20,981] [INFO    ] [WriterThread  ] Written 300 frames so far
[2023-12-13 10:23:21,242] [INFO    ] [WriterThread  ] Written 350 frames so far
[2023-12-13 10:23:21,598] [INFO    ] [WriterThread  ] Written 400 frames so far
[2023-12-13 10:23:21,920] [INFO    ] [WriterThread  ] Written 450 frames so far
[2023-12-13 10:23:22,180] [INFO    ] [WriterThread  ] Written 500 frames so far
[2023-12-13 10:23:22,459] [INFO    ] [WriterThread  ] Written 550 frames so far
[2023-12-13 10:23:22,757] [INFO    ] [WriterThread  ] Written 600 frames so far
[2023-12-13 10:23:23,028] [INFO    ] [WriterThread  ] Written 650 frames so far
[2023-12-13 10:23:23,292] [INFO    ] [WriterThread  ] Written 700 frames so far
[2023-12-13 10:23:23,569] [INFO    ] [WriterThread  ] Written 750 frames so far
[2023-12-13 10:23:23,840] [INFO    ] [WriterThread  ] Written 800 frames so far
[2023-12-13 10:23:24,156] [INFO    ] [WriterThread  ] Written 850 frames so far
[2023-12-13 10:23:24,392] [INFO    ] [WriterThread  ] Written 900 frames so far
[2023-12-13 10:23:24,634] [INFO    ] [WriterThread  ] Written 950 frames so far
[2023-12-13 10:23:25,068] [INFO    ] [WriterThread  ] Written 1000 frames so far
[2023-12-13 10:23:25,359] [INFO    ] [WriterThread  ] Written 1050 frames so far
[2023-12-13 10:23:25,605] [INFO    ] [WriterThread  ] Written 1100 frames so far
[2023-12-13 10:23:25,902] [INFO    ] [WriterThread  ] Written 1150 frames so far
[2023-12-13 10:23:26,230] [INFO    ] [WriterThread  ] Written 1200 frames so far
[2023-12-13 10:23:26,568] [INFO    ] [WriterThread  ] Written 1250 frames so far
[2023-12-13 10:23:26,987] [INFO    ] [WriterThread  ] Written 1300 frames so far
[2023-12-13 10:23:27,350] [INFO    ] [WriterThread  ] Written 1350 frames so far
[2023-12-13 10:23:27,714] [INFO    ] [WriterThread  ] Written 1400 frames so far
[2023-12-13 10:23:28,091] [INFO    ] [WriterThread  ] Written 1450 frames so far
[2023-12-13 10:23:28,506] [INFO    ] [WriterThread  ] Written 1500 frames so far
[2023-12-13 10:23:28,974] [INFO    ] [WriterThread  ] Written 1550 frames so far
[2023-12-13 10:23:29,419] [INFO    ] [WriterThread  ] Written 1600 frames so far
[2023-12-13 10:23:29,822] [INFO    ] [WriterThread  ] Written 1650 frames so far
[2023-12-13 10:23:30,194] [INFO    ] [WriterThread  ] Written 1700 frames so far
[2023-12-13 10:23:30,500] [INFO    ] [WriterThread  ] Written 1750 frames so far
[2023-12-13 10:23:30,810] [INFO    ] [WriterThread  ] Written 1800 frames so far
[2023-12-13 10:23:31,086] [INFO    ] [WriterThread  ] Written 1850 frames so far
[2023-12-13 10:23:31,369] [INFO    ] [WriterThread  ] Written 1900 frames so far
[2023-12-13 10:23:31,640] [INFO    ] [WriterThread  ] Written 1950 frames so far
[2023-12-13 10:23:31,951] [INFO    ] [WriterThread  ] Written 2000 frames so far
[2023-12-13 10:23:32,212] [INFO    ] [WriterThread  ] Written 2050 frames so far
[2023-12-13 10:23:32,520] [INFO    ] [WriterThread  ] Written 2100 frames so far
[2023-12-13 10:23:32,818] [INFO    ] [WriterThread  ] Written 2150 frames so far
[2023-12-13 10:23:33,073] [INFO    ] [WriterThread  ] Written 2200 frames so far
[2023-12-13 10:23:33,311] [INFO    ] [WriterThread  ] Written 2250 frames so far
[2023-12-13 10:23:33,615] [INFO    ] [WriterThread  ] Written 2300 frames so far
[2023-12-13 10:23:33,907] [INFO    ] [WriterThread  ] Written 2350 frames so far
[2023-12-13 10:23:34,232] [INFO    ] [WriterThread  ] Written 2400 frames so far
[2023-12-13 10:23:34,619] [INFO    ] [WriterThread  ] Written 2450 frames so far
[2023-12-13 10:23:34,964] [INFO    ] [WriterThread  ] Written 2500 frames so far
[2023-12-13 10:23:35,282] [INFO    ] [WriterThread  ] Written 2550 frames so far
[2023-12-13 10:23:35,578] [INFO    ] [WriterThread  ] Written 2600 frames so far
[2023-12-13 10:23:35,907] [INFO    ] [WriterThread  ] Written 2650 frames so far
[2023-12-13 10:23:36,236] [INFO    ] [WriterThread  ] Written 2700 frames so far
[2023-12-13 10:23:36,552] [INFO    ] [WriterThread  ] Written 2750 frames so far
[2023-12-13 10:23:36,868] [INFO    ] [WriterThread  ] Written 2800 frames so far
[2023-12-13 10:23:37,309] [INFO    ] [WriterThread  ] Written 2850 frames so far
[2023-12-13 10:23:37,751] [INFO    ] [WriterThread  ] Written 2900 frames so far
[2023-12-13 10:23:38,087] [INFO    ] [WriterThread  ] Written 2950 frames so far
[2023-12-13 10:23:38,433] [INFO    ] [WriterThread  ] Written 3000 frames so far
[2023-12-13 10:23:38,705] [INFO    ] [WriterThread  ] Written 3050 frames so far
[2023-12-13 10:23:38,973] [INFO    ] [WriterThread  ] Written 3100 frames so far
[2023-12-13 10:23:39,310] [INFO    ] [WriterThread  ] Written 3150 frames so far
[2023-12-13 10:23:39,584] [INFO    ] [WriterThread  ] Written 3200 frames so far
[2023-12-13 10:23:39,879] [INFO    ] [WriterThread  ] Written 3250 frames so far
[2023-12-13 10:23:40,206] [INFO    ] [WriterThread  ] Written 3300 frames so far
[2023-12-13 10:23:40,602] [INFO    ] [WriterThread  ] Written 3350 frames so far
[2023-12-13 10:23:41,039] [INFO    ] [WriterThread  ] Written 3400 frames so far
[2023-12-13 10:23:41,449] [INFO    ] [WriterThread  ] Written 3450 frames so far
[2023-12-13 10:23:41,856] [INFO    ] [WriterThread  ] Written 3500 frames so far
[2023-12-13 10:23:42,230] [INFO    ] [WriterThread  ] Written 3550 frames so far
[2023-12-13 10:23:42,592] [INFO    ] [WriterThread  ] Written 3600 frames so far
[2023-12-13 10:23:42,909] [INFO    ] [WriterThread  ] Written 3650 frames so far
[2023-12-13 10:23:43,262] [INFO    ] [WriterThread  ] Written 3700 frames so far
[2023-12-13 10:23:43,583] [INFO    ] [WriterThread  ] Written 3750 frames so far
[2023-12-13 10:23:43,880] [INFO    ] [WriterThread  ] Written 3800 frames so far
[2023-12-13 10:23:44,216] [INFO    ] [WriterThread  ] Written 3850 frames so far
[2023-12-13 10:23:44,505] [INFO    ] [WriterThread  ] Written 3900 frames so far
[2023-12-13 10:23:44,806] [INFO    ] [WriterThread  ] Written 3950 frames so far
[2023-12-13 10:23:45,090] [INFO    ] [WriterThread  ] Written 4000 frames so far
[2023-12-13 10:23:45,426] [INFO    ] [WriterThread  ] Written 4050 frames so far
[2023-12-13 10:23:45,791] [INFO    ] [WriterThread  ] Written 4100 frames so far
[2023-12-13 10:23:46,168] [INFO    ] [WriterThread  ] Written 4150 frames so far
[2023-12-13 10:23:46,553] [INFO    ] [WriterThread  ] Written 4200 frames so far
[2023-12-13 10:23:46,907] [INFO    ] [WriterThread  ] Written 4250 frames so far
[2023-12-13 10:23:47,273] [INFO    ] [WriterThread  ] Written 4300 frames so far
[2023-12-13 10:23:47,638] [INFO    ] [WriterThread  ] Written 4350 frames so far
[2023-12-13 10:23:47,990] [INFO    ] [WriterThread  ] Written 4400 frames so far
[2023-12-13 10:23:48,386] [INFO    ] [WriterThread  ] Written 4450 frames so far
[2023-12-13 10:23:48,781] [INFO    ] [WriterThread  ] Written 4500 frames so far
[2023-12-13 10:23:49,160] [INFO    ] [WriterThread  ] Written 4550 frames so far
[2023-12-13 10:23:49,601] [INFO    ] [WriterThread  ] Written 4600 frames so far
[2023-12-13 10:23:49,962] [INFO    ] [WriterThread  ] Written 4650 frames so far
[2023-12-13 10:23:50,353] [INFO    ] [WriterThread  ] Written 4700 frames so far
[2023-12-13 10:23:50,687] [INFO    ] [WriterThread  ] Written 4750 frames so far
[2023-12-13 10:23:51,037] [INFO    ] [WriterThread  ] Written 4800 frames so far
[2023-12-13 10:23:51,367] [INFO    ] [WriterThread  ] Written 4850 frames so far
[2023-12-13 10:23:51,707] [INFO    ] [WriterThread  ] Written 4900 frames so far
[2023-12-13 10:23:52,026] [INFO    ] [WriterThread  ] Written 4950 frames so far
[2023-12-13 10:23:52,306] [INFO    ] [WriterThread  ] Written 5000 frames so far
[2023-12-13 10:23:52,629] [INFO    ] [WriterThread  ] Written 5050 frames so far
[2023-12-13 10:23:53,007] [INFO    ] [WriterThread  ] Written 5100 frames so far
[2023-12-13 10:23:53,325] [INFO    ] [WriterThread  ] Written 5150 frames so far
[2023-12-13 10:23:53,612] [INFO    ] [WriterThread  ] Written 5200 frames so far
[2023-12-13 10:23:53,914] [INFO    ] [WriterThread  ] Written 5250 frames so far
[2023-12-13 10:23:54,208] [INFO    ] [WriterThread  ] Written 5300 frames so far
[2023-12-13 10:23:54,533] [INFO    ] [WriterThread  ] Written 5350 frames so far
[2023-12-13 10:23:54,861] [INFO    ] [WriterThread  ] Written 5400 frames so far
[2023-12-13 10:23:55,221] [INFO    ] [WriterThread  ] Written 5450 frames so far
[2023-12-13 10:23:55,574] [INFO    ] [WriterThread  ] Written 5500 frames so far
[2023-12-13 10:23:55,956] [INFO    ] [WriterThread  ] Written 5550 frames so far
[2023-12-13 10:23:56,321] [INFO    ] [WriterThread  ] Written 5600 frames so far
[2023-12-13 10:23:56,677] [INFO    ] [WriterThread  ] Written 5650 frames so far
[2023-12-13 10:23:57,047] [INFO    ] [WriterThread  ] Written 5700 frames so far
[2023-12-13 10:23:57,364] [INFO    ] [WriterThread  ] Written 5750 frames so far
[2023-12-13 10:23:57,652] [INFO    ] [WriterThread  ] Written 5800 frames so far
[2023-12-13 10:23:57,942] [INFO    ] [WriterThread  ] Written 5850 frames so far
[2023-12-13 10:23:58,233] [INFO    ] [WriterThread  ] Written 5900 frames so far
[2023-12-13 10:23:58,520] [INFO    ] [WriterThread  ] Written 5950 frames so far
[2023-12-13 10:23:58,908] [INFO    ] [WriterThread  ] Written 6000 frames so far
[2023-12-13 10:23:59,294] [INFO    ] [WriterThread  ] Written 6050 frames so far
[2023-12-13 10:23:59,685] [INFO    ] [WriterThread  ] Written 6100 frames so far
[2023-12-13 10:24:00,101] [INFO    ] [WriterThread  ] Written 6150 frames so far
[2023-12-13 10:24:00,502] [INFO    ] [WriterThread  ] Written 6200 frames so far
[2023-12-13 10:24:00,822] [INFO    ] [WriterThread  ] Written 6250 frames so far
[2023-12-13 10:24:01,121] [INFO    ] [WriterThread  ] Written 6300 frames so far
[2023-12-13 10:24:01,457] [INFO    ] [WriterThread  ] Written 6350 frames so far
[2023-12-13 10:24:01,787] [INFO    ] [WriterThread  ] Written 6400 frames so far
[2023-12-13 10:24:02,115] [INFO    ] [WriterThread  ] Written 6450 frames so far
[2023-12-13 10:24:02,443] [INFO    ] [WriterThread  ] Written 6500 frames so far
[2023-12-13 10:24:02,754] [INFO    ] [WriterThread  ] Written 6550 frames so far
[2023-12-13 10:24:03,106] [INFO    ] [WriterThread  ] Written 6600 frames so far
[2023-12-13 10:24:03,409] [INFO    ] [WriterThread  ] Written 6650 frames so far
[2023-12-13 10:24:03,688] [INFO    ] [WriterThread  ] Written 6700 frames so far
[2023-12-13 10:24:04,002] [INFO    ] [WriterThread  ] Written 6750 frames so far
[2023-12-13 10:24:04,278] [INFO    ] [WriterThread  ] Written 6800 frames so far
[2023-12-13 10:24:04,584] [INFO    ] [WriterThread  ] Written 6850 frames so far
[2023-12-13 10:24:04,883] [INFO    ] [WriterThread  ] Written 6900 frames so far
[2023-12-13 10:24:05,180] [INFO    ] [WriterThread  ] Written 6950 frames so far
[2023-12-13 10:24:05,476] [INFO    ] [WriterThread  ] Written 7000 frames so far
[2023-12-13 10:24:05,800] [INFO    ] [WriterThread  ] Written 7050 frames so far
[2023-12-13 10:24:06,130] [INFO    ] [WriterThread  ] Written 7100 frames so far
[2023-12-13 10:24:06,413] [INFO    ] [WriterThread  ] Written 7150 frames so far
[2023-12-13 10:24:06,709] [INFO    ] [WriterThread  ] Written 7200 frames so far
[2023-12-13 10:24:07,041] [INFO    ] [WriterThread  ] Written 7250 frames so far
[2023-12-13 10:24:07,369] [INFO    ] [WriterThread  ] Written 7300 frames so far
[2023-12-13 10:24:07,659] [INFO    ] [WriterThread  ] Written 7350 frames so far
[2023-12-13 10:24:07,994] [INFO    ] [WriterThread  ] Written 7400 frames so far
[2023-12-13 10:24:08,388] [INFO    ] [WriterThread  ] Written 7450 frames so far
[2023-12-13 10:24:08,742] [INFO    ] [WriterThread  ] Written 7500 frames so far
[2023-12-13 10:24:09,169] [INFO    ] [WriterThread  ] Written 7550 frames so far
[2023-12-13 10:24:09,547] [INFO    ] [WriterThread  ] Written 7600 frames so far
[2023-12-13 10:24:09,878] [INFO    ] [WriterThread  ] Written 7650 frames so far
[2023-12-13 10:24:10,184] [INFO    ] [WriterThread  ] Written 7700 frames so far
[2023-12-13 10:24:10,517] [INFO    ] [WriterThread  ] Written 7750 frames so far
[2023-12-13 10:24:10,834] [INFO    ] [WriterThread  ] Written 7800 frames so far
[2023-12-13 10:24:11,189] [INFO    ] [WriterThread  ] Written 7850 frames so far
[2023-12-13 10:24:11,577] [INFO    ] [WriterThread  ] Written 7900 frames so far
[2023-12-13 10:24:11,974] [INFO    ] [WriterThread  ] Written 7950 frames so far
[2023-12-13 10:24:12,357] [INFO    ] [WriterThread  ] Written 8000 frames so far
[2023-12-13 10:24:12,715] [INFO    ] [WriterThread  ] Written 8050 frames so far
[2023-12-13 10:24:13,029] [INFO    ] [WriterThread  ] Written 8100 frames so far
[2023-12-13 10:24:13,334] [INFO    ] [WriterThread  ] Written 8150 frames so far
[2023-12-13 10:24:13,700] [INFO    ] [WriterThread  ] Written 8200 frames so far
[2023-12-13 10:24:14,013] [INFO    ] [WriterThread  ] Written 8250 frames so far
[2023-12-13 10:24:14,310] [INFO    ] [WriterThread  ] Written 8300 frames so far
[2023-12-13 10:24:14,594] [INFO    ] [WriterThread  ] Written 8350 frames so far
[2023-12-13 10:24:14,901] [INFO    ] [WriterThread  ] Written 8400 frames so far
[2023-12-13 10:24:15,181] [INFO    ] [WriterThread  ] Written 8450 frames so far
[2023-12-13 10:24:15,481] [INFO    ] [WriterThread  ] Written 8500 frames so far
[2023-12-13 10:24:15,754] [INFO    ] [WriterThread  ] Written 8550 frames so far
[2023-12-13 10:24:16,077] [INFO    ] [WriterThread  ] Written 8600 frames so far
[2023-12-13 10:24:16,363] [INFO    ] [WriterThread  ] Written 8650 frames so far
[2023-12-13 10:24:16,705] [INFO    ] [WriterThread  ] Written 8700 frames so far
[2023-12-13 10:24:16,988] [INFO    ] [WriterThread  ] Written 8750 frames so far
[2023-12-13 10:24:17,260] [INFO    ] [WriterThread  ] Written 8800 frames so far
[2023-12-13 10:24:17,522] [INFO    ] [WriterThread  ] Written 8850 frames so far
[2023-12-13 10:24:17,828] [INFO    ] [WriterThread  ] Written 8900 frames so far
[2023-12-13 10:24:18,055] [INFO    ] [WriterThread  ] Written 8950 frames so far
[2023-12-13 10:24:18,294] [INFO    ] [WriterThread  ] Written 9000 frames so far
[2023-12-13 10:24:18,574] [INFO    ] [WriterThread  ] Written 9050 frames so far
[2023-12-13 10:24:18,917] [INFO    ] [WriterThread  ] Written 9100 frames so far
[2023-12-13 10:24:19,212] [INFO    ] [WriterThread  ] Written 9150 frames so far
[2023-12-13 10:24:19,468] [INFO    ] [WriterThread  ] Written 9200 frames so far
[2023-12-13 10:24:19,719] [INFO    ] [WriterThread  ] Written 9250 frames so far
[2023-12-13 10:24:20,003] [INFO    ] [WriterThread  ] Written 9300 frames so far
[2023-12-13 10:24:20,304] [INFO    ] [WriterThread  ] Written 9350 frames so far
[2023-12-13 10:24:20,559] [INFO    ] [WriterThread  ] Written 9400 frames so far
[2023-12-13 10:24:20,832] [INFO    ] [WriterThread  ] Written 9450 frames so far
[2023-12-13 10:24:21,135] [INFO    ] [WriterThread  ] Written 9500 frames so far
[2023-12-13 10:24:21,392] [INFO    ] [WriterThread  ] Written 9550 frames so far
[2023-12-13 10:24:21,656] [INFO    ] [WriterThread  ] Written 9600 frames so far
[2023-12-13 10:24:21,917] [INFO    ] [WriterThread  ] Written 9650 frames so far
[2023-12-13 10:24:22,210] [INFO    ] [WriterThread  ] Written 9700 frames so far
[2023-12-13 10:24:22,509] [INFO    ] [WriterThread  ] Written 9750 frames so far
[2023-12-13 10:24:22,827] [INFO    ] [WriterThread  ] Written 9800 frames so far
[2023-12-13 10:24:23,134] [INFO    ] [WriterThread  ] Written 9850 frames so far
[2023-12-13 10:24:23,380] [INFO    ] [WriterThread  ] Written 9900 frames so far
[2023-12-13 10:24:23,690] [INFO    ] [WriterThread  ] Written 9950 frames so far
[2023-12-13 10:24:23,970] [INFO    ] [WriterThread  ] Written 10000 frames so far
[2023-12-13 10:24:24,290] [INFO    ] [WriterThread  ] Written 10050 frames so far
[2023-12-13 10:24:24,597] [INFO    ] [WriterThread  ] Written 10100 frames so far
[2023-12-13 10:24:24,909] [INFO    ] [WriterThread  ] Written 10150 frames so far
[2023-12-13 10:24:25,288] [INFO    ] [WriterThread  ] Written 10200 frames so far
[2023-12-13 10:24:25,657] [INFO    ] [WriterThread  ] Written 10250 frames so far
[2023-12-13 10:24:25,990] [INFO    ] [WriterThread  ] Written 10300 frames so far
[2023-12-13 10:24:26,294] [INFO    ] [WriterThread  ] Written 10350 frames so far
[2023-12-13 10:24:26,624] [INFO    ] [WriterThread  ] Written 10400 frames so far
[2023-12-13 10:24:26,981] [INFO    ] [WriterThread  ] Written 10450 frames so far
[2023-12-13 10:24:27,259] [INFO    ] [WriterThread  ] Written 10500 frames so far
[2023-12-13 10:24:27,547] [INFO    ] [WriterThread  ] Written 10550 frames so far
[2023-12-13 10:24:27,840] [INFO    ] [WriterThread  ] Written 10600 frames so far
[2023-12-13 10:24:28,133] [INFO    ] [WriterThread  ] Written 10650 frames so far
[2023-12-13 10:24:28,426] [INFO    ] [WriterThread  ] Written 10700 frames so far
[2023-12-13 10:24:28,716] [INFO    ] [WriterThread  ] Written 10750 frames so far
[2023-12-13 10:24:29,006] [INFO    ] [WriterThread  ] Written 10800 frames so far
[2023-12-13 10:24:29,282] [INFO    ] [WriterThread  ] Written 10850 frames so far
[2023-12-13 10:24:29,539] [INFO    ] [WriterThread  ] Written 10900 frames so far
[2023-12-13 10:24:29,792] [INFO    ] [WriterThread  ] Written 10950 frames so far
[2023-12-13 10:24:30,103] [INFO    ] [WriterThread  ] Written 11000 frames so far
[2023-12-13 10:24:30,371] [INFO    ] [WriterThread  ] Written 11050 frames so far
[2023-12-13 10:24:30,655] [INFO    ] [WriterThread  ] Written 11100 frames so far
[2023-12-13 10:24:31,002] [INFO    ] [WriterThread  ] Written 11150 frames so far
[2023-12-13 10:24:31,284] [INFO    ] [WriterThread  ] Written 11200 frames so far
[2023-12-13 10:24:31,640] [INFO    ] [WriterThread  ] Written 11250 frames so far
[2023-12-13 10:24:31,963] [INFO    ] [WriterThread  ] Written 11300 frames so far
[2023-12-13 10:24:32,295] [INFO    ] [WriterThread  ] Written 11350 frames so far
[2023-12-13 10:24:32,620] [INFO    ] [WriterThread  ] Written 11400 frames so far
[2023-12-13 10:24:32,918] [INFO    ] [WriterThread  ] Written 11450 frames so far
[2023-12-13 10:24:33,282] [INFO    ] [WriterThread  ] Written 11500 frames so far
[2023-12-13 10:24:33,626] [INFO    ] [WriterThread  ] Written 11550 frames so far
[2023-12-13 10:24:33,956] [INFO    ] [WriterThread  ] Written 11600 frames so far
[2023-12-13 10:24:34,303] [INFO    ] [WriterThread  ] Written 11650 frames so far
[2023-12-13 10:24:34,596] [INFO    ] [WriterThread  ] Written 11700 frames so far
[2023-12-13 10:24:34,847] [INFO    ] [WriterThread  ] Written 11750 frames so far
[2023-12-13 10:24:35,137] [INFO    ] [WriterThread  ] Written 11800 frames so far
[2023-12-13 10:24:35,391] [INFO    ] [WriterThread  ] Written 11850 frames so far
[2023-12-13 10:24:35,638] [INFO    ] [WriterThread  ] Written 11900 frames so far
[2023-12-13 10:24:35,963] [INFO    ] [WriterThread  ] Written 11950 frames so far
[2023-12-13 10:24:36,236] [INFO    ] [WriterThread  ] Written 12000 frames so far
[2023-12-13 10:24:36,515] [INFO    ] [WriterThread  ] Written 12050 frames so far
[2023-12-13 10:24:36,817] [INFO    ] [WriterThread  ] Written 12100 frames so far
[2023-12-13 10:24:37,227] [INFO    ] [WriterThread  ] Written 12150 frames so far
[2023-12-13 10:24:37,616] [INFO    ] [WriterThread  ] Written 12200 frames so far
[2023-12-13 10:24:38,003] [INFO    ] [WriterThread  ] Written 12250 frames so far
[2023-12-13 10:24:38,385] [INFO    ] [WriterThread  ] Written 12300 frames so far
[2023-12-13 10:24:38,766] [INFO    ] [WriterThread  ] Written 12350 frames so far
[2023-12-13 10:24:39,131] [INFO    ] [WriterThread  ] Written 12400 frames so far
[2023-12-13 10:24:39,420] [INFO    ] [WriterThread  ] Written 12450 frames so far
[2023-12-13 10:24:39,725] [INFO    ] [WriterThread  ] Written 12500 frames so far
[2023-12-13 10:24:40,046] [INFO    ] [WriterThread  ] Written 12550 frames so far
[2023-12-13 10:24:40,339] [INFO    ] [WriterThread  ] Written 12600 frames so far
[2023-12-13 10:24:40,651] [INFO    ] [WriterThread  ] Written 12650 frames so far
[2023-12-13 10:24:40,997] [INFO    ] [WriterThread  ] Written 12700 frames so far
[2023-12-13 10:24:41,354] [INFO    ] [WriterThread  ] Written 12750 frames so far
[2023-12-13 10:24:41,747] [INFO    ] [WriterThread  ] Written 12800 frames so far
[2023-12-13 10:24:42,121] [INFO    ] [WriterThread  ] Written 12850 frames so far
[2023-12-13 10:24:42,466] [INFO    ] [WriterThread  ] Written 12900 frames so far
[2023-12-13 10:24:42,796] [INFO    ] [WriterThread  ] Written 12950 frames so far
[2023-12-13 10:24:43,155] [INFO    ] [WriterThread  ] Written 13000 frames so far
[2023-12-13 10:24:43,517] [INFO    ] [WriterThread  ] Written 13050 frames so far
[2023-12-13 10:24:43,862] [INFO    ] [WriterThread  ] Written 13100 frames so far
[2023-12-13 10:24:44,205] [INFO    ] [WriterThread  ] Written 13150 frames so far
[2023-12-13 10:24:44,550] [INFO    ] [WriterThread  ] Written 13200 frames so far
[2023-12-13 10:24:44,899] [INFO    ] [WriterThread  ] Written 13250 frames so far
[2023-12-13 10:24:45,188] [INFO    ] [WriterThread  ] Written 13300 frames so far
[2023-12-13 10:24:45,523] [INFO    ] [WriterThread  ] Written 13350 frames so far
[2023-12-13 10:24:45,824] [INFO    ] [WriterThread  ] Written 13400 frames so far
[2023-12-13 10:24:46,150] [INFO    ] [WriterThread  ] Written 13450 frames so far
[2023-12-13 10:24:46,481] [INFO    ] [WriterThread  ] Written 13500 frames so far
[2023-12-13 10:24:46,893] [INFO    ] [WriterThread  ] Written 13550 frames so far
[2023-12-13 10:24:47,219] [INFO    ] [WriterThread  ] Written 13600 frames so far
[2023-12-13 10:24:47,537] [INFO    ] [WriterThread  ] Written 13650 frames so far
[2023-12-13 10:24:47,857] [INFO    ] [WriterThread  ] Written 13700 frames so far
[2023-12-13 10:24:48,193] [INFO    ] [WriterThread  ] Written 13750 frames so far
[2023-12-13 10:24:48,535] [INFO    ] [WriterThread  ] Written 13800 frames so far
[2023-12-13 10:24:48,888] [INFO    ] [WriterThread  ] Written 13850 frames so far
[2023-12-13 10:24:49,209] [INFO    ] [WriterThread  ] Written 13900 frames so far
[2023-12-13 10:24:49,531] [INFO    ] [WriterThread  ] Written 13950 frames so far
[2023-12-13 10:24:49,843] [INFO    ] [WriterThread  ] Written 14000 frames so far
[2023-12-13 10:24:50,132] [INFO    ] [WriterThread  ] Written 14050 frames so far
[2023-12-13 10:24:50,470] [INFO    ] [WriterThread  ] Written 14100 frames so far
[2023-12-13 10:24:50,792] [INFO    ] [WriterThread  ] Written 14150 frames so far
[2023-12-13 10:24:51,086] [INFO    ] [WriterThread  ] Written 14200 frames so far
[2023-12-13 10:24:51,393] [INFO    ] [WriterThread  ] Written 14250 frames so far
[2023-12-13 10:24:51,749] [INFO    ] [WriterThread  ] Written 14300 frames so far
[2023-12-13 10:24:52,089] [INFO    ] [WriterThread  ] Written 14350 frames so far
[2023-12-13 10:24:52,453] [INFO    ] [WriterThread  ] Written 14400 frames so far
[2023-12-13 10:24:52,811] [INFO    ] [WriterThread  ] Written 14450 frames so far
[2023-12-13 10:24:53,178] [INFO    ] [WriterThread  ] Written 14500 frames so far
[2023-12-13 10:24:53,504] [INFO    ] [WriterThread  ] Written 14550 frames so far
[2023-12-13 10:24:53,872] [INFO    ] [WriterThread  ] Written 14600 frames so far
[2023-12-13 10:24:54,230] [INFO    ] [WriterThread  ] Written 14650 frames so far
[2023-12-13 10:24:54,615] [INFO    ] [WriterThread  ] Written 14700 frames so far
[2023-12-13 10:24:54,963] [INFO    ] [WriterThread  ] Written 14750 frames so far
[2023-12-13 10:24:55,307] [INFO    ] [WriterThread  ] Written 14800 frames so far
[2023-12-13 10:24:55,698] [INFO    ] [WriterThread  ] Written 14850 frames so far
[2023-12-13 10:24:56,117] [INFO    ] [WriterThread  ] Written 14900 frames so far
[2023-12-13 10:24:56,513] [INFO    ] [WriterThread  ] Written 14950 frames so far
[2023-12-13 10:24:56,876] [INFO    ] [WriterThread  ] Written 15000 frames so far
[2023-12-13 10:24:57,255] [INFO    ] [WriterThread  ] Written 15050 frames so far
[2023-12-13 10:24:57,621] [INFO    ] [WriterThread  ] Written 15100 frames so far
[2023-12-13 10:24:57,968] [INFO    ] [WriterThread  ] Written 15150 frames so far
[2023-12-13 10:24:58,333] [INFO    ] [WriterThread  ] Written 15200 frames so far
[2023-12-13 10:24:58,689] [INFO    ] [WriterThread  ] Written 15250 frames so far
[2023-12-13 10:24:59,061] [INFO    ] [WriterThread  ] Written 15300 frames so far
[2023-12-13 10:24:59,425] [INFO    ] [WriterThread  ] Written 15350 frames so far
[2023-12-13 10:24:59,746] [INFO    ] [WriterThread  ] Written 15400 frames so far
[2023-12-13 10:25:00,093] [INFO    ] [WriterThread  ] Written 15450 frames so far
[2023-12-13 10:25:00,438] [INFO    ] [WriterThread  ] Written 15500 frames so far
[2023-12-13 10:25:00,794] [INFO    ] [WriterThread  ] Written 15550 frames so far
[2023-12-13 10:25:01,143] [INFO    ] [WriterThread  ] Written 15600 frames so far
[2023-12-13 10:25:01,497] [INFO    ] [WriterThread  ] Written 15650 frames so far
[2023-12-13 10:25:01,858] [INFO    ] [WriterThread  ] Written 15700 frames so far
[2023-12-13 10:25:02,233] [INFO    ] [WriterThread  ] Written 15750 frames so far
[2023-12-13 10:25:02,577] [INFO    ] [WriterThread  ] Written 15800 frames so far
[2023-12-13 10:25:02,904] [INFO    ] [WriterThread  ] Written 15850 frames so far
[2023-12-13 10:25:03,257] [INFO    ] [WriterThread  ] Written 15900 frames so far
[2023-12-13 10:25:03,388] [INFO    ] [ReaderThread  ] Adding None to end of reading queue
[2023-12-13 10:25:03,555] [INFO    ] [WriterThread  ] Written 15950 frames so far
[2023-12-13 10:25:03,813] [INFO    ] [WriterThread  ] Written 16000 frames so far
[2023-12-13 10:25:04,117] [INFO    ] [WriterThread  ] Written 16050 frames so far
[2023-12-13 10:25:04,361] [INFO    ] [WriterThread  ] Written 16100 frames so far
[2023-12-13 10:25:04,587] [INFO    ] [WriterThread  ] Written 16150 frames so far
[2023-12-13 10:25:04,783] [INFO    ] [WriterThread  ] Written 16200 frames so far
[2023-12-13 10:25:05,012] [INFO    ] [WriterThread  ] Written 16250 frames so far
[2023-12-13 10:25:05,226] [INFO    ] [WriterThread  ] Written 16300 frames so far
[2023-12-13 10:25:05,465] [INFO    ] [WriterThread  ] Written 16350 frames so far
[2023-12-13 10:25:05,625] [INFO    ] [WriterThread  ] Written 16400 frames so far
[2023-12-13 10:25:05,796] [INFO    ] [WriterThread  ] Written 16450 frames so far
[2023-12-13 10:25:06,035] [INFO    ] [WriterThread  ] Written 16500 frames so far
[2023-12-13 10:25:06,310] [INFO    ] [MainThread    ] All child processes appear to have finished! Exiting infinite loop...
[2023-12-13 10:25:06,310] [INFO    ] [MainThread    ] Joining ReaderThread
[2023-12-13 10:25:06,310] [INFO    ] [MainThread    ] Joining MotionThread
[2023-12-13 10:25:06,310] [INFO    ] [MainThread    ] Joining WriterThread
[2023-12-13 10:25:06,312] [INFO    ] [MainThread    ] Finished processing at :  2023-12-13 10:25:06.310435
[2023-12-13 10:25:06,312] [INFO    ] [MainThread    ] Finished main() in 107.93 seconds.
