[2023-11-30 17:11:31,828] [INFO    ] [MainThread    ] Starting processing at :  2023-11-30 17:11:31.826657
[2023-11-30 17:11:31,828] [INFO    ] [MainThread    ] Running main() with Config:  {'video_source': '/home/pi-cam6/EcoMotionZip/testing/test_videos/Naqvi2022/08140020.avi', 'output_directory': './testing', 'record_duration': 60, 'number_of_videos': 1, 'camera_resolution': [1920, 1080], 'camera_fps': 32, 'raspberrypi_camera': False, 'delete_original': False, 'reader_sleep_seconds': 1, 'reader_flush_proportion': 0.9, 'downscale_factor': 16, 'dilate_kernel_size': 128, 'movement_threshold': 40, 'persist_frames': 0, 'full_frame_guarantee': 300, 'video_codec': 'X264', 'num_opencv_threads': 10}
[2023-11-30 17:11:31,828] [INFO    ] [MainThread    ] Outputting to Outputting to testing/EcoMotionZip
[2023-11-30 17:11:32,218] [INFO    ] [MainThread    ] Will sleep 1 seconds if reading queue fills up with 460 frames. This *should not happen* if you're using a live webcam, else the frames are being processed too slowly!
[2023-11-30 17:11:32,218] [INFO    ] [MainThread    ] Dilation kernel downscaled by 16x from 128 to 8
[2023-11-30 17:11:32,219] [INFO    ] [MainThread    ] Will flush buffer to output file every 64 frames
[2023-11-30 17:11:32,219] [INFO    ] [MainThread    ] Starting ReaderThread
[2023-11-30 17:11:32,219] [INFO    ] [MainThread    ] Starting MotionThread
[2023-11-30 17:11:32,220] [INFO    ] [MainThread    ] Starting WriterThread
[2023-11-30 17:11:44,603] [INFO    ] [WriterThread  ] Written 50 frames so far
[2023-11-30 17:11:51,637] [INFO    ] [WriterThread  ] Written 100 frames so far
[2023-11-30 17:11:58,745] [INFO    ] [WriterThread  ] Written 150 frames so far
[2023-11-30 17:12:03,514] [INFO    ] [WriterThread  ] Written 200 frames so far
[2023-11-30 17:12:07,401] [INFO    ] [WriterThread  ] Written 250 frames so far
[2023-11-30 17:12:13,850] [INFO    ] [WriterThread  ] Written 300 frames so far
[2023-11-30 17:12:20,383] [INFO    ] [WriterThread  ] Written 350 frames so far
[2023-11-30 17:12:26,858] [INFO    ] [WriterThread  ] Written 400 frames so far
[2023-11-30 17:12:31,738] [INFO    ] [WriterThread  ] Written 450 frames so far
[2023-11-30 17:12:37,689] [INFO    ] [WriterThread  ] Written 500 frames so far
[2023-11-30 17:12:40,070] [INFO    ] [ReaderThread  ] Adding None to end of reading queue
[2023-11-30 17:12:41,534] [INFO    ] [WriterThread  ] Written 550 frames so far
[2023-11-30 17:12:44,043] [INFO    ] [WriterThread  ] Written 600 frames so far
[2023-11-30 17:12:46,705] [INFO    ] [WriterThread  ] Written 650 frames so far
[2023-11-30 17:12:49,795] [INFO    ] [MainThread    ] All child processes appear to have finished! Exiting infinite loop...
[2023-11-30 17:12:49,795] [INFO    ] [MainThread    ] Joining ReaderThread
[2023-11-30 17:12:49,796] [INFO    ] [MainThread    ] Joining MotionThread
[2023-11-30 17:12:49,796] [INFO    ] [MainThread    ] Joining WriterThread
[2023-11-30 17:12:49,796] [INFO    ] [MainThread    ] Finished processing at :  2023-11-30 17:12:49.796408
[2023-11-30 17:12:49,796] [INFO    ] [MainThread    ] Finished main() in 77.97 seconds.
