[2023-12-13 10:15:58,854] [INFO    ] [MainThread    ] Starting processing at :  2023-12-13 10:15:58.852268
[2023-12-13 10:15:58,854] [INFO    ] [MainThread    ] Running main() with Config:  {'video_source': '/Users/mrat0010/Documents/GitHub/EcoMotionZip/testing/test_videos/Ratnayake2023/cam_1_S_video_20210317_123004.h264.avi', 'output_directory': '/Users/mrat0010/Documents/GitHub/EcoMotionZip/testing', 'record_duration': 60, 'number_of_videos': 1, 'camera_resolution': [1920, 1080], 'camera_fps': 32, 'raspberrypi_camera': False, 'delete_original': False, 'embed_timestamps': True, 'reader_sleep_seconds': 1, 'reader_flush_proportion': 0.9, 'downscale_factor': 16, 'dilate_kernel_size': 128, 'movement_threshold': 40, 'persist_frames': 0, 'full_frame_guarantee': 300, 'video_codec': 'X264', 'num_opencv_threads': 10}
[2023-12-13 10:15:58,854] [INFO    ] [MainThread    ] Outputting to Outputting to /Users/mrat0010/Documents/GitHub/EcoMotionZip/testing/EcoMotionZip
[2023-12-13 10:15:58,870] [INFO    ] [MainThread    ] Will sleep 1 seconds if reading queue fills up with 460 frames. This *should not happen* if you're using a live webcam, else the frames are being processed too slowly!
[2023-12-13 10:15:58,871] [INFO    ] [MainThread    ] Dilation kernel downscaled by 16x from 128 to 8
[2023-12-13 10:15:58,871] [INFO    ] [MainThread    ] Will flush buffer to output file every 64 frames
[2023-12-13 10:15:58,871] [INFO    ] [MainThread    ] Starting ReaderThread
[2023-12-13 10:15:58,871] [INFO    ] [MainThread    ] Starting MotionThread
[2023-12-13 10:15:58,872] [INFO    ] [MainThread    ] Starting WriterThread
[2023-12-13 10:16:05,803] [INFO    ] [WriterThread  ] Written 50 frames so far
[2023-12-13 10:16:18,087] [INFO    ] [WriterThread  ] Written 100 frames so far
[2023-12-13 10:16:20,013] [INFO    ] [WriterThread  ] Written 150 frames so far
[2023-12-13 10:16:22,925] [INFO    ] [WriterThread  ] Written 200 frames so far
[2023-12-13 10:16:23,246] [INFO    ] [WriterThread  ] Written 250 frames so far
[2023-12-13 10:16:34,588] [INFO    ] [WriterThread  ] Written 300 frames so far
[2023-12-13 10:16:39,272] [INFO    ] [WriterThread  ] Written 350 frames so far
[2023-12-13 10:16:40,012] [INFO    ] [WriterThread  ] Written 400 frames so far
[2023-12-13 10:16:40,432] [INFO    ] [ReaderThread  ] Adding None to end of reading queue
[2023-12-13 10:16:40,441] [INFO    ] [WriterThread  ] Written 450 frames so far
[2023-12-13 10:16:41,093] [INFO    ] [MainThread    ] All child processes appear to have finished! Exiting infinite loop...
[2023-12-13 10:16:41,093] [INFO    ] [MainThread    ] Joining ReaderThread
[2023-12-13 10:16:41,093] [INFO    ] [MainThread    ] Joining MotionThread
[2023-12-13 10:16:41,093] [INFO    ] [MainThread    ] Joining WriterThread
[2023-12-13 10:16:41,094] [INFO    ] [MainThread    ] Finished processing at :  2023-12-13 10:16:41.094087
[2023-12-13 10:16:41,094] [INFO    ] [MainThread    ] Finished main() in 42.24 seconds.
[2023-12-15 10:41:27,234] [INFO    ] [MainThread    ] Starting processing at :  2023-12-15 10:41:27.233233
[2023-12-15 10:41:27,234] [INFO    ] [MainThread    ] Running main() with Config:  {'video_source': '/Users/mrat0010/Documents/GitHub/EcoMotionZip/testing/test_videos/Ratnayake2023/cam_1_S_video_20210317_123004.h264.avi', 'output_directory': '/Users/mrat0010/Documents/GitHub/EcoMotionZip/testing', 'record_duration': 60, 'number_of_videos': 1, 'camera_resolution': [1920, 1080], 'camera_fps': 32, 'raspberrypi_camera': False, 'delete_original': False, 'embed_timestamps': True, 'reader_sleep_seconds': 1, 'reader_flush_proportion': 0.9, 'downscale_factor': 16, 'dilate_kernel_size': 128, 'movement_threshold': 40, 'persist_frames': 0, 'full_frame_guarantee': 300, 'video_codec': 'DIVX', 'num_opencv_threads': 10}
[2023-12-15 10:41:27,235] [INFO    ] [MainThread    ] Outputting to Outputting to /Users/mrat0010/Documents/GitHub/EcoMotionZip/testing/EcoMotionZip
[2023-12-15 10:41:27,244] [INFO    ] [MainThread    ] Will sleep 1 seconds if reading queue fills up with 460 frames. This *should not happen* if you're using a live webcam, else the frames are being processed too slowly!
[2023-12-15 10:41:27,244] [INFO    ] [MainThread    ] Dilation kernel downscaled by 16x from 128 to 8
[2023-12-15 10:41:27,244] [INFO    ] [MainThread    ] Will flush buffer to output file every 64 frames
[2023-12-15 10:41:27,244] [INFO    ] [MainThread    ] Starting ReaderThread
[2023-12-15 10:41:27,244] [INFO    ] [MainThread    ] Starting MotionThread
[2023-12-15 10:41:27,244] [INFO    ] [MainThread    ] Starting WriterThread
[2023-12-15 10:41:33,852] [INFO    ] [WriterThread  ] Written 50 frames so far
[2023-12-15 10:41:47,508] [INFO    ] [WriterThread  ] Written 100 frames so far
[2023-12-15 10:41:49,310] [INFO    ] [WriterThread  ] Written 150 frames so far
[2023-12-15 10:41:52,425] [INFO    ] [WriterThread  ] Written 200 frames so far
[2023-12-15 10:41:52,795] [INFO    ] [WriterThread  ] Written 250 frames so far
[2023-12-15 10:42:04,423] [INFO    ] [WriterThread  ] Written 300 frames so far
[2023-12-15 10:42:09,367] [INFO    ] [WriterThread  ] Written 350 frames so far
[2023-12-15 10:42:10,084] [INFO    ] [WriterThread  ] Written 400 frames so far
[2023-12-15 10:42:10,434] [INFO    ] [ReaderThread  ] Adding None to end of reading queue
[2023-12-15 10:42:10,453] [INFO    ] [WriterThread  ] Written 450 frames so far
[2023-12-15 10:42:11,042] [INFO    ] [MainThread    ] All child processes appear to have finished! Exiting infinite loop...
[2023-12-15 10:42:11,042] [INFO    ] [MainThread    ] Joining ReaderThread
[2023-12-15 10:42:11,042] [INFO    ] [MainThread    ] Joining MotionThread
[2023-12-15 10:42:11,042] [INFO    ] [MainThread    ] Joining WriterThread
[2023-12-15 10:42:11,042] [INFO    ] [MainThread    ] Finished processing at :  2023-12-15 10:42:11.042774
[2023-12-15 10:42:11,042] [INFO    ] [MainThread    ] Finished main() in 43.81 seconds.
