[2023-11-30 18:07:23,146] [INFO    ] [MainThread    ] Starting processing at :  2023-11-30 18:07:23.144708
[2023-11-30 18:07:23,146] [INFO    ] [MainThread    ] Running main() with Config:  {'video_source': '/home/pi-cam6/EcoMotionZip/testing/test_videos/Ratnayake2023/cam_3_N_video_20210317_142705.h264.avi', 'output_directory': './testing', 'record_duration': 60, 'number_of_videos': 1, 'camera_resolution': [1920, 1080], 'camera_fps': 32, 'raspberrypi_camera': False, 'delete_original': False, 'reader_sleep_seconds': 1, 'reader_flush_proportion': 0.9, 'downscale_factor': 16, 'dilate_kernel_size': 128, 'movement_threshold': 40, 'persist_frames': 0, 'full_frame_guarantee': 300, 'video_codec': 'XVID', 'num_opencv_threads': 10}
[2023-11-30 18:07:23,146] [INFO    ] [MainThread    ] Outputting to Outputting to testing/EcoMotionZip
[2023-11-30 18:07:23,169] [INFO    ] [MainThread    ] Will sleep 1 seconds if reading queue fills up with 460 frames. This *should not happen* if you're using a live webcam, else the frames are being processed too slowly!
[2023-11-30 18:07:23,170] [INFO    ] [MainThread    ] Dilation kernel downscaled by 16x from 128 to 8
[2023-11-30 18:07:23,170] [INFO    ] [MainThread    ] Will flush buffer to output file every 64 frames
[2023-11-30 18:07:23,170] [INFO    ] [MainThread    ] Starting ReaderThread
[2023-11-30 18:07:23,171] [INFO    ] [MainThread    ] Starting MotionThread
[2023-11-30 18:07:23,172] [INFO    ] [MainThread    ] Starting WriterThread
[2023-11-30 18:07:39,966] [INFO    ] [WriterThread  ] Written 50 frames so far
[2023-11-30 18:07:51,347] [INFO    ] [WriterThread  ] Written 100 frames so far
[2023-11-30 18:07:59,865] [INFO    ] [WriterThread  ] Written 150 frames so far
[2023-11-30 18:08:12,490] [INFO    ] [WriterThread  ] Written 200 frames so far
[2023-11-30 18:08:15,902] [INFO    ] [WriterThread  ] Written 250 frames so far
[2023-11-30 18:09:09,387] [INFO    ] [WriterThread  ] Written 300 frames so far
[2023-11-30 18:09:14,934] [INFO    ] [WriterThread  ] Written 350 frames so far
[2023-11-30 18:09:18,367] [INFO    ] [WriterThread  ] Written 400 frames so far
[2023-11-30 18:09:22,523] [INFO    ] [WriterThread  ] Written 450 frames so far
[2023-11-30 18:09:26,136] [INFO    ] [WriterThread  ] Written 500 frames so far
[2023-11-30 18:09:29,521] [INFO    ] [WriterThread  ] Written 550 frames so far
[2023-11-30 18:09:33,014] [INFO    ] [WriterThread  ] Written 600 frames so far
[2023-11-30 18:09:44,936] [INFO    ] [WriterThread  ] Written 650 frames so far
[2023-11-30 18:09:48,658] [INFO    ] [WriterThread  ] Written 700 frames so far
[2023-11-30 18:10:18,903] [INFO    ] [WriterThread  ] Written 750 frames so far
[2023-11-30 18:10:22,504] [INFO    ] [WriterThread  ] Written 800 frames so far
[2023-11-30 18:10:27,352] [INFO    ] [WriterThread  ] Written 850 frames so far
[2023-11-30 18:10:31,027] [INFO    ] [WriterThread  ] Written 900 frames so far
[2023-11-30 18:10:34,532] [INFO    ] [WriterThread  ] Written 950 frames so far
[2023-11-30 18:10:38,266] [INFO    ] [WriterThread  ] Written 1000 frames so far
[2023-11-30 18:10:42,495] [INFO    ] [WriterThread  ] Written 1050 frames so far
[2023-11-30 18:10:46,254] [INFO    ] [WriterThread  ] Written 1100 frames so far
[2023-11-30 18:10:49,659] [INFO    ] [WriterThread  ] Written 1150 frames so far
[2023-11-30 18:10:53,106] [INFO    ] [WriterThread  ] Written 1200 frames so far
[2023-11-30 18:10:56,533] [INFO    ] [WriterThread  ] Written 1250 frames so far
[2023-11-30 18:10:59,791] [INFO    ] [WriterThread  ] Written 1300 frames so far
[2023-11-30 18:11:03,021] [INFO    ] [WriterThread  ] Written 1350 frames so far
[2023-11-30 18:11:06,238] [INFO    ] [WriterThread  ] Written 1400 frames so far
[2023-11-30 18:11:32,950] [INFO    ] [WriterThread  ] Written 1450 frames so far
[2023-11-30 18:12:21,028] [INFO    ] [ReaderThread  ] Adding None to end of reading queue
[2023-11-30 18:12:22,434] [INFO    ] [WriterThread  ] Written 1500 frames so far
[2023-11-30 18:12:23,577] [INFO    ] [MainThread    ] All child processes appear to have finished! Exiting infinite loop...
[2023-11-30 18:12:23,577] [INFO    ] [MainThread    ] Joining ReaderThread
[2023-11-30 18:12:23,578] [INFO    ] [MainThread    ] Joining MotionThread
[2023-11-30 18:12:23,578] [INFO    ] [MainThread    ] Joining WriterThread
[2023-11-30 18:12:23,578] [INFO    ] [MainThread    ] Finished processing at :  2023-11-30 18:12:23.578385
[2023-11-30 18:12:23,578] [INFO    ] [MainThread    ] Finished main() in 300.43 seconds.
