[2023-12-13 10:20:51,252] [INFO    ] [MainThread    ] Starting processing at :  2023-12-13 10:20:51.251648
[2023-12-13 10:20:51,253] [INFO    ] [MainThread    ] Running main() with Config:  {'video_source': '/Users/mrat0010/Documents/GitHub/EcoMotionZip/testing/test_videos/JamesCook/00026.MTS', 'output_directory': '/Users/mrat0010/Documents/GitHub/EcoMotionZip/testing', 'record_duration': 60, 'number_of_videos': 1, 'camera_resolution': [1920, 1080], 'camera_fps': 32, 'raspberrypi_camera': False, 'delete_original': False, 'embed_timestamps': True, 'reader_sleep_seconds': 1, 'reader_flush_proportion': 0.9, 'downscale_factor': 16, 'dilate_kernel_size': 128, 'movement_threshold': 40, 'persist_frames': 0, 'full_frame_guarantee': 300, 'video_codec': 'X264', 'num_opencv_threads': 10}
[2023-12-13 10:20:51,253] [INFO    ] [MainThread    ] Outputting to Outputting to /Users/mrat0010/Documents/GitHub/EcoMotionZip/testing/EcoMotionZip
[2023-12-13 10:20:51,314] [INFO    ] [MainThread    ] Will sleep 1 seconds if reading queue fills up with 460 frames. This *should not happen* if you're using a live webcam, else the frames are being processed too slowly!
[2023-12-13 10:20:51,315] [INFO    ] [MainThread    ] Dilation kernel downscaled by 16x from 128 to 8
[2023-12-13 10:20:51,315] [INFO    ] [MainThread    ] Will flush buffer to output file every 64 frames
[2023-12-13 10:20:51,315] [INFO    ] [MainThread    ] Starting ReaderThread
[2023-12-13 10:20:51,315] [INFO    ] [MainThread    ] Starting MotionThread
[2023-12-13 10:20:51,315] [INFO    ] [MainThread    ] Starting WriterThread
[2023-12-13 10:20:52,174] [INFO    ] [WriterThread  ] Written 50 frames so far
[2023-12-13 10:20:53,288] [INFO    ] [WriterThread  ] Written 100 frames so far
[2023-12-13 10:20:53,609] [INFO    ] [WriterThread  ] Written 150 frames so far
[2023-12-13 10:20:54,149] [INFO    ] [WriterThread  ] Written 200 frames so far
[2023-12-13 10:20:54,387] [INFO    ] [WriterThread  ] Written 250 frames so far
[2023-12-13 10:20:55,369] [INFO    ] [WriterThread  ] Written 300 frames so far
[2023-12-13 10:20:57,440] [INFO    ] [WriterThread  ] Written 350 frames so far
[2023-12-13 10:20:57,760] [INFO    ] [WriterThread  ] Written 400 frames so far
[2023-12-13 10:20:58,045] [INFO    ] [WriterThread  ] Written 450 frames so far
[2023-12-13 10:20:58,296] [INFO    ] [WriterThread  ] Written 500 frames so far
[2023-12-13 10:20:58,551] [INFO    ] [WriterThread  ] Written 550 frames so far
[2023-12-13 10:20:58,982] [INFO    ] [WriterThread  ] Written 600 frames so far
[2023-12-13 10:20:59,326] [INFO    ] [WriterThread  ] Written 650 frames so far
[2023-12-13 10:20:59,605] [INFO    ] [WriterThread  ] Written 700 frames so far
[2023-12-13 10:20:59,874] [INFO    ] [WriterThread  ] Written 750 frames so far
[2023-12-13 10:21:00,177] [INFO    ] [WriterThread  ] Written 800 frames so far
[2023-12-13 10:21:00,426] [INFO    ] [WriterThread  ] Written 850 frames so far
[2023-12-13 10:21:00,768] [INFO    ] [WriterThread  ] Written 900 frames so far
[2023-12-13 10:21:01,014] [INFO    ] [WriterThread  ] Written 950 frames so far
[2023-12-13 10:21:03,561] [INFO    ] [WriterThread  ] Written 1000 frames so far
[2023-12-13 10:21:04,297] [INFO    ] [WriterThread  ] Written 1050 frames so far
[2023-12-13 10:21:04,594] [INFO    ] [WriterThread  ] Written 1100 frames so far
[2023-12-13 10:21:04,867] [INFO    ] [WriterThread  ] Written 1150 frames so far
[2023-12-13 10:21:05,951] [INFO    ] [WriterThread  ] Written 1200 frames so far
[2023-12-13 10:21:06,580] [INFO    ] [WriterThread  ] Written 1250 frames so far
[2023-12-13 10:21:06,873] [INFO    ] [WriterThread  ] Written 1300 frames so far
[2023-12-13 10:21:07,202] [INFO    ] [WriterThread  ] Written 1350 frames so far
[2023-12-13 10:21:07,442] [INFO    ] [WriterThread  ] Written 1400 frames so far
[2023-12-13 10:21:09,185] [INFO    ] [WriterThread  ] Written 1450 frames so far
[2023-12-13 10:21:09,502] [INFO    ] [WriterThread  ] Written 1500 frames so far
[2023-12-13 10:21:09,792] [INFO    ] [WriterThread  ] Written 1550 frames so far
[2023-12-13 10:21:10,013] [INFO    ] [WriterThread  ] Written 1600 frames so far
[2023-12-13 10:21:10,571] [INFO    ] [WriterThread  ] Written 1650 frames so far
[2023-12-13 10:21:10,884] [INFO    ] [WriterThread  ] Written 1700 frames so far
[2023-12-13 10:21:11,222] [INFO    ] [WriterThread  ] Written 1750 frames so far
[2023-12-13 10:21:11,454] [INFO    ] [WriterThread  ] Written 1800 frames so far
[2023-12-13 10:21:11,680] [INFO    ] [WriterThread  ] Written 1850 frames so far
[2023-12-13 10:21:13,837] [INFO    ] [WriterThread  ] Written 1900 frames so far
[2023-12-13 10:21:14,127] [INFO    ] [WriterThread  ] Written 1950 frames so far
[2023-12-13 10:21:15,104] [INFO    ] [WriterThread  ] Written 2000 frames so far
[2023-12-13 10:21:15,348] [INFO    ] [WriterThread  ] Written 2050 frames so far
[2023-12-13 10:21:15,637] [INFO    ] [WriterThread  ] Written 2100 frames so far
[2023-12-13 10:21:15,867] [INFO    ] [WriterThread  ] Written 2150 frames so far
[2023-12-13 10:21:16,361] [INFO    ] [WriterThread  ] Written 2200 frames so far
[2023-12-13 10:21:16,670] [INFO    ] [WriterThread  ] Written 2250 frames so far
[2023-12-13 10:21:16,912] [INFO    ] [WriterThread  ] Written 2300 frames so far
[2023-12-13 10:21:17,437] [INFO    ] [WriterThread  ] Written 2350 frames so far
[2023-12-13 10:21:17,749] [INFO    ] [WriterThread  ] Written 2400 frames so far
[2023-12-13 10:21:21,410] [INFO    ] [WriterThread  ] Written 2450 frames so far
[2023-12-13 10:21:24,307] [INFO    ] [WriterThread  ] Written 2500 frames so far
[2023-12-13 10:21:24,626] [INFO    ] [WriterThread  ] Written 2550 frames so far
[2023-12-13 10:21:24,962] [INFO    ] [WriterThread  ] Written 2600 frames so far
[2023-12-13 10:21:25,238] [INFO    ] [WriterThread  ] Written 2650 frames so far
[2023-12-13 10:21:25,527] [INFO    ] [WriterThread  ] Written 2700 frames so far
[2023-12-13 10:21:25,753] [INFO    ] [WriterThread  ] Written 2750 frames so far
[2023-12-13 10:21:25,993] [INFO    ] [WriterThread  ] Written 2800 frames so far
[2023-12-13 10:21:26,547] [INFO    ] [WriterThread  ] Written 2850 frames so far
[2023-12-13 10:21:28,009] [INFO    ] [WriterThread  ] Written 2900 frames so far
[2023-12-13 10:21:28,441] [INFO    ] [WriterThread  ] Written 2950 frames so far
[2023-12-13 10:21:28,700] [INFO    ] [WriterThread  ] Written 3000 frames so far
[2023-12-13 10:21:29,370] [INFO    ] [WriterThread  ] Written 3050 frames so far
[2023-12-13 10:21:29,635] [INFO    ] [WriterThread  ] Written 3100 frames so far
[2023-12-13 10:21:29,909] [INFO    ] [WriterThread  ] Written 3150 frames so far
[2023-12-13 10:21:30,127] [INFO    ] [WriterThread  ] Written 3200 frames so far
[2023-12-13 10:21:31,320] [INFO    ] [WriterThread  ] Written 3250 frames so far
[2023-12-13 10:21:31,859] [INFO    ] [WriterThread  ] Written 3300 frames so far
[2023-12-13 10:21:32,354] [INFO    ] [WriterThread  ] Written 3350 frames so far
[2023-12-13 10:21:32,675] [INFO    ] [WriterThread  ] Written 3400 frames so far
[2023-12-13 10:21:32,878] [INFO    ] [WriterThread  ] Written 3450 frames so far
[2023-12-13 10:21:33,342] [INFO    ] [WriterThread  ] Written 3500 frames so far
[2023-12-13 10:21:34,130] [INFO    ] [WriterThread  ] Written 3550 frames so far
[2023-12-13 10:21:34,368] [INFO    ] [WriterThread  ] Written 3600 frames so far
[2023-12-13 10:21:34,604] [INFO    ] [WriterThread  ] Written 3650 frames so far
[2023-12-13 10:21:34,819] [INFO    ] [WriterThread  ] Written 3700 frames so far
[2023-12-13 10:21:35,384] [INFO    ] [WriterThread  ] Written 3750 frames so far
[2023-12-13 10:21:35,646] [INFO    ] [WriterThread  ] Written 3800 frames so far
[2023-12-13 10:21:35,947] [INFO    ] [WriterThread  ] Written 3850 frames so far
[2023-12-13 10:21:36,179] [INFO    ] [WriterThread  ] Written 3900 frames so far
[2023-12-13 10:21:37,272] [INFO    ] [WriterThread  ] Written 3950 frames so far
[2023-12-13 10:21:37,785] [INFO    ] [WriterThread  ] Written 4000 frames so far
[2023-12-13 10:21:38,270] [INFO    ] [WriterThread  ] Written 4050 frames so far
[2023-12-13 10:21:40,407] [INFO    ] [WriterThread  ] Written 4100 frames so far
[2023-12-13 10:21:40,674] [INFO    ] [WriterThread  ] Written 4150 frames so far
[2023-12-13 10:21:44,490] [INFO    ] [WriterThread  ] Written 4200 frames so far
[2023-12-13 10:21:46,929] [INFO    ] [WriterThread  ] Written 4250 frames so far
[2023-12-13 10:21:50,281] [INFO    ] [WriterThread  ] Written 4300 frames so far
[2023-12-13 10:21:50,636] [INFO    ] [WriterThread  ] Written 4350 frames so far
[2023-12-13 10:21:50,934] [INFO    ] [WriterThread  ] Written 4400 frames so far
[2023-12-13 10:21:51,410] [INFO    ] [WriterThread  ] Written 4450 frames so far
[2023-12-13 10:21:51,826] [INFO    ] [WriterThread  ] Written 4500 frames so far
[2023-12-13 10:21:53,621] [INFO    ] [WriterThread  ] Written 4550 frames so far
[2023-12-13 10:21:53,872] [INFO    ] [WriterThread  ] Written 4600 frames so far
[2023-12-13 10:21:56,072] [INFO    ] [WriterThread  ] Written 4650 frames so far
[2023-12-13 10:22:03,051] [INFO    ] [ReaderThread  ] Adding None to end of reading queue
[2023-12-13 10:22:03,144] [INFO    ] [WriterThread  ] Written 4700 frames so far
[2023-12-13 10:22:03,822] [INFO    ] [MainThread    ] All child processes appear to have finished! Exiting infinite loop...
[2023-12-13 10:22:03,823] [INFO    ] [MainThread    ] Joining ReaderThread
[2023-12-13 10:22:03,823] [INFO    ] [MainThread    ] Joining MotionThread
[2023-12-13 10:22:03,823] [INFO    ] [MainThread    ] Joining WriterThread
[2023-12-13 10:22:03,823] [INFO    ] [MainThread    ] Finished processing at :  2023-12-13 10:22:03.823745
[2023-12-13 10:22:03,823] [INFO    ] [MainThread    ] Finished main() in 72.57 seconds.
