[2023-12-01 09:55:04,937] [INFO    ] [MainThread    ] Starting processing at :  2023-12-01 09:55:04.936520
[2023-12-01 09:55:04,937] [INFO    ] [MainThread    ] Running main() with Config:  {'video_source': '/home/pi-cam7/EcoMotionZip/testing/test_videos/Ratnayake2023/cam_4_N_video_20210317_114802.h264.avi', 'output_directory': './testing', 'record_duration': 60, 'number_of_videos': 1, 'camera_resolution': [1920, 1080], 'camera_fps': 32, 'raspberrypi_camera': False, 'delete_original': False, 'reader_sleep_seconds': 1, 'reader_flush_proportion': 0.9, 'downscale_factor': 16, 'dilate_kernel_size': 128, 'movement_threshold': 40, 'persist_frames': 0, 'full_frame_guarantee': 300, 'video_codec': 'XVID', 'num_opencv_threads': 10}
[2023-12-01 09:55:04,937] [INFO    ] [MainThread    ] Outputting to Outputting to testing/EcoMotionZip
[2023-12-01 09:55:04,948] [INFO    ] [MainThread    ] Will sleep 1 seconds if reading queue fills up with 460 frames. This *should not happen* if you're using a live webcam, else the frames are being processed too slowly!
[2023-12-01 09:55:04,948] [INFO    ] [MainThread    ] Dilation kernel downscaled by 16x from 128 to 8
[2023-12-01 09:55:04,948] [INFO    ] [MainThread    ] Will flush buffer to output file every 64 frames
[2023-12-01 09:55:04,948] [INFO    ] [MainThread    ] Starting ReaderThread
[2023-12-01 09:55:04,948] [INFO    ] [MainThread    ] Starting MotionThread
[2023-12-01 09:55:04,949] [INFO    ] [MainThread    ] Starting WriterThread
[2023-12-01 09:55:28,694] [INFO    ] [WriterThread  ] Written 50 frames so far
[2023-12-01 09:55:33,647] [INFO    ] [WriterThread  ] Written 100 frames so far
[2023-12-01 09:56:02,304] [INFO    ] [WriterThread  ] Written 150 frames so far
[2023-12-01 09:56:20,355] [INFO    ] [WriterThread  ] Written 200 frames so far
[2023-12-01 09:56:22,702] [INFO    ] [WriterThread  ] Written 250 frames so far
[2023-12-01 09:56:50,197] [INFO    ] [WriterThread  ] Written 300 frames so far
[2023-12-01 09:57:37,530] [INFO    ] [WriterThread  ] Written 350 frames so far
[2023-12-01 09:57:39,424] [INFO    ] [WriterThread  ] Written 400 frames so far
[2023-12-01 09:57:52,727] [INFO    ] [WriterThread  ] Written 450 frames so far
[2023-12-01 09:57:54,763] [INFO    ] [WriterThread  ] Written 500 frames so far
[2023-12-01 09:57:58,515] [INFO    ] [ReaderThread  ] Adding None to end of reading queue
[2023-12-01 09:57:59,340] [INFO    ] [WriterThread  ] Written 550 frames so far
[2023-12-01 09:57:59,534] [INFO    ] [MainThread    ] All child processes appear to have finished! Exiting infinite loop...
[2023-12-01 09:57:59,535] [INFO    ] [MainThread    ] Joining ReaderThread
[2023-12-01 09:57:59,535] [INFO    ] [MainThread    ] Joining MotionThread
[2023-12-01 09:57:59,535] [INFO    ] [MainThread    ] Joining WriterThread
[2023-12-01 09:57:59,535] [INFO    ] [MainThread    ] Finished processing at :  2023-12-01 09:57:59.535504
[2023-12-01 09:57:59,535] [INFO    ] [MainThread    ] Finished main() in 174.60 seconds.
