[2023-11-29 11:40:57,405] [INFO    ] [MainThread    ] Starting processing at :  2023-11-29 11:40:57.405072
[2023-11-29 11:40:57,405] [INFO    ] [MainThread    ] Running main() with Config:  {'video_source': '/Users/mrat0010/Documents/GitHub/EcoMotionZip/testing/test_videos/vanderVoort2022/Sup-Mat-1-reduced-video.mp4', 'output_directory': './testing', 'record_duration': 60, 'number_of_videos': 1, 'camera_resolution': [1920, 1080], 'camera_fps': 32, 'raspberrypi_camera': False, 'delete_original': False, 'reader_sleep_seconds': 1, 'reader_flush_proportion': 0.9, 'downscale_factor': 16, 'dilate_kernel_size': 128, 'movement_threshold': 40, 'persist_frames': 0, 'full_frame_guarantee': 300, 'video_codec': 'X264', 'num_opencv_threads': 10}
[2023-11-29 11:40:57,406] [INFO    ] [MainThread    ] Outputting to Outputting to testing/EcoMotionZip
[2023-11-29 11:40:57,419] [INFO    ] [MainThread    ] Will sleep 1 seconds if reading queue fills up with 460 frames. This *should not happen* if you're using a live webcam, else the frames are being processed too slowly!
[2023-11-29 11:40:57,419] [INFO    ] [MainThread    ] Dilation kernel downscaled by 16x from 128 to 8
[2023-11-29 11:40:57,419] [INFO    ] [MainThread    ] Will flush buffer to output file every 64 frames
[2023-11-29 11:40:57,419] [INFO    ] [MainThread    ] Starting ReaderThread
[2023-11-29 11:40:57,420] [INFO    ] [MainThread    ] Starting MotionThread
[2023-11-29 11:40:57,424] [INFO    ] [MainThread    ] Starting WriterThread
[2023-11-29 11:40:57,977] [INFO    ] [WriterThread  ] Written 50 frames so far
[2023-11-29 11:40:58,335] [INFO    ] [WriterThread  ] Written 100 frames so far
[2023-11-29 11:40:58,680] [INFO    ] [WriterThread  ] Written 150 frames so far
[2023-11-29 11:40:59,003] [INFO    ] [WriterThread  ] Written 200 frames so far
[2023-11-29 11:40:59,315] [INFO    ] [WriterThread  ] Written 250 frames so far
[2023-11-29 11:40:59,455] [INFO    ] [ReaderThread  ] Adding None to end of reading queue
[2023-11-29 11:40:59,574] [INFO    ] [WriterThread  ] Written 300 frames so far
[2023-11-29 11:40:59,754] [INFO    ] [WriterThread  ] Written 350 frames so far
[2023-11-29 11:40:59,963] [INFO    ] [WriterThread  ] Written 400 frames so far
[2023-11-29 11:41:00,172] [INFO    ] [WriterThread  ] Written 450 frames so far
[2023-11-29 11:41:00,403] [INFO    ] [WriterThread  ] Written 500 frames so far
[2023-11-29 11:41:00,592] [INFO    ] [WriterThread  ] Written 550 frames so far
[2023-11-29 11:41:00,769] [INFO    ] [WriterThread  ] Written 600 frames so far
[2023-11-29 11:41:00,938] [INFO    ] [WriterThread  ] Written 650 frames so far
[2023-11-29 11:41:01,151] [INFO    ] [WriterThread  ] Written 700 frames so far
[2023-11-29 11:41:01,321] [INFO    ] [WriterThread  ] Written 750 frames so far
[2023-11-29 11:41:01,970] [INFO    ] [MainThread    ] All child processes appear to have finished! Exiting infinite loop...
[2023-11-29 11:41:01,970] [INFO    ] [MainThread    ] Joining ReaderThread
[2023-11-29 11:41:01,970] [INFO    ] [MainThread    ] Joining MotionThread
[2023-11-29 11:41:01,971] [INFO    ] [MainThread    ] Joining WriterThread
[2023-11-29 11:41:01,971] [INFO    ] [MainThread    ] Finished processing at :  2023-11-29 11:41:01.971147
[2023-11-29 11:41:01,971] [INFO    ] [MainThread    ] Finished main() in 4.57 seconds.
