[2023-11-29 11:28:17,606] [INFO    ] [MainThread    ] Starting processing at :  2023-11-29 11:28:17.605163
[2023-11-29 11:28:17,606] [INFO    ] [MainThread    ] Running main() with Config:  {'video_source': '/Users/mrat0010/Documents/GitHub/EcoMotionZip/testing/test_videos/Ratnayake2023/cam_8_N_video_20210310_133844.h264.avi', 'output_directory': './testing', 'record_duration': 60, 'number_of_videos': 1, 'camera_resolution': [1920, 1080], 'camera_fps': 32, 'raspberrypi_camera': False, 'delete_original': False, 'reader_sleep_seconds': 1, 'reader_flush_proportion': 0.9, 'downscale_factor': 16, 'dilate_kernel_size': 128, 'movement_threshold': 40, 'persist_frames': 0, 'full_frame_guarantee': 300, 'video_codec': 'XVID', 'num_opencv_threads': 10}
[2023-11-29 11:28:17,607] [INFO    ] [MainThread    ] Outputting to Outputting to testing/EcoMotionZip
[2023-11-29 11:28:17,614] [INFO    ] [MainThread    ] Will sleep 1 seconds if reading queue fills up with 460 frames. This *should not happen* if you're using a live webcam, else the frames are being processed too slowly!
[2023-11-29 11:28:17,615] [INFO    ] [MainThread    ] Dilation kernel downscaled by 16x from 128 to 8
[2023-11-29 11:28:17,615] [INFO    ] [MainThread    ] Will flush buffer to output file every 64 frames
[2023-11-29 11:28:17,615] [INFO    ] [MainThread    ] Starting ReaderThread
[2023-11-29 11:28:17,615] [INFO    ] [MainThread    ] Starting MotionThread
[2023-11-29 11:28:17,616] [INFO    ] [MainThread    ] Starting WriterThread
[2023-11-29 11:28:19,511] [INFO    ] [WriterThread  ] Written 50 frames so far
[2023-11-29 11:28:19,964] [INFO    ] [WriterThread  ] Written 100 frames so far
[2023-11-29 11:28:20,725] [INFO    ] [WriterThread  ] Written 150 frames so far
[2023-11-29 11:28:21,072] [INFO    ] [WriterThread  ] Written 200 frames so far
[2023-11-29 11:28:21,624] [INFO    ] [WriterThread  ] Written 250 frames so far
[2023-11-29 11:28:22,127] [INFO    ] [WriterThread  ] Written 300 frames so far
[2023-11-29 11:28:22,722] [INFO    ] [WriterThread  ] Written 350 frames so far
[2023-11-29 11:28:23,184] [INFO    ] [WriterThread  ] Written 400 frames so far
[2023-11-29 11:28:23,576] [INFO    ] [WriterThread  ] Written 450 frames so far
[2023-11-29 11:28:23,909] [INFO    ] [WriterThread  ] Written 500 frames so far
[2023-11-29 11:28:24,508] [INFO    ] [WriterThread  ] Written 550 frames so far
[2023-11-29 11:28:24,945] [INFO    ] [WriterThread  ] Written 600 frames so far
[2023-11-29 11:28:25,342] [INFO    ] [WriterThread  ] Written 650 frames so far
[2023-11-29 11:28:25,825] [INFO    ] [WriterThread  ] Written 700 frames so far
[2023-11-29 11:28:26,262] [INFO    ] [WriterThread  ] Written 750 frames so far
[2023-11-29 11:28:26,825] [INFO    ] [WriterThread  ] Written 800 frames so far
[2023-11-29 11:28:27,177] [INFO    ] [WriterThread  ] Written 850 frames so far
[2023-11-29 11:28:27,521] [INFO    ] [WriterThread  ] Written 900 frames so far
[2023-11-29 11:28:27,868] [INFO    ] [WriterThread  ] Written 950 frames so far
[2023-11-29 11:28:28,182] [INFO    ] [WriterThread  ] Written 1000 frames so far
[2023-11-29 11:28:28,517] [INFO    ] [WriterThread  ] Written 1050 frames so far
[2023-11-29 11:28:28,994] [INFO    ] [WriterThread  ] Written 1100 frames so far
[2023-11-29 11:28:29,404] [INFO    ] [WriterThread  ] Written 1150 frames so far
[2023-11-29 11:28:29,695] [INFO    ] [WriterThread  ] Written 1200 frames so far
[2023-11-29 11:28:30,195] [INFO    ] [WriterThread  ] Written 1250 frames so far
[2023-11-29 11:28:30,767] [INFO    ] [WriterThread  ] Written 1300 frames so far
[2023-11-29 11:28:31,217] [INFO    ] [WriterThread  ] Written 1350 frames so far
[2023-11-29 11:28:31,666] [INFO    ] [WriterThread  ] Written 1400 frames so far
[2023-11-29 11:28:32,118] [INFO    ] [WriterThread  ] Written 1450 frames so far
[2023-11-29 11:28:32,630] [INFO    ] [WriterThread  ] Written 1500 frames so far
[2023-11-29 11:28:33,097] [INFO    ] [WriterThread  ] Written 1550 frames so far
[2023-11-29 11:28:33,484] [INFO    ] [WriterThread  ] Written 1600 frames so far
[2023-11-29 11:28:34,047] [INFO    ] [WriterThread  ] Written 1650 frames so far
[2023-11-29 11:28:34,658] [INFO    ] [WriterThread  ] Written 1700 frames so far
[2023-11-29 11:28:35,216] [INFO    ] [WriterThread  ] Written 1750 frames so far
[2023-11-29 11:28:35,598] [INFO    ] [WriterThread  ] Written 1800 frames so far
[2023-11-29 11:28:35,953] [INFO    ] [WriterThread  ] Written 1850 frames so far
[2023-11-29 11:28:36,365] [INFO    ] [WriterThread  ] Written 1900 frames so far
[2023-11-29 11:28:36,699] [INFO    ] [WriterThread  ] Written 1950 frames so far
[2023-11-29 11:28:36,999] [INFO    ] [WriterThread  ] Written 2000 frames so far
[2023-11-29 11:28:37,338] [INFO    ] [WriterThread  ] Written 2050 frames so far
[2023-11-29 11:28:37,783] [INFO    ] [WriterThread  ] Written 2100 frames so far
[2023-11-29 11:28:38,124] [INFO    ] [WriterThread  ] Written 2150 frames so far
[2023-11-29 11:28:38,455] [INFO    ] [WriterThread  ] Written 2200 frames so far
[2023-11-29 11:28:38,790] [INFO    ] [WriterThread  ] Written 2250 frames so far
[2023-11-29 11:28:39,108] [INFO    ] [WriterThread  ] Written 2300 frames so far
[2023-11-29 11:28:39,411] [INFO    ] [WriterThread  ] Written 2350 frames so far
[2023-11-29 11:28:39,740] [INFO    ] [WriterThread  ] Written 2400 frames so far
[2023-11-29 11:28:40,057] [INFO    ] [WriterThread  ] Written 2450 frames so far
[2023-11-29 11:28:40,359] [INFO    ] [WriterThread  ] Written 2500 frames so far
[2023-11-29 11:28:40,691] [INFO    ] [WriterThread  ] Written 2550 frames so far
[2023-11-29 11:28:40,993] [INFO    ] [WriterThread  ] Written 2600 frames so far
[2023-11-29 11:28:42,823] [INFO    ] [WriterThread  ] Written 2650 frames so far
[2023-11-29 11:28:43,285] [INFO    ] [WriterThread  ] Written 2700 frames so far
[2023-11-29 11:28:43,671] [INFO    ] [WriterThread  ] Written 2750 frames so far
[2023-11-29 11:28:43,994] [INFO    ] [WriterThread  ] Written 2800 frames so far
[2023-11-29 11:28:45,344] [INFO    ] [WriterThread  ] Written 2850 frames so far
[2023-11-29 11:28:45,751] [INFO    ] [WriterThread  ] Written 2900 frames so far
[2023-11-29 11:28:46,103] [INFO    ] [WriterThread  ] Written 2950 frames so far
[2023-11-29 11:28:46,388] [INFO    ] [WriterThread  ] Written 3000 frames so far
[2023-11-29 11:28:49,789] [INFO    ] [WriterThread  ] Written 3050 frames so far
[2023-11-29 11:28:50,125] [INFO    ] [WriterThread  ] Written 3100 frames so far
[2023-11-29 11:28:50,468] [INFO    ] [WriterThread  ] Written 3150 frames so far
[2023-11-29 11:28:50,757] [INFO    ] [WriterThread  ] Written 3200 frames so far
[2023-11-29 11:28:51,071] [INFO    ] [WriterThread  ] Written 3250 frames so far
[2023-11-29 11:28:51,362] [INFO    ] [WriterThread  ] Written 3300 frames so far
[2023-11-29 11:28:51,677] [INFO    ] [WriterThread  ] Written 3350 frames so far
[2023-11-29 11:28:51,986] [INFO    ] [WriterThread  ] Written 3400 frames so far
[2023-11-29 11:28:52,306] [INFO    ] [WriterThread  ] Written 3450 frames so far
[2023-11-29 11:28:52,623] [INFO    ] [WriterThread  ] Written 3500 frames so far
[2023-11-29 11:28:52,945] [INFO    ] [WriterThread  ] Written 3550 frames so far
[2023-11-29 11:28:54,553] [INFO    ] [WriterThread  ] Written 3600 frames so far
[2023-11-29 11:28:57,965] [INFO    ] [WriterThread  ] Written 3650 frames so far
[2023-11-29 11:28:58,266] [INFO    ] [WriterThread  ] Written 3700 frames so far
[2023-11-29 11:28:59,459] [INFO    ] [WriterThread  ] Written 3750 frames so far
[2023-11-29 11:28:59,985] [INFO    ] [WriterThread  ] Written 3800 frames so far
[2023-11-29 11:29:00,898] [INFO    ] [WriterThread  ] Written 3850 frames so far
[2023-11-29 11:29:01,209] [INFO    ] [WriterThread  ] Written 3900 frames so far
[2023-11-29 11:29:01,896] [INFO    ] [WriterThread  ] Written 3950 frames so far
[2023-11-29 11:29:02,167] [INFO    ] [WriterThread  ] Written 4000 frames so far
[2023-11-29 11:29:02,478] [INFO    ] [WriterThread  ] Written 4050 frames so far
[2023-11-29 11:29:03,234] [INFO    ] [ReaderThread  ] Adding None to end of reading queue
[2023-11-29 11:29:03,259] [INFO    ] [WriterThread  ] Written 4100 frames so far
[2023-11-29 11:29:03,484] [INFO    ] [MainThread    ] All child processes appear to have finished! Exiting infinite loop...
[2023-11-29 11:29:03,484] [INFO    ] [MainThread    ] Joining ReaderThread
[2023-11-29 11:29:03,484] [INFO    ] [MainThread    ] Joining MotionThread
[2023-11-29 11:29:03,484] [INFO    ] [MainThread    ] Joining WriterThread
[2023-11-29 11:29:03,484] [INFO    ] [MainThread    ] Finished processing at :  2023-11-29 11:29:03.484848
[2023-11-29 11:29:03,484] [INFO    ] [MainThread    ] Finished main() in 45.88 seconds.
