[2024-06-24 10:39:53,075] [INFO    ] [MainThread    ] Starting processing at :  2024-06-24 10:39:53.072615
[2024-06-24 10:39:53,075] [INFO    ] [MainThread    ] Running main() with Config:  {'video_source': '/home/pi-cam51/EcoMotionZip/Experiments/Test_Video_Dataset/vanderVoort2022/Sup-Mat-1-reduced-video.mp4', 'output_directory': '/home/pi-cam51/EcoMotionZip/Experiments/Results/Rep1', 'record_duration': 60, 'number_of_videos': 1, 'camera_resolution': [1920, 1080], 'camera_fps': 32, 'raspberrypi_camera': False, 'delete_original': False, 'embed_timestamps': True, 'reader_sleep_seconds': 1, 'reader_flush_proportion': 0.9, 'downscale_factor': 16, 'dilate_kernel_size': 128, 'movement_threshold': 40, 'persist_frames': 0, 'full_frame_guarantee': 300, 'video_codec': 'X264', 'num_opencv_threads': 10}
[2024-06-24 10:39:53,075] [INFO    ] [MainThread    ] Outputting to Outputting to /home/pi-cam51/EcoMotionZip/Experiments/Results/Rep1/EcoMotionZip
[2024-06-24 10:39:53,202] [INFO    ] [MainThread    ] Will sleep 1 seconds if reading queue fills up with 460 frames. This *should not happen* if you're using a live webcam, else the frames are being processed too slowly!
[2024-06-24 10:39:53,202] [INFO    ] [MainThread    ] Dilation kernel downscaled by 16x from 128 to 8
[2024-06-24 10:39:53,202] [INFO    ] [MainThread    ] Will flush buffer to output file every 64 frames
[2024-06-24 10:39:53,202] [INFO    ] [MainThread    ] Starting ReaderThread
[2024-06-24 10:39:53,203] [INFO    ] [MainThread    ] Starting MotionThread
[2024-06-24 10:39:53,205] [INFO    ] [MainThread    ] Starting WriterThread
[2024-06-24 10:39:57,930] [INFO    ] [WriterThread  ] Written 50 frames so far
[2024-06-24 10:40:00,704] [INFO    ] [WriterThread  ] Written 100 frames so far
[2024-06-24 10:40:03,307] [INFO    ] [WriterThread  ] Written 150 frames so far
[2024-06-24 10:40:05,878] [INFO    ] [WriterThread  ] Written 200 frames so far
[2024-06-24 10:40:08,295] [INFO    ] [WriterThread  ] Written 250 frames so far
[2024-06-24 10:40:10,671] [INFO    ] [WriterThread  ] Written 300 frames so far
[2024-06-24 10:40:13,175] [INFO    ] [WriterThread  ] Written 350 frames so far
[2024-06-24 10:40:14,326] [INFO    ] [ReaderThread  ] Adding None to end of reading queue
[2024-06-24 10:40:15,079] [INFO    ] [WriterThread  ] Written 400 frames so far
[2024-06-24 10:40:16,702] [INFO    ] [WriterThread  ] Written 450 frames so far
[2024-06-24 10:40:18,537] [INFO    ] [WriterThread  ] Written 500 frames so far
[2024-06-24 10:40:19,741] [INFO    ] [WriterThread  ] Written 550 frames so far
[2024-06-24 10:40:20,814] [INFO    ] [WriterThread  ] Written 600 frames so far
[2024-06-24 10:40:21,866] [INFO    ] [WriterThread  ] Written 650 frames so far
[2024-06-24 10:40:23,123] [INFO    ] [WriterThread  ] Written 700 frames so far
[2024-06-24 10:40:24,152] [INFO    ] [WriterThread  ] Written 750 frames so far
[2024-06-24 10:40:25,288] [INFO    ] [MainThread    ] All child processes appear to have finished! Exiting infinite loop...
[2024-06-24 10:40:25,288] [INFO    ] [MainThread    ] Joining ReaderThread
[2024-06-24 10:40:25,288] [INFO    ] [MainThread    ] Joining MotionThread
[2024-06-24 10:40:25,288] [INFO    ] [MainThread    ] Joining WriterThread
[2024-06-24 10:40:25,288] [INFO    ] [MainThread    ] Finished processing at :  2024-06-24 10:40:25.288582
[2024-06-24 10:40:25,288] [INFO    ] [MainThread    ] Finished main() in 32.22 seconds.
[2024-06-24 10:51:06,463] [INFO    ] [MainThread    ] Starting processing at :  2024-06-24 10:51:06.460510
[2024-06-24 10:51:06,463] [INFO    ] [MainThread    ] Running main() with Config:  {'video_source': '/home/pi-cam51/EcoMotionZip/Experiments/Test_Video_Dataset/vanderVoort2022/Sup-Mat-1-reduced-video.mp4', 'output_directory': '/home/pi-cam51/EcoMotionZip/Experiments/Results/Rep1', 'record_duration': 60, 'number_of_videos': 1, 'camera_resolution': [1920, 1080], 'camera_fps': 32, 'raspberrypi_camera': False, 'delete_original': False, 'embed_timestamps': False, 'reader_sleep_seconds': 1, 'reader_flush_proportion': 0.9, 'downscale_factor': 16, 'dilate_kernel_size': 128, 'movement_threshold': 40, 'persist_frames': 0, 'full_frame_guarantee': 300, 'video_codec': 'X264', 'num_opencv_threads': 10}
[2024-06-24 10:51:06,463] [INFO    ] [MainThread    ] Outputting to Outputting to /home/pi-cam51/EcoMotionZip/Experiments/Results/Rep1/EcoMotionZip
[2024-06-24 10:51:06,491] [INFO    ] [MainThread    ] Will sleep 1 seconds if reading queue fills up with 460 frames. This *should not happen* if you're using a live webcam, else the frames are being processed too slowly!
[2024-06-24 10:51:06,492] [INFO    ] [MainThread    ] Dilation kernel downscaled by 16x from 128 to 8
[2024-06-24 10:51:06,492] [INFO    ] [MainThread    ] Will flush buffer to output file every 64 frames
[2024-06-24 10:51:06,492] [INFO    ] [MainThread    ] Starting ReaderThread
[2024-06-24 10:51:06,492] [INFO    ] [MainThread    ] Starting MotionThread
[2024-06-24 10:51:06,493] [INFO    ] [MainThread    ] Starting WriterThread
[2024-06-24 10:51:10,826] [INFO    ] [WriterThread  ] Written 50 frames so far
[2024-06-24 10:51:13,619] [INFO    ] [WriterThread  ] Written 100 frames so far
[2024-06-24 10:51:16,487] [INFO    ] [WriterThread  ] Written 150 frames so far
[2024-06-24 10:51:19,261] [INFO    ] [WriterThread  ] Written 200 frames so far
[2024-06-24 10:51:21,835] [INFO    ] [WriterThread  ] Written 250 frames so far
[2024-06-24 10:51:24,351] [INFO    ] [WriterThread  ] Written 300 frames so far
[2024-06-24 10:51:27,185] [INFO    ] [WriterThread  ] Written 350 frames so far
[2024-06-24 10:51:28,780] [INFO    ] [ReaderThread  ] Adding None to end of reading queue
[2024-06-24 10:51:29,715] [INFO    ] [WriterThread  ] Written 400 frames so far
[2024-06-24 10:51:31,815] [INFO    ] [WriterThread  ] Written 450 frames so far
[2024-06-24 10:51:33,718] [INFO    ] [WriterThread  ] Written 500 frames so far
[2024-06-24 10:51:35,114] [INFO    ] [WriterThread  ] Written 550 frames so far
[2024-06-24 10:51:36,251] [INFO    ] [WriterThread  ] Written 600 frames so far
[2024-06-24 10:51:37,410] [INFO    ] [WriterThread  ] Written 650 frames so far
[2024-06-24 10:51:38,611] [INFO    ] [WriterThread  ] Written 700 frames so far
[2024-06-24 10:51:39,730] [INFO    ] [WriterThread  ] Written 750 frames so far
[2024-06-24 10:51:41,080] [INFO    ] [MainThread    ] All child processes appear to have finished! Exiting infinite loop...
[2024-06-24 10:51:41,081] [INFO    ] [MainThread    ] Joining ReaderThread
[2024-06-24 10:51:41,081] [INFO    ] [MainThread    ] Joining MotionThread
[2024-06-24 10:51:41,081] [INFO    ] [MainThread    ] Joining WriterThread
[2024-06-24 10:51:41,081] [INFO    ] [MainThread    ] Finished processing at :  2024-06-24 10:51:41.081633
[2024-06-24 10:51:41,081] [INFO    ] [MainThread    ] Finished main() in 34.62 seconds.
[2024-06-24 10:57:55,356] [INFO    ] [MainThread    ] Starting processing at :  2024-06-24 10:57:55.353948
[2024-06-24 10:57:55,357] [INFO    ] [MainThread    ] Running main() with Config:  {'video_source': '/home/pi-cam51/EcoMotionZip/Experiments/Test_Video_Dataset/vanderVoort2022/Sup-Mat-1-reduced-video.mp4', 'output_directory': '/home/pi-cam51/EcoMotionZip/Experiments/Results/Rep1', 'record_duration': 60, 'number_of_videos': 1, 'camera_resolution': [1920, 1080], 'camera_fps': 32, 'raspberrypi_camera': False, 'delete_original': False, 'embed_timestamps': False, 'reader_sleep_seconds': 1, 'reader_flush_proportion': 0.9, 'downscale_factor': 16, 'dilate_kernel_size': 128, 'movement_threshold': 40, 'persist_frames': 0, 'full_frame_guarantee': 300, 'video_codec': 'X264', 'container_format': '.mp4', 'num_opencv_threads': 10}
[2024-06-24 10:57:55,357] [INFO    ] [MainThread    ] Outputting to Outputting to /home/pi-cam51/EcoMotionZip/Experiments/Results/Rep1/EcoMotionZip
[2024-06-24 10:57:55,385] [INFO    ] [MainThread    ] Will sleep 1 seconds if reading queue fills up with 460 frames. This *should not happen* if you're using a live webcam, else the frames are being processed too slowly!
[2024-06-24 10:57:55,386] [INFO    ] [MainThread    ] Dilation kernel downscaled by 16x from 128 to 8
[2024-06-24 10:57:55,386] [INFO    ] [MainThread    ] Will flush buffer to output file every 64 frames
[2024-06-24 10:57:55,386] [INFO    ] [MainThread    ] Starting ReaderThread
[2024-06-24 10:57:55,387] [INFO    ] [MainThread    ] Starting MotionThread
[2024-06-24 10:57:55,388] [INFO    ] [MainThread    ] Starting WriterThread
[2024-06-24 10:57:59,515] [INFO    ] [WriterThread  ] Written 50 frames so far
[2024-06-24 10:58:02,706] [INFO    ] [WriterThread  ] Written 100 frames so far
[2024-06-24 10:58:05,487] [INFO    ] [WriterThread  ] Written 150 frames so far
[2024-06-24 10:58:08,218] [INFO    ] [WriterThread  ] Written 200 frames so far
[2024-06-24 10:58:10,968] [INFO    ] [WriterThread  ] Written 250 frames so far
[2024-06-24 10:58:13,667] [INFO    ] [WriterThread  ] Written 300 frames so far
[2024-06-24 10:58:16,386] [INFO    ] [WriterThread  ] Written 350 frames so far
[2024-06-24 10:58:18,535] [INFO    ] [ReaderThread  ] Adding None to end of reading queue
[2024-06-24 10:58:19,139] [INFO    ] [WriterThread  ] Written 400 frames so far
[2024-06-24 10:58:21,320] [INFO    ] [WriterThread  ] Written 450 frames so far
[2024-06-24 10:58:23,211] [INFO    ] [WriterThread  ] Written 500 frames so far
[2024-06-24 10:58:24,492] [INFO    ] [WriterThread  ] Written 550 frames so far
[2024-06-24 10:58:25,627] [INFO    ] [WriterThread  ] Written 600 frames so far
[2024-06-24 10:58:26,744] [INFO    ] [WriterThread  ] Written 650 frames so far
[2024-06-24 10:58:27,862] [INFO    ] [WriterThread  ] Written 700 frames so far
[2024-06-24 10:58:28,924] [INFO    ] [WriterThread  ] Written 750 frames so far
[2024-06-24 10:58:30,485] [INFO    ] [MainThread    ] All child processes appear to have finished! Exiting infinite loop...
[2024-06-24 10:58:30,485] [INFO    ] [MainThread    ] Joining ReaderThread
[2024-06-24 10:58:30,485] [INFO    ] [MainThread    ] Joining MotionThread
[2024-06-24 10:58:30,485] [INFO    ] [MainThread    ] Joining WriterThread
[2024-06-24 10:58:30,485] [INFO    ] [MainThread    ] Finished processing at :  2024-06-24 10:58:30.485394
[2024-06-24 10:58:30,485] [INFO    ] [MainThread    ] Finished main() in 35.13 seconds.
