[2023-12-13 10:25:06,313] [INFO    ] [MainThread    ] Starting processing at :  2023-12-13 10:25:06.312745
[2023-12-13 10:25:06,313] [INFO    ] [MainThread    ] Running main() with Config:  {'video_source': '/Users/mrat0010/Documents/GitHub/EcoMotionZip/testing/test_videos/JamesCook/00029.MTS', 'output_directory': '/Users/mrat0010/Documents/GitHub/EcoMotionZip/testing', 'record_duration': 60, 'number_of_videos': 1, 'camera_resolution': [1920, 1080], 'camera_fps': 32, 'raspberrypi_camera': False, 'delete_original': False, 'embed_timestamps': True, 'reader_sleep_seconds': 1, 'reader_flush_proportion': 0.9, 'downscale_factor': 16, 'dilate_kernel_size': 128, 'movement_threshold': 40, 'persist_frames': 0, 'full_frame_guarantee': 300, 'video_codec': 'X264', 'num_opencv_threads': 10}
[2023-12-13 10:25:06,313] [INFO    ] [MainThread    ] Outputting to Outputting to /Users/mrat0010/Documents/GitHub/EcoMotionZip/testing/EcoMotionZip
[2023-12-13 10:25:06,352] [INFO    ] [MainThread    ] Will sleep 1 seconds if reading queue fills up with 460 frames. This *should not happen* if you're using a live webcam, else the frames are being processed too slowly!
[2023-12-13 10:25:06,354] [INFO    ] [MainThread    ] Dilation kernel downscaled by 16x from 128 to 8
[2023-12-13 10:25:06,354] [INFO    ] [MainThread    ] Will flush buffer to output file every 64 frames
[2023-12-13 10:25:06,354] [INFO    ] [MainThread    ] Starting ReaderThread
[2023-12-13 10:25:06,354] [INFO    ] [MainThread    ] Starting MotionThread
[2023-12-13 10:25:06,354] [INFO    ] [MainThread    ] Starting WriterThread
[2023-12-13 10:25:06,907] [INFO    ] [WriterThread  ] Written 50 frames so far
[2023-12-13 10:25:07,275] [INFO    ] [WriterThread  ] Written 100 frames so far
[2023-12-13 10:25:07,581] [INFO    ] [WriterThread  ] Written 150 frames so far
[2023-12-13 10:25:07,923] [INFO    ] [WriterThread  ] Written 200 frames so far
[2023-12-13 10:25:08,206] [INFO    ] [WriterThread  ] Written 250 frames so far
[2023-12-13 10:25:08,501] [INFO    ] [WriterThread  ] Written 300 frames so far
[2023-12-13 10:25:08,819] [INFO    ] [WriterThread  ] Written 350 frames so far
[2023-12-13 10:25:09,178] [INFO    ] [WriterThread  ] Written 400 frames so far
[2023-12-13 10:25:09,556] [INFO    ] [WriterThread  ] Written 450 frames so far
[2023-12-13 10:25:09,915] [INFO    ] [WriterThread  ] Written 500 frames so far
[2023-12-13 10:25:10,216] [INFO    ] [WriterThread  ] Written 550 frames so far
[2023-12-13 10:25:10,472] [INFO    ] [WriterThread  ] Written 600 frames so far
[2023-12-13 10:25:10,732] [INFO    ] [WriterThread  ] Written 650 frames so far
[2023-12-13 10:25:11,038] [INFO    ] [WriterThread  ] Written 700 frames so far
[2023-12-13 10:25:11,374] [INFO    ] [WriterThread  ] Written 750 frames so far
[2023-12-13 10:25:11,718] [INFO    ] [WriterThread  ] Written 800 frames so far
[2023-12-13 10:25:12,041] [INFO    ] [WriterThread  ] Written 850 frames so far
[2023-12-13 10:25:12,298] [INFO    ] [WriterThread  ] Written 900 frames so far
[2023-12-13 10:25:12,588] [INFO    ] [WriterThread  ] Written 950 frames so far
[2023-12-13 10:25:12,913] [INFO    ] [WriterThread  ] Written 1000 frames so far
[2023-12-13 10:25:13,258] [INFO    ] [WriterThread  ] Written 1050 frames so far
[2023-12-13 10:25:13,548] [INFO    ] [WriterThread  ] Written 1100 frames so far
[2023-12-13 10:25:13,880] [INFO    ] [WriterThread  ] Written 1150 frames so far
[2023-12-13 10:25:14,232] [INFO    ] [WriterThread  ] Written 1200 frames so far
[2023-12-13 10:25:14,564] [INFO    ] [WriterThread  ] Written 1250 frames so far
[2023-12-13 10:25:14,870] [INFO    ] [WriterThread  ] Written 1300 frames so far
[2023-12-13 10:25:15,128] [INFO    ] [WriterThread  ] Written 1350 frames so far
[2023-12-13 10:25:15,429] [INFO    ] [WriterThread  ] Written 1400 frames so far
[2023-12-13 10:25:15,762] [INFO    ] [WriterThread  ] Written 1450 frames so far
[2023-12-13 10:25:16,059] [INFO    ] [WriterThread  ] Written 1500 frames so far
[2023-12-13 10:25:16,384] [INFO    ] [WriterThread  ] Written 1550 frames so far
[2023-12-13 10:25:16,679] [INFO    ] [WriterThread  ] Written 1600 frames so far
[2023-12-13 10:25:16,962] [INFO    ] [WriterThread  ] Written 1650 frames so far
[2023-12-13 10:25:17,239] [INFO    ] [WriterThread  ] Written 1700 frames so far
[2023-12-13 10:25:17,549] [INFO    ] [WriterThread  ] Written 1750 frames so far
[2023-12-13 10:25:17,817] [INFO    ] [WriterThread  ] Written 1800 frames so far
[2023-12-13 10:25:18,104] [INFO    ] [WriterThread  ] Written 1850 frames so far
[2023-12-13 10:25:18,382] [INFO    ] [WriterThread  ] Written 1900 frames so far
[2023-12-13 10:25:18,690] [INFO    ] [WriterThread  ] Written 1950 frames so far
[2023-12-13 10:25:18,999] [INFO    ] [WriterThread  ] Written 2000 frames so far
[2023-12-13 10:25:19,310] [INFO    ] [WriterThread  ] Written 2050 frames so far
[2023-12-13 10:25:19,714] [INFO    ] [WriterThread  ] Written 2100 frames so far
[2023-12-13 10:25:20,121] [INFO    ] [WriterThread  ] Written 2150 frames so far
[2023-12-13 10:25:20,613] [INFO    ] [WriterThread  ] Written 2200 frames so far
[2023-12-13 10:25:21,013] [INFO    ] [WriterThread  ] Written 2250 frames so far
[2023-12-13 10:25:21,422] [INFO    ] [WriterThread  ] Written 2300 frames so far
[2023-12-13 10:25:21,796] [INFO    ] [WriterThread  ] Written 2350 frames so far
[2023-12-13 10:25:22,220] [INFO    ] [WriterThread  ] Written 2400 frames so far
[2023-12-13 10:25:22,642] [INFO    ] [WriterThread  ] Written 2450 frames so far
[2023-12-13 10:25:23,013] [INFO    ] [WriterThread  ] Written 2500 frames so far
[2023-12-13 10:25:23,352] [INFO    ] [WriterThread  ] Written 2550 frames so far
[2023-12-13 10:25:23,687] [INFO    ] [WriterThread  ] Written 2600 frames so far
[2023-12-13 10:25:23,988] [INFO    ] [WriterThread  ] Written 2650 frames so far
[2023-12-13 10:25:24,281] [INFO    ] [WriterThread  ] Written 2700 frames so far
[2023-12-13 10:25:24,604] [INFO    ] [WriterThread  ] Written 2750 frames so far
[2023-12-13 10:25:24,894] [INFO    ] [WriterThread  ] Written 2800 frames so far
[2023-12-13 10:25:25,151] [INFO    ] [WriterThread  ] Written 2850 frames so far
[2023-12-13 10:25:25,431] [INFO    ] [WriterThread  ] Written 2900 frames so far
[2023-12-13 10:25:25,738] [INFO    ] [WriterThread  ] Written 2950 frames so far
[2023-12-13 10:25:26,095] [INFO    ] [WriterThread  ] Written 3000 frames so far
[2023-12-13 10:25:26,425] [INFO    ] [WriterThread  ] Written 3050 frames so far
[2023-12-13 10:25:26,818] [INFO    ] [WriterThread  ] Written 3100 frames so far
[2023-12-13 10:25:27,200] [INFO    ] [WriterThread  ] Written 3150 frames so far
[2023-12-13 10:25:27,522] [INFO    ] [WriterThread  ] Written 3200 frames so far
[2023-12-13 10:25:27,840] [INFO    ] [WriterThread  ] Written 3250 frames so far
[2023-12-13 10:25:28,145] [INFO    ] [WriterThread  ] Written 3300 frames so far
[2023-12-13 10:25:28,505] [INFO    ] [WriterThread  ] Written 3350 frames so far
[2023-12-13 10:25:28,835] [INFO    ] [WriterThread  ] Written 3400 frames so far
[2023-12-13 10:25:29,174] [INFO    ] [WriterThread  ] Written 3450 frames so far
[2023-12-13 10:25:29,545] [INFO    ] [WriterThread  ] Written 3500 frames so far
[2023-12-13 10:25:29,876] [INFO    ] [WriterThread  ] Written 3550 frames so far
[2023-12-13 10:25:30,211] [INFO    ] [WriterThread  ] Written 3600 frames so far
[2023-12-13 10:25:30,547] [INFO    ] [WriterThread  ] Written 3650 frames so far
[2023-12-13 10:25:30,881] [INFO    ] [WriterThread  ] Written 3700 frames so far
[2023-12-13 10:25:31,203] [INFO    ] [WriterThread  ] Written 3750 frames so far
[2023-12-13 10:25:31,537] [INFO    ] [WriterThread  ] Written 3800 frames so far
[2023-12-13 10:25:31,825] [INFO    ] [WriterThread  ] Written 3850 frames so far
[2023-12-13 10:25:32,162] [INFO    ] [WriterThread  ] Written 3900 frames so far
[2023-12-13 10:25:32,426] [INFO    ] [WriterThread  ] Written 3950 frames so far
[2023-12-13 10:25:32,693] [INFO    ] [WriterThread  ] Written 4000 frames so far
[2023-12-13 10:25:32,967] [INFO    ] [WriterThread  ] Written 4050 frames so far
[2023-12-13 10:25:33,290] [INFO    ] [WriterThread  ] Written 4100 frames so far
[2023-12-13 10:25:33,604] [INFO    ] [WriterThread  ] Written 4150 frames so far
[2023-12-13 10:25:33,893] [INFO    ] [WriterThread  ] Written 4200 frames so far
[2023-12-13 10:25:34,168] [INFO    ] [WriterThread  ] Written 4250 frames so far
[2023-12-13 10:25:34,424] [INFO    ] [WriterThread  ] Written 4300 frames so far
[2023-12-13 10:25:34,742] [INFO    ] [WriterThread  ] Written 4350 frames so far
[2023-12-13 10:25:35,056] [INFO    ] [WriterThread  ] Written 4400 frames so far
[2023-12-13 10:25:35,391] [INFO    ] [WriterThread  ] Written 4450 frames so far
[2023-12-13 10:25:35,697] [INFO    ] [WriterThread  ] Written 4500 frames so far
[2023-12-13 10:25:36,007] [INFO    ] [WriterThread  ] Written 4550 frames so far
[2023-12-13 10:25:36,352] [INFO    ] [WriterThread  ] Written 4600 frames so far
[2023-12-13 10:25:36,639] [INFO    ] [WriterThread  ] Written 4650 frames so far
[2023-12-13 10:25:36,946] [INFO    ] [WriterThread  ] Written 4700 frames so far
[2023-12-13 10:25:37,253] [INFO    ] [WriterThread  ] Written 4750 frames so far
[2023-12-13 10:25:37,550] [INFO    ] [WriterThread  ] Written 4800 frames so far
[2023-12-13 10:25:37,896] [INFO    ] [WriterThread  ] Written 4850 frames so far
[2023-12-13 10:25:38,181] [INFO    ] [WriterThread  ] Written 4900 frames so far
[2023-12-13 10:25:38,499] [INFO    ] [WriterThread  ] Written 4950 frames so far
[2023-12-13 10:25:38,867] [INFO    ] [WriterThread  ] Written 5000 frames so far
[2023-12-13 10:25:39,187] [INFO    ] [WriterThread  ] Written 5050 frames so far
[2023-12-13 10:25:39,505] [INFO    ] [WriterThread  ] Written 5100 frames so far
[2023-12-13 10:25:39,860] [INFO    ] [WriterThread  ] Written 5150 frames so far
[2023-12-13 10:25:40,228] [INFO    ] [WriterThread  ] Written 5200 frames so far
[2023-12-13 10:25:40,578] [INFO    ] [WriterThread  ] Written 5250 frames so far
[2023-12-13 10:25:40,882] [INFO    ] [WriterThread  ] Written 5300 frames so far
[2023-12-13 10:25:41,188] [INFO    ] [WriterThread  ] Written 5350 frames so far
[2023-12-13 10:25:41,510] [INFO    ] [WriterThread  ] Written 5400 frames so far
[2023-12-13 10:25:41,768] [INFO    ] [WriterThread  ] Written 5450 frames so far
[2023-12-13 10:25:42,083] [INFO    ] [WriterThread  ] Written 5500 frames so far
[2023-12-13 10:25:42,431] [INFO    ] [WriterThread  ] Written 5550 frames so far
[2023-12-13 10:25:42,751] [INFO    ] [WriterThread  ] Written 5600 frames so far
[2023-12-13 10:25:43,020] [INFO    ] [WriterThread  ] Written 5650 frames so far
[2023-12-13 10:25:43,282] [INFO    ] [WriterThread  ] Written 5700 frames so far
[2023-12-13 10:25:43,613] [INFO    ] [WriterThread  ] Written 5750 frames so far
[2023-12-13 10:25:44,029] [INFO    ] [WriterThread  ] Written 5800 frames so far
[2023-12-13 10:25:44,350] [INFO    ] [WriterThread  ] Written 5850 frames so far
[2023-12-13 10:25:44,631] [INFO    ] [WriterThread  ] Written 5900 frames so far
[2023-12-13 10:25:44,913] [INFO    ] [WriterThread  ] Written 5950 frames so far
[2023-12-13 10:25:45,260] [INFO    ] [WriterThread  ] Written 6000 frames so far
[2023-12-13 10:25:45,523] [INFO    ] [WriterThread  ] Written 6050 frames so far
[2023-12-13 10:25:45,783] [INFO    ] [WriterThread  ] Written 6100 frames so far
[2023-12-13 10:25:46,087] [INFO    ] [WriterThread  ] Written 6150 frames so far
[2023-12-13 10:25:46,438] [INFO    ] [WriterThread  ] Written 6200 frames so far
[2023-12-13 10:25:46,743] [INFO    ] [WriterThread  ] Written 6250 frames so far
[2023-12-13 10:25:47,093] [INFO    ] [WriterThread  ] Written 6300 frames so far
[2023-12-13 10:25:47,473] [INFO    ] [WriterThread  ] Written 6350 frames so far
[2023-12-13 10:25:47,869] [INFO    ] [WriterThread  ] Written 6400 frames so far
[2023-12-13 10:25:48,222] [INFO    ] [WriterThread  ] Written 6450 frames so far
[2023-12-13 10:25:48,542] [INFO    ] [WriterThread  ] Written 6500 frames so far
[2023-12-13 10:25:48,851] [INFO    ] [WriterThread  ] Written 6550 frames so far
[2023-12-13 10:25:49,163] [INFO    ] [WriterThread  ] Written 6600 frames so far
[2023-12-13 10:25:49,474] [INFO    ] [WriterThread  ] Written 6650 frames so far
[2023-12-13 10:25:49,838] [INFO    ] [WriterThread  ] Written 6700 frames so far
[2023-12-13 10:25:50,180] [INFO    ] [WriterThread  ] Written 6750 frames so far
[2023-12-13 10:25:50,540] [INFO    ] [WriterThread  ] Written 6800 frames so far
[2023-12-13 10:25:50,857] [INFO    ] [WriterThread  ] Written 6850 frames so far
[2023-12-13 10:25:51,198] [INFO    ] [WriterThread  ] Written 6900 frames so far
[2023-12-13 10:25:51,549] [INFO    ] [WriterThread  ] Written 6950 frames so far
[2023-12-13 10:25:51,826] [INFO    ] [WriterThread  ] Written 7000 frames so far
[2023-12-13 10:25:52,126] [INFO    ] [WriterThread  ] Written 7050 frames so far
[2023-12-13 10:25:52,425] [INFO    ] [WriterThread  ] Written 7100 frames so far
[2023-12-13 10:25:52,768] [INFO    ] [WriterThread  ] Written 7150 frames so far
[2023-12-13 10:25:53,118] [INFO    ] [WriterThread  ] Written 7200 frames so far
[2023-12-13 10:25:53,433] [INFO    ] [WriterThread  ] Written 7250 frames so far
[2023-12-13 10:25:53,766] [INFO    ] [WriterThread  ] Written 7300 frames so far
[2023-12-13 10:25:54,092] [INFO    ] [WriterThread  ] Written 7350 frames so far
[2023-12-13 10:25:54,417] [INFO    ] [WriterThread  ] Written 7400 frames so far
[2023-12-13 10:25:54,727] [INFO    ] [WriterThread  ] Written 7450 frames so far
[2023-12-13 10:25:55,034] [INFO    ] [WriterThread  ] Written 7500 frames so far
[2023-12-13 10:25:55,309] [INFO    ] [WriterThread  ] Written 7550 frames so far
[2023-12-13 10:25:55,703] [INFO    ] [WriterThread  ] Written 7600 frames so far
[2023-12-13 10:25:56,162] [INFO    ] [WriterThread  ] Written 7650 frames so far
[2023-12-13 10:25:56,568] [INFO    ] [WriterThread  ] Written 7700 frames so far
[2023-12-13 10:25:56,911] [INFO    ] [WriterThread  ] Written 7750 frames so far
[2023-12-13 10:25:57,228] [INFO    ] [WriterThread  ] Written 7800 frames so far
[2023-12-13 10:25:57,540] [INFO    ] [WriterThread  ] Written 7850 frames so far
[2023-12-13 10:25:57,876] [INFO    ] [WriterThread  ] Written 7900 frames so far
[2023-12-13 10:25:58,155] [INFO    ] [WriterThread  ] Written 7950 frames so far
[2023-12-13 10:25:58,461] [INFO    ] [WriterThread  ] Written 8000 frames so far
[2023-12-13 10:25:58,817] [INFO    ] [WriterThread  ] Written 8050 frames so far
[2023-12-13 10:25:59,175] [INFO    ] [WriterThread  ] Written 8100 frames so far
[2023-12-13 10:25:59,553] [INFO    ] [WriterThread  ] Written 8150 frames so far
[2023-12-13 10:25:59,872] [INFO    ] [WriterThread  ] Written 8200 frames so far
[2023-12-13 10:26:00,194] [INFO    ] [WriterThread  ] Written 8250 frames so far
[2023-12-13 10:26:00,480] [INFO    ] [WriterThread  ] Written 8300 frames so far
[2023-12-13 10:26:00,815] [INFO    ] [WriterThread  ] Written 8350 frames so far
[2023-12-13 10:26:01,104] [INFO    ] [WriterThread  ] Written 8400 frames so far
[2023-12-13 10:26:01,420] [INFO    ] [WriterThread  ] Written 8450 frames so far
[2023-12-13 10:26:01,705] [INFO    ] [WriterThread  ] Written 8500 frames so far
[2023-12-13 10:26:02,040] [INFO    ] [WriterThread  ] Written 8550 frames so far
[2023-12-13 10:26:02,426] [INFO    ] [WriterThread  ] Written 8600 frames so far
[2023-12-13 10:26:02,795] [INFO    ] [WriterThread  ] Written 8650 frames so far
[2023-12-13 10:26:03,246] [INFO    ] [WriterThread  ] Written 8700 frames so far
[2023-12-13 10:26:03,715] [INFO    ] [WriterThread  ] Written 8750 frames so far
[2023-12-13 10:26:04,177] [INFO    ] [WriterThread  ] Written 8800 frames so far
[2023-12-13 10:26:04,571] [INFO    ] [WriterThread  ] Written 8850 frames so far
[2023-12-13 10:26:04,940] [INFO    ] [WriterThread  ] Written 8900 frames so far
[2023-12-13 10:26:05,313] [INFO    ] [WriterThread  ] Written 8950 frames so far
[2023-12-13 10:26:05,659] [INFO    ] [WriterThread  ] Written 9000 frames so far
[2023-12-13 10:26:05,952] [INFO    ] [WriterThread  ] Written 9050 frames so far
[2023-12-13 10:26:06,243] [INFO    ] [WriterThread  ] Written 9100 frames so far
[2023-12-13 10:26:06,582] [INFO    ] [WriterThread  ] Written 9150 frames so far
[2023-12-13 10:26:06,965] [INFO    ] [WriterThread  ] Written 9200 frames so far
[2023-12-13 10:26:07,353] [INFO    ] [WriterThread  ] Written 9250 frames so far
[2023-12-13 10:26:07,699] [INFO    ] [WriterThread  ] Written 9300 frames so far
[2023-12-13 10:26:08,016] [INFO    ] [WriterThread  ] Written 9350 frames so far
[2023-12-13 10:26:08,312] [INFO    ] [WriterThread  ] Written 9400 frames so far
[2023-12-13 10:26:08,634] [INFO    ] [WriterThread  ] Written 9450 frames so far
[2023-12-13 10:26:08,904] [INFO    ] [WriterThread  ] Written 9500 frames so far
[2023-12-13 10:26:09,150] [INFO    ] [WriterThread  ] Written 9550 frames so far
[2023-12-13 10:26:09,447] [INFO    ] [WriterThread  ] Written 9600 frames so far
[2023-12-13 10:26:09,746] [INFO    ] [WriterThread  ] Written 9650 frames so far
[2023-12-13 10:26:10,046] [INFO    ] [WriterThread  ] Written 9700 frames so far
[2023-12-13 10:26:10,343] [INFO    ] [WriterThread  ] Written 9750 frames so far
[2023-12-13 10:26:10,650] [INFO    ] [WriterThread  ] Written 9800 frames so far
[2023-12-13 10:26:10,895] [INFO    ] [WriterThread  ] Written 9850 frames so far
[2023-12-13 10:26:11,143] [INFO    ] [WriterThread  ] Written 9900 frames so far
[2023-12-13 10:26:11,474] [INFO    ] [WriterThread  ] Written 9950 frames so far
[2023-12-13 10:26:11,768] [INFO    ] [WriterThread  ] Written 10000 frames so far
[2023-12-13 10:26:12,026] [INFO    ] [WriterThread  ] Written 10050 frames so far
[2023-12-13 10:26:12,287] [INFO    ] [WriterThread  ] Written 10100 frames so far
[2023-12-13 10:26:12,537] [INFO    ] [WriterThread  ] Written 10150 frames so far
[2023-12-13 10:26:12,785] [INFO    ] [WriterThread  ] Written 10200 frames so far
[2023-12-13 10:26:13,062] [INFO    ] [WriterThread  ] Written 10250 frames so far
[2023-12-13 10:26:13,408] [INFO    ] [WriterThread  ] Written 10300 frames so far
[2023-12-13 10:26:13,781] [INFO    ] [WriterThread  ] Written 10350 frames so far
[2023-12-13 10:26:14,086] [INFO    ] [WriterThread  ] Written 10400 frames so far
[2023-12-13 10:26:14,350] [INFO    ] [WriterThread  ] Written 10450 frames so far
[2023-12-13 10:26:14,616] [INFO    ] [WriterThread  ] Written 10500 frames so far
[2023-12-13 10:26:14,961] [INFO    ] [WriterThread  ] Written 10550 frames so far
[2023-12-13 10:26:15,282] [INFO    ] [WriterThread  ] Written 10600 frames so far
[2023-12-13 10:26:15,584] [INFO    ] [WriterThread  ] Written 10650 frames so far
[2023-12-13 10:26:15,914] [INFO    ] [WriterThread  ] Written 10700 frames so far
[2023-12-13 10:26:16,239] [INFO    ] [WriterThread  ] Written 10750 frames so far
[2023-12-13 10:26:16,614] [INFO    ] [WriterThread  ] Written 10800 frames so far
[2023-12-13 10:26:16,931] [INFO    ] [WriterThread  ] Written 10850 frames so far
[2023-12-13 10:26:17,259] [INFO    ] [WriterThread  ] Written 10900 frames so far
[2023-12-13 10:26:17,635] [INFO    ] [WriterThread  ] Written 10950 frames so far
[2023-12-13 10:26:18,037] [INFO    ] [WriterThread  ] Written 11000 frames so far
[2023-12-13 10:26:18,449] [INFO    ] [WriterThread  ] Written 11050 frames so far
[2023-12-13 10:26:18,888] [INFO    ] [WriterThread  ] Written 11100 frames so far
[2023-12-13 10:26:19,245] [INFO    ] [WriterThread  ] Written 11150 frames so far
[2023-12-13 10:26:19,638] [INFO    ] [WriterThread  ] Written 11200 frames so far
[2023-12-13 10:26:19,975] [INFO    ] [WriterThread  ] Written 11250 frames so far
[2023-12-13 10:26:20,277] [INFO    ] [WriterThread  ] Written 11300 frames so far
[2023-12-13 10:26:20,610] [INFO    ] [WriterThread  ] Written 11350 frames so far
[2023-12-13 10:26:20,878] [INFO    ] [WriterThread  ] Written 11400 frames so far
[2023-12-13 10:26:21,153] [INFO    ] [WriterThread  ] Written 11450 frames so far
[2023-12-13 10:26:21,444] [INFO    ] [WriterThread  ] Written 11500 frames so far
[2023-12-13 10:26:21,745] [INFO    ] [WriterThread  ] Written 11550 frames so far
[2023-12-13 10:26:21,981] [INFO    ] [WriterThread  ] Written 11600 frames so far
[2023-12-13 10:26:22,292] [INFO    ] [WriterThread  ] Written 11650 frames so far
[2023-12-13 10:26:22,604] [INFO    ] [WriterThread  ] Written 11700 frames so far
[2023-12-13 10:26:22,898] [INFO    ] [WriterThread  ] Written 11750 frames so far
[2023-12-13 10:26:23,187] [INFO    ] [WriterThread  ] Written 11800 frames so far
[2023-12-13 10:26:23,493] [INFO    ] [WriterThread  ] Written 11850 frames so far
[2023-12-13 10:26:23,809] [INFO    ] [WriterThread  ] Written 11900 frames so far
[2023-12-13 10:26:24,120] [INFO    ] [WriterThread  ] Written 11950 frames so far
[2023-12-13 10:26:24,411] [INFO    ] [WriterThread  ] Written 12000 frames so far
[2023-12-13 10:26:24,693] [INFO    ] [WriterThread  ] Written 12050 frames so far
[2023-12-13 10:26:25,001] [INFO    ] [WriterThread  ] Written 12100 frames so far
[2023-12-13 10:26:25,327] [INFO    ] [WriterThread  ] Written 12150 frames so far
[2023-12-13 10:26:25,652] [INFO    ] [WriterThread  ] Written 12200 frames so far
[2023-12-13 10:26:25,985] [INFO    ] [WriterThread  ] Written 12250 frames so far
[2023-12-13 10:26:26,295] [INFO    ] [WriterThread  ] Written 12300 frames so far
[2023-12-13 10:26:26,590] [INFO    ] [WriterThread  ] Written 12350 frames so far
[2023-12-13 10:26:26,901] [INFO    ] [WriterThread  ] Written 12400 frames so far
[2023-12-13 10:26:27,269] [INFO    ] [WriterThread  ] Written 12450 frames so far
[2023-12-13 10:26:27,658] [INFO    ] [WriterThread  ] Written 12500 frames so far
[2023-12-13 10:26:28,096] [INFO    ] [WriterThread  ] Written 12550 frames so far
[2023-12-13 10:26:28,502] [INFO    ] [WriterThread  ] Written 12600 frames so far
[2023-12-13 10:26:28,860] [INFO    ] [WriterThread  ] Written 12650 frames so far
[2023-12-13 10:26:29,206] [INFO    ] [WriterThread  ] Written 12700 frames so far
[2023-12-13 10:26:29,619] [INFO    ] [WriterThread  ] Written 12750 frames so far
[2023-12-13 10:26:29,984] [INFO    ] [WriterThread  ] Written 12800 frames so far
[2023-12-13 10:26:30,331] [INFO    ] [WriterThread  ] Written 12850 frames so far
[2023-12-13 10:26:30,738] [INFO    ] [WriterThread  ] Written 12900 frames so far
[2023-12-13 10:26:31,138] [INFO    ] [WriterThread  ] Written 12950 frames so far
[2023-12-13 10:26:31,525] [INFO    ] [WriterThread  ] Written 13000 frames so far
[2023-12-13 10:26:31,918] [INFO    ] [WriterThread  ] Written 13050 frames so far
[2023-12-13 10:26:32,312] [INFO    ] [WriterThread  ] Written 13100 frames so far
[2023-12-13 10:26:32,682] [INFO    ] [WriterThread  ] Written 13150 frames so far
[2023-12-13 10:26:33,046] [INFO    ] [WriterThread  ] Written 13200 frames so far
[2023-12-13 10:26:33,392] [INFO    ] [WriterThread  ] Written 13250 frames so far
[2023-12-13 10:26:33,745] [INFO    ] [WriterThread  ] Written 13300 frames so far
[2023-12-13 10:26:34,063] [INFO    ] [WriterThread  ] Written 13350 frames so far
[2023-12-13 10:26:34,391] [INFO    ] [WriterThread  ] Written 13400 frames so far
[2023-12-13 10:26:34,713] [INFO    ] [WriterThread  ] Written 13450 frames so far
[2023-12-13 10:26:35,065] [INFO    ] [WriterThread  ] Written 13500 frames so far
[2023-12-13 10:26:35,417] [INFO    ] [WriterThread  ] Written 13550 frames so far
[2023-12-13 10:26:35,770] [INFO    ] [WriterThread  ] Written 13600 frames so far
[2023-12-13 10:26:36,113] [INFO    ] [WriterThread  ] Written 13650 frames so far
[2023-12-13 10:26:36,455] [INFO    ] [WriterThread  ] Written 13700 frames so far
[2023-12-13 10:26:36,795] [INFO    ] [WriterThread  ] Written 13750 frames so far
[2023-12-13 10:26:37,139] [INFO    ] [WriterThread  ] Written 13800 frames so far
[2023-12-13 10:26:37,500] [INFO    ] [WriterThread  ] Written 13850 frames so far
[2023-12-13 10:26:37,822] [INFO    ] [WriterThread  ] Written 13900 frames so far
[2023-12-13 10:26:38,148] [INFO    ] [WriterThread  ] Written 13950 frames so far
[2023-12-13 10:26:38,481] [INFO    ] [WriterThread  ] Written 14000 frames so far
[2023-12-13 10:26:38,795] [INFO    ] [WriterThread  ] Written 14050 frames so far
[2023-12-13 10:26:39,134] [INFO    ] [WriterThread  ] Written 14100 frames so far
[2023-12-13 10:26:39,467] [INFO    ] [WriterThread  ] Written 14150 frames so far
[2023-12-13 10:26:39,797] [INFO    ] [WriterThread  ] Written 14200 frames so far
[2023-12-13 10:26:40,112] [INFO    ] [WriterThread  ] Written 14250 frames so far
[2023-12-13 10:26:40,434] [INFO    ] [WriterThread  ] Written 14300 frames so far
[2023-12-13 10:26:40,715] [INFO    ] [WriterThread  ] Written 14350 frames so far
[2023-12-13 10:26:41,067] [INFO    ] [WriterThread  ] Written 14400 frames so far
[2023-12-13 10:26:41,425] [INFO    ] [WriterThread  ] Written 14450 frames so far
[2023-12-13 10:26:41,802] [INFO    ] [WriterThread  ] Written 14500 frames so far
[2023-12-13 10:26:42,160] [INFO    ] [WriterThread  ] Written 14550 frames so far
[2023-12-13 10:26:42,530] [INFO    ] [WriterThread  ] Written 14600 frames so far
[2023-12-13 10:26:42,881] [INFO    ] [WriterThread  ] Written 14650 frames so far
[2023-12-13 10:26:43,228] [INFO    ] [WriterThread  ] Written 14700 frames so far
[2023-12-13 10:26:43,582] [INFO    ] [WriterThread  ] Written 14750 frames so far
[2023-12-13 10:26:43,922] [INFO    ] [WriterThread  ] Written 14800 frames so far
[2023-12-13 10:26:44,262] [INFO    ] [WriterThread  ] Written 14850 frames so far
[2023-12-13 10:26:44,576] [INFO    ] [WriterThread  ] Written 14900 frames so far
[2023-12-13 10:26:44,900] [INFO    ] [WriterThread  ] Written 14950 frames so far
[2023-12-13 10:26:45,281] [INFO    ] [WriterThread  ] Written 15000 frames so far
[2023-12-13 10:26:45,751] [INFO    ] [WriterThread  ] Written 15050 frames so far
[2023-12-13 10:26:46,148] [INFO    ] [WriterThread  ] Written 15100 frames so far
[2023-12-13 10:26:46,469] [INFO    ] [WriterThread  ] Written 15150 frames so far
[2023-12-13 10:26:46,781] [INFO    ] [WriterThread  ] Written 15200 frames so far
[2023-12-13 10:26:47,119] [INFO    ] [WriterThread  ] Written 15250 frames so far
[2023-12-13 10:26:47,451] [INFO    ] [WriterThread  ] Written 15300 frames so far
[2023-12-13 10:26:47,701] [INFO    ] [WriterThread  ] Written 15350 frames so far
[2023-12-13 10:26:47,970] [INFO    ] [WriterThread  ] Written 15400 frames so far
[2023-12-13 10:26:48,237] [INFO    ] [WriterThread  ] Written 15450 frames so far
[2023-12-13 10:26:48,551] [INFO    ] [WriterThread  ] Written 15500 frames so far
[2023-12-13 10:26:48,907] [INFO    ] [WriterThread  ] Written 15550 frames so far
[2023-12-13 10:26:49,211] [INFO    ] [WriterThread  ] Written 15600 frames so far
[2023-12-13 10:26:49,561] [INFO    ] [WriterThread  ] Written 15650 frames so far
[2023-12-13 10:26:49,926] [INFO    ] [WriterThread  ] Written 15700 frames so far
[2023-12-13 10:26:50,246] [INFO    ] [WriterThread  ] Written 15750 frames so far
[2023-12-13 10:26:50,601] [INFO    ] [WriterThread  ] Written 15800 frames so far
[2023-12-13 10:26:50,973] [INFO    ] [WriterThread  ] Written 15850 frames so far
[2023-12-13 10:26:51,396] [INFO    ] [WriterThread  ] Written 15900 frames so far
[2023-12-13 10:26:51,831] [INFO    ] [WriterThread  ] Written 15950 frames so far
[2023-12-13 10:26:52,310] [INFO    ] [WriterThread  ] Written 16000 frames so far
[2023-12-13 10:26:52,805] [INFO    ] [WriterThread  ] Written 16050 frames so far
[2023-12-13 10:26:53,284] [INFO    ] [WriterThread  ] Written 16100 frames so far
[2023-12-13 10:26:53,794] [INFO    ] [WriterThread  ] Written 16150 frames so far
[2023-12-13 10:26:54,257] [INFO    ] [WriterThread  ] Written 16200 frames so far
[2023-12-13 10:26:54,692] [INFO    ] [WriterThread  ] Written 16250 frames so far
[2023-12-13 10:26:55,174] [INFO    ] [WriterThread  ] Written 16300 frames so far
[2023-12-13 10:26:55,652] [INFO    ] [WriterThread  ] Written 16350 frames so far
[2023-12-13 10:26:56,126] [INFO    ] [WriterThread  ] Written 16400 frames so far
[2023-12-13 10:26:56,555] [INFO    ] [WriterThread  ] Written 16450 frames so far
[2023-12-13 10:26:57,043] [INFO    ] [WriterThread  ] Written 16500 frames so far
[2023-12-13 10:26:57,484] [INFO    ] [WriterThread  ] Written 16550 frames so far
[2023-12-13 10:26:57,922] [INFO    ] [WriterThread  ] Written 16600 frames so far
[2023-12-13 10:26:58,322] [INFO    ] [WriterThread  ] Written 16650 frames so far
[2023-12-13 10:26:58,753] [INFO    ] [WriterThread  ] Written 16700 frames so far
[2023-12-13 10:26:59,205] [INFO    ] [WriterThread  ] Written 16750 frames so far
[2023-12-13 10:26:59,659] [INFO    ] [WriterThread  ] Written 16800 frames so far
[2023-12-13 10:27:00,146] [INFO    ] [WriterThread  ] Written 16850 frames so far
[2023-12-13 10:27:00,607] [INFO    ] [WriterThread  ] Written 16900 frames so far
[2023-12-13 10:27:01,039] [INFO    ] [WriterThread  ] Written 16950 frames so far
[2023-12-13 10:27:01,438] [INFO    ] [WriterThread  ] Written 17000 frames so far
[2023-12-13 10:27:01,802] [INFO    ] [WriterThread  ] Written 17050 frames so far
[2023-12-13 10:27:02,185] [INFO    ] [WriterThread  ] Written 17100 frames so far
[2023-12-13 10:27:02,548] [INFO    ] [WriterThread  ] Written 17150 frames so far
[2023-12-13 10:27:02,913] [INFO    ] [WriterThread  ] Written 17200 frames so far
[2023-12-13 10:27:03,284] [INFO    ] [WriterThread  ] Written 17250 frames so far
[2023-12-13 10:27:03,708] [INFO    ] [WriterThread  ] Written 17300 frames so far
[2023-12-13 10:27:04,145] [INFO    ] [WriterThread  ] Written 17350 frames so far
[2023-12-13 10:27:04,571] [INFO    ] [WriterThread  ] Written 17400 frames so far
[2023-12-13 10:27:05,051] [INFO    ] [WriterThread  ] Written 17450 frames so far
[2023-12-13 10:27:05,532] [INFO    ] [WriterThread  ] Written 17500 frames so far
[2023-12-13 10:27:05,629] [INFO    ] [ReaderThread  ] Adding None to end of reading queue
[2023-12-13 10:27:05,902] [INFO    ] [WriterThread  ] Written 17550 frames so far
[2023-12-13 10:27:06,273] [INFO    ] [WriterThread  ] Written 17600 frames so far
[2023-12-13 10:27:06,641] [INFO    ] [WriterThread  ] Written 17650 frames so far
[2023-12-13 10:27:07,077] [INFO    ] [WriterThread  ] Written 17700 frames so far
[2023-12-13 10:27:07,491] [INFO    ] [WriterThread  ] Written 17750 frames so far
[2023-12-13 10:27:07,869] [INFO    ] [WriterThread  ] Written 17800 frames so far
[2023-12-13 10:27:08,208] [INFO    ] [WriterThread  ] Written 17850 frames so far
[2023-12-13 10:27:08,482] [INFO    ] [WriterThread  ] Written 17900 frames so far
[2023-12-13 10:27:08,705] [INFO    ] [WriterThread  ] Written 17950 frames so far
[2023-12-13 10:27:08,899] [INFO    ] [WriterThread  ] Written 18000 frames so far
[2023-12-13 10:27:09,092] [INFO    ] [WriterThread  ] Written 18050 frames so far
[2023-12-13 10:27:09,351] [INFO    ] [WriterThread  ] Written 18100 frames so far
[2023-12-13 10:27:09,670] [INFO    ] [WriterThread  ] Written 18150 frames so far
[2023-12-13 10:27:09,970] [INFO    ] [WriterThread  ] Written 18200 frames so far
[2023-12-13 10:27:10,848] [INFO    ] [MainThread    ] All child processes appear to have finished! Exiting infinite loop...
[2023-12-13 10:27:10,849] [INFO    ] [MainThread    ] Joining ReaderThread
[2023-12-13 10:27:10,849] [INFO    ] [MainThread    ] Joining MotionThread
[2023-12-13 10:27:10,849] [INFO    ] [MainThread    ] Joining WriterThread
[2023-12-13 10:27:10,849] [INFO    ] [MainThread    ] Finished processing at :  2023-12-13 10:27:10.849388
[2023-12-13 10:27:10,849] [INFO    ] [MainThread    ] Finished main() in 124.54 seconds.
