[2023-12-13 10:22:03,826] [INFO    ] [MainThread    ] Starting processing at :  2023-12-13 10:22:03.824134
[2023-12-13 10:22:03,826] [INFO    ] [MainThread    ] Running main() with Config:  {'video_source': '/Users/mrat0010/Documents/GitHub/EcoMotionZip/testing/test_videos/JamesCook/00024.MTS', 'output_directory': '/Users/mrat0010/Documents/GitHub/EcoMotionZip/testing', 'record_duration': 60, 'number_of_videos': 1, 'camera_resolution': [1920, 1080], 'camera_fps': 32, 'raspberrypi_camera': False, 'delete_original': False, 'embed_timestamps': True, 'reader_sleep_seconds': 1, 'reader_flush_proportion': 0.9, 'downscale_factor': 16, 'dilate_kernel_size': 128, 'movement_threshold': 40, 'persist_frames': 0, 'full_frame_guarantee': 300, 'video_codec': 'X264', 'num_opencv_threads': 10}
[2023-12-13 10:22:03,826] [INFO    ] [MainThread    ] Outputting to Outputting to /Users/mrat0010/Documents/GitHub/EcoMotionZip/testing/EcoMotionZip
[2023-12-13 10:22:03,886] [INFO    ] [MainThread    ] Will sleep 1 seconds if reading queue fills up with 460 frames. This *should not happen* if you're using a live webcam, else the frames are being processed too slowly!
[2023-12-13 10:22:03,887] [INFO    ] [MainThread    ] Dilation kernel downscaled by 16x from 128 to 8
[2023-12-13 10:22:03,887] [INFO    ] [MainThread    ] Will flush buffer to output file every 64 frames
[2023-12-13 10:22:03,887] [INFO    ] [MainThread    ] Starting ReaderThread
[2023-12-13 10:22:03,887] [INFO    ] [MainThread    ] Starting MotionThread
[2023-12-13 10:22:03,887] [INFO    ] [MainThread    ] Starting WriterThread
[2023-12-13 10:22:04,972] [INFO    ] [WriterThread  ] Written 50 frames so far
[2023-12-13 10:22:05,438] [INFO    ] [WriterThread  ] Written 100 frames so far
[2023-12-13 10:22:05,922] [INFO    ] [WriterThread  ] Written 150 frames so far
[2023-12-13 10:22:06,173] [INFO    ] [WriterThread  ] Written 200 frames so far
[2023-12-13 10:22:06,460] [INFO    ] [WriterThread  ] Written 250 frames so far
[2023-12-13 10:22:06,762] [INFO    ] [WriterThread  ] Written 300 frames so far
[2023-12-13 10:22:07,070] [INFO    ] [WriterThread  ] Written 350 frames so far
[2023-12-13 10:22:07,418] [INFO    ] [WriterThread  ] Written 400 frames so far
[2023-12-13 10:22:07,743] [INFO    ] [WriterThread  ] Written 450 frames so far
[2023-12-13 10:22:08,065] [INFO    ] [WriterThread  ] Written 500 frames so far
[2023-12-13 10:22:08,385] [INFO    ] [WriterThread  ] Written 550 frames so far
[2023-12-13 10:22:08,689] [INFO    ] [WriterThread  ] Written 600 frames so far
[2023-12-13 10:22:09,016] [INFO    ] [WriterThread  ] Written 650 frames so far
[2023-12-13 10:22:09,323] [INFO    ] [WriterThread  ] Written 700 frames so far
[2023-12-13 10:22:09,633] [INFO    ] [WriterThread  ] Written 750 frames so far
[2023-12-13 10:22:09,868] [INFO    ] [WriterThread  ] Written 800 frames so far
[2023-12-13 10:22:10,110] [INFO    ] [WriterThread  ] Written 850 frames so far
[2023-12-13 10:22:10,393] [INFO    ] [WriterThread  ] Written 900 frames so far
[2023-12-13 10:22:10,634] [INFO    ] [WriterThread  ] Written 950 frames so far
[2023-12-13 10:22:10,887] [INFO    ] [WriterThread  ] Written 1000 frames so far
[2023-12-13 10:22:11,194] [INFO    ] [WriterThread  ] Written 1050 frames so far
[2023-12-13 10:22:11,819] [INFO    ] [WriterThread  ] Written 1100 frames so far
[2023-12-13 10:22:12,064] [INFO    ] [WriterThread  ] Written 1150 frames so far
[2023-12-13 10:22:12,452] [INFO    ] [WriterThread  ] Written 1200 frames so far
[2023-12-13 10:22:12,908] [INFO    ] [WriterThread  ] Written 1250 frames so far
[2023-12-13 10:22:13,188] [INFO    ] [WriterThread  ] Written 1300 frames so far
[2023-12-13 10:22:13,533] [INFO    ] [WriterThread  ] Written 1350 frames so far
[2023-12-13 10:22:13,864] [INFO    ] [WriterThread  ] Written 1400 frames so far
[2023-12-13 10:22:14,186] [INFO    ] [WriterThread  ] Written 1450 frames so far
[2023-12-13 10:22:14,495] [INFO    ] [WriterThread  ] Written 1500 frames so far
[2023-12-13 10:22:14,812] [INFO    ] [WriterThread  ] Written 1550 frames so far
[2023-12-13 10:22:15,128] [INFO    ] [WriterThread  ] Written 1600 frames so far
[2023-12-13 10:22:15,388] [INFO    ] [WriterThread  ] Written 1650 frames so far
[2023-12-13 10:22:15,641] [INFO    ] [WriterThread  ] Written 1700 frames so far
[2023-12-13 10:22:15,892] [INFO    ] [WriterThread  ] Written 1750 frames so far
[2023-12-13 10:22:16,150] [INFO    ] [WriterThread  ] Written 1800 frames so far
[2023-12-13 10:22:16,427] [INFO    ] [WriterThread  ] Written 1850 frames so far
[2023-12-13 10:22:16,845] [INFO    ] [WriterThread  ] Written 1900 frames so far
[2023-12-13 10:22:17,217] [INFO    ] [WriterThread  ] Written 1950 frames so far
[2023-12-13 10:22:17,514] [INFO    ] [WriterThread  ] Written 2000 frames so far
[2023-12-13 10:22:17,748] [INFO    ] [WriterThread  ] Written 2050 frames so far
[2023-12-13 10:22:17,982] [INFO    ] [WriterThread  ] Written 2100 frames so far
[2023-12-13 10:22:18,264] [INFO    ] [WriterThread  ] Written 2150 frames so far
[2023-12-13 10:22:18,569] [INFO    ] [WriterThread  ] Written 2200 frames so far
[2023-12-13 10:22:18,869] [INFO    ] [WriterThread  ] Written 2250 frames so far
[2023-12-13 10:22:19,133] [INFO    ] [WriterThread  ] Written 2300 frames so far
[2023-12-13 10:22:19,395] [INFO    ] [WriterThread  ] Written 2350 frames so far
[2023-12-13 10:22:19,665] [INFO    ] [WriterThread  ] Written 2400 frames so far
[2023-12-13 10:22:19,971] [INFO    ] [WriterThread  ] Written 2450 frames so far
[2023-12-13 10:22:20,273] [INFO    ] [WriterThread  ] Written 2500 frames so far
[2023-12-13 10:22:20,512] [INFO    ] [WriterThread  ] Written 2550 frames so far
[2023-12-13 10:22:20,763] [INFO    ] [WriterThread  ] Written 2600 frames so far
[2023-12-13 10:22:20,973] [INFO    ] [WriterThread  ] Written 2650 frames so far
[2023-12-13 10:22:22,520] [INFO    ] [WriterThread  ] Written 2700 frames so far
[2023-12-13 10:22:22,826] [INFO    ] [WriterThread  ] Written 2750 frames so far
[2023-12-13 10:22:23,139] [INFO    ] [WriterThread  ] Written 2800 frames so far
[2023-12-13 10:22:23,401] [INFO    ] [WriterThread  ] Written 2850 frames so far
[2023-12-13 10:22:23,836] [INFO    ] [WriterThread  ] Written 2900 frames so far
[2023-12-13 10:22:24,467] [INFO    ] [WriterThread  ] Written 2950 frames so far
[2023-12-13 10:22:24,766] [INFO    ] [WriterThread  ] Written 3000 frames so far
[2023-12-13 10:22:25,000] [INFO    ] [WriterThread  ] Written 3050 frames so far
[2023-12-13 10:22:25,247] [INFO    ] [WriterThread  ] Written 3100 frames so far
[2023-12-13 10:22:25,517] [INFO    ] [WriterThread  ] Written 3150 frames so far
[2023-12-13 10:22:25,823] [INFO    ] [WriterThread  ] Written 3200 frames so far
[2023-12-13 10:22:26,071] [INFO    ] [WriterThread  ] Written 3250 frames so far
[2023-12-13 10:22:26,477] [INFO    ] [WriterThread  ] Written 3300 frames so far
[2023-12-13 10:22:26,706] [INFO    ] [WriterThread  ] Written 3350 frames so far
[2023-12-13 10:22:27,009] [INFO    ] [WriterThread  ] Written 3400 frames so far
[2023-12-13 10:22:27,238] [INFO    ] [WriterThread  ] Written 3450 frames so far
[2023-12-13 10:22:27,505] [INFO    ] [WriterThread  ] Written 3500 frames so far
[2023-12-13 10:22:28,627] [INFO    ] [WriterThread  ] Written 3550 frames so far
[2023-12-13 10:22:28,874] [INFO    ] [WriterThread  ] Written 3600 frames so far
[2023-12-13 10:22:29,171] [INFO    ] [WriterThread  ] Written 3650 frames so far
[2023-12-13 10:22:29,454] [INFO    ] [WriterThread  ] Written 3700 frames so far
[2023-12-13 10:22:29,911] [INFO    ] [WriterThread  ] Written 3750 frames so far
[2023-12-13 10:22:30,146] [INFO    ] [WriterThread  ] Written 3800 frames so far
[2023-12-13 10:22:31,180] [INFO    ] [WriterThread  ] Written 3850 frames so far
[2023-12-13 10:22:31,459] [INFO    ] [WriterThread  ] Written 3900 frames so far
[2023-12-13 10:22:31,711] [INFO    ] [WriterThread  ] Written 3950 frames so far
[2023-12-13 10:22:31,980] [INFO    ] [WriterThread  ] Written 4000 frames so far
[2023-12-13 10:22:32,620] [INFO    ] [WriterThread  ] Written 4050 frames so far
[2023-12-13 10:22:33,045] [INFO    ] [WriterThread  ] Written 4100 frames so far
[2023-12-13 10:22:33,315] [INFO    ] [WriterThread  ] Written 4150 frames so far
[2023-12-13 10:22:33,548] [INFO    ] [WriterThread  ] Written 4200 frames so far
[2023-12-13 10:22:33,859] [INFO    ] [WriterThread  ] Written 4250 frames so far
[2023-12-13 10:22:34,148] [INFO    ] [WriterThread  ] Written 4300 frames so far
[2023-12-13 10:22:34,377] [INFO    ] [WriterThread  ] Written 4350 frames so far
[2023-12-13 10:22:34,601] [INFO    ] [WriterThread  ] Written 4400 frames so far
[2023-12-13 10:22:34,814] [INFO    ] [WriterThread  ] Written 4450 frames so far
[2023-12-13 10:22:35,107] [INFO    ] [WriterThread  ] Written 4500 frames so far
[2023-12-13 10:22:35,395] [INFO    ] [WriterThread  ] Written 4550 frames so far
[2023-12-13 10:22:35,610] [INFO    ] [WriterThread  ] Written 4600 frames so far
[2023-12-13 10:22:36,279] [INFO    ] [WriterThread  ] Written 4650 frames so far
[2023-12-13 10:22:36,801] [INFO    ] [WriterThread  ] Written 4700 frames so far
[2023-12-13 10:22:37,101] [INFO    ] [WriterThread  ] Written 4750 frames so far
[2023-12-13 10:22:37,362] [INFO    ] [WriterThread  ] Written 4800 frames so far
[2023-12-13 10:22:37,597] [INFO    ] [WriterThread  ] Written 4850 frames so far
[2023-12-13 10:22:37,944] [INFO    ] [WriterThread  ] Written 4900 frames so far
[2023-12-13 10:22:38,237] [INFO    ] [WriterThread  ] Written 4950 frames so far
[2023-12-13 10:22:38,488] [INFO    ] [WriterThread  ] Written 5000 frames so far
[2023-12-13 10:22:38,775] [INFO    ] [WriterThread  ] Written 5050 frames so far
[2023-12-13 10:22:39,080] [INFO    ] [WriterThread  ] Written 5100 frames so far
[2023-12-13 10:22:39,329] [INFO    ] [WriterThread  ] Written 5150 frames so far
[2023-12-13 10:22:39,887] [INFO    ] [WriterThread  ] Written 5200 frames so far
[2023-12-13 10:22:40,272] [INFO    ] [WriterThread  ] Written 5250 frames so far
[2023-12-13 10:22:40,499] [INFO    ] [WriterThread  ] Written 5300 frames so far
[2023-12-13 10:22:40,805] [INFO    ] [WriterThread  ] Written 5350 frames so far
[2023-12-13 10:22:41,045] [INFO    ] [WriterThread  ] Written 5400 frames so far
[2023-12-13 10:22:41,368] [INFO    ] [WriterThread  ] Written 5450 frames so far
[2023-12-13 10:22:41,641] [INFO    ] [WriterThread  ] Written 5500 frames so far
[2023-12-13 10:22:42,241] [INFO    ] [WriterThread  ] Written 5550 frames so far
[2023-12-13 10:22:42,608] [INFO    ] [WriterThread  ] Written 5600 frames so far
[2023-12-13 10:22:42,995] [INFO    ] [WriterThread  ] Written 5650 frames so far
[2023-12-13 10:22:43,241] [INFO    ] [WriterThread  ] Written 5700 frames so far
[2023-12-13 10:22:43,521] [INFO    ] [WriterThread  ] Written 5750 frames so far
[2023-12-13 10:22:43,809] [INFO    ] [WriterThread  ] Written 5800 frames so far
[2023-12-13 10:22:44,093] [INFO    ] [WriterThread  ] Written 5850 frames so far
[2023-12-13 10:22:45,307] [INFO    ] [WriterThread  ] Written 5900 frames so far
[2023-12-13 10:22:45,641] [INFO    ] [WriterThread  ] Written 5950 frames so far
[2023-12-13 10:22:46,041] [INFO    ] [WriterThread  ] Written 6000 frames so far
[2023-12-13 10:22:46,314] [INFO    ] [WriterThread  ] Written 6050 frames so far
[2023-12-13 10:22:47,284] [INFO    ] [WriterThread  ] Written 6100 frames so far
[2023-12-13 10:22:47,667] [INFO    ] [WriterThread  ] Written 6150 frames so far
[2023-12-13 10:22:47,892] [INFO    ] [WriterThread  ] Written 6200 frames so far
[2023-12-13 10:22:48,123] [INFO    ] [WriterThread  ] Written 6250 frames so far
[2023-12-13 10:22:48,394] [INFO    ] [WriterThread  ] Written 6300 frames so far
[2023-12-13 10:22:48,614] [INFO    ] [WriterThread  ] Written 6350 frames so far
[2023-12-13 10:22:48,847] [INFO    ] [WriterThread  ] Written 6400 frames so far
[2023-12-13 10:22:49,168] [INFO    ] [WriterThread  ] Written 6450 frames so far
[2023-12-13 10:22:50,758] [INFO    ] [WriterThread  ] Written 6500 frames so far
[2023-12-13 10:22:51,856] [INFO    ] [WriterThread  ] Written 6550 frames so far
[2023-12-13 10:22:53,098] [INFO    ] [WriterThread  ] Written 6600 frames so far
[2023-12-13 10:22:53,380] [INFO    ] [WriterThread  ] Written 6650 frames so far
[2023-12-13 10:22:54,385] [INFO    ] [WriterThread  ] Written 6700 frames so far
[2023-12-13 10:22:54,966] [INFO    ] [WriterThread  ] Written 6750 frames so far
[2023-12-13 10:23:00,341] [INFO    ] [WriterThread  ] Written 6800 frames so far
[2023-12-13 10:23:01,124] [INFO    ] [WriterThread  ] Written 6850 frames so far
[2023-12-13 10:23:01,381] [INFO    ] [WriterThread  ] Written 6900 frames so far
[2023-12-13 10:23:01,810] [INFO    ] [WriterThread  ] Written 6950 frames so far
[2023-12-13 10:23:02,091] [INFO    ] [WriterThread  ] Written 7000 frames so far
[2023-12-13 10:23:02,442] [INFO    ] [WriterThread  ] Written 7050 frames so far
[2023-12-13 10:23:02,706] [INFO    ] [WriterThread  ] Written 7100 frames so far
[2023-12-13 10:23:03,060] [INFO    ] [WriterThread  ] Written 7150 frames so far
[2023-12-13 10:23:04,569] [INFO    ] [WriterThread  ] Written 7200 frames so far
[2023-12-13 10:23:06,090] [INFO    ] [WriterThread  ] Written 7250 frames so far
[2023-12-13 10:23:07,064] [INFO    ] [WriterThread  ] Written 7300 frames so far
[2023-12-13 10:23:07,341] [INFO    ] [WriterThread  ] Written 7350 frames so far
[2023-12-13 10:23:07,842] [INFO    ] [WriterThread  ] Written 7400 frames so far
[2023-12-13 10:23:08,562] [INFO    ] [WriterThread  ] Written 7450 frames so far
[2023-12-13 10:23:09,134] [INFO    ] [WriterThread  ] Written 7500 frames so far
[2023-12-13 10:23:09,341] [INFO    ] [WriterThread  ] Written 7550 frames so far
[2023-12-13 10:23:12,256] [INFO    ] [WriterThread  ] Written 7600 frames so far
[2023-12-13 10:23:12,538] [INFO    ] [WriterThread  ] Written 7650 frames so far
[2023-12-13 10:23:13,279] [INFO    ] [WriterThread  ] Written 7700 frames so far
[2023-12-13 10:23:15,565] [INFO    ] [WriterThread  ] Written 7750 frames so far
[2023-12-13 10:23:15,771] [INFO    ] [WriterThread  ] Written 7800 frames so far
[2023-12-13 10:23:17,026] [INFO    ] [WriterThread  ] Written 7850 frames so far
[2023-12-13 10:23:17,360] [INFO    ] [WriterThread  ] Written 7900 frames so far
[2023-12-13 10:23:17,680] [INFO    ] [WriterThread  ] Written 7950 frames so far
[2023-12-13 10:23:17,943] [INFO    ] [WriterThread  ] Written 8000 frames so far
[2023-12-13 10:23:17,943] [INFO    ] [ReaderThread  ] Adding None to end of reading queue
[2023-12-13 10:23:18,107] [INFO    ] [WriterThread  ] Written 8050 frames so far
[2023-12-13 10:23:18,382] [INFO    ] [MainThread    ] All child processes appear to have finished! Exiting infinite loop...
[2023-12-13 10:23:18,383] [INFO    ] [MainThread    ] Joining ReaderThread
[2023-12-13 10:23:18,383] [INFO    ] [MainThread    ] Joining MotionThread
[2023-12-13 10:23:18,383] [INFO    ] [MainThread    ] Joining WriterThread
[2023-12-13 10:23:18,383] [INFO    ] [MainThread    ] Finished processing at :  2023-12-13 10:23:18.383279
[2023-12-13 10:23:18,383] [INFO    ] [MainThread    ] Finished main() in 74.56 seconds.
