[2023-11-29 11:40:15,981] [INFO    ] [MainThread    ] Starting processing at :  2023-11-29 11:40:15.981185
[2023-11-29 11:40:15,982] [INFO    ] [MainThread    ] Running main() with Config:  {'video_source': '/Users/mrat0010/Documents/GitHub/EcoMotionZip/testing/test_videos/Naqvi2022/08140020.avi', 'output_directory': './testing', 'record_duration': 60, 'number_of_videos': 1, 'camera_resolution': [1920, 1080], 'camera_fps': 32, 'raspberrypi_camera': False, 'delete_original': False, 'reader_sleep_seconds': 1, 'reader_flush_proportion': 0.9, 'downscale_factor': 16, 'dilate_kernel_size': 128, 'movement_threshold': 40, 'persist_frames': 0, 'full_frame_guarantee': 300, 'video_codec': 'X264', 'num_opencv_threads': 10}
[2023-11-29 11:40:15,982] [INFO    ] [MainThread    ] Outputting to Outputting to testing/EcoMotionZip
[2023-11-29 11:40:16,086] [INFO    ] [MainThread    ] Will sleep 1 seconds if reading queue fills up with 460 frames. This *should not happen* if you're using a live webcam, else the frames are being processed too slowly!
[2023-11-29 11:40:16,087] [INFO    ] [MainThread    ] Dilation kernel downscaled by 16x from 128 to 8
[2023-11-29 11:40:16,087] [INFO    ] [MainThread    ] Will flush buffer to output file every 64 frames
[2023-11-29 11:40:16,087] [INFO    ] [MainThread    ] Starting ReaderThread
[2023-11-29 11:40:16,090] [INFO    ] [MainThread    ] Starting MotionThread
[2023-11-29 11:40:16,090] [INFO    ] [MainThread    ] Starting WriterThread
[2023-11-29 11:40:17,292] [INFO    ] [WriterThread  ] Written 50 frames so far
[2023-11-29 11:40:17,957] [INFO    ] [WriterThread  ] Written 100 frames so far
[2023-11-29 11:40:18,530] [INFO    ] [WriterThread  ] Written 150 frames so far
[2023-11-29 11:40:18,876] [INFO    ] [WriterThread  ] Written 200 frames so far
[2023-11-29 11:40:19,124] [INFO    ] [WriterThread  ] Written 250 frames so far
[2023-11-29 11:40:19,658] [INFO    ] [WriterThread  ] Written 300 frames so far
[2023-11-29 11:40:20,239] [INFO    ] [WriterThread  ] Written 350 frames so far
[2023-11-29 11:40:20,568] [INFO    ] [WriterThread  ] Written 400 frames so far
[2023-11-29 11:40:20,948] [INFO    ] [WriterThread  ] Written 450 frames so far
[2023-11-29 11:40:21,344] [INFO    ] [WriterThread  ] Written 500 frames so far
[2023-11-29 11:40:21,488] [INFO    ] [ReaderThread  ] Adding None to end of reading queue
[2023-11-29 11:40:21,602] [INFO    ] [WriterThread  ] Written 550 frames so far
[2023-11-29 11:40:21,802] [INFO    ] [WriterThread  ] Written 600 frames so far
[2023-11-29 11:40:21,994] [INFO    ] [WriterThread  ] Written 650 frames so far
[2023-11-29 11:40:22,624] [INFO    ] [MainThread    ] All child processes appear to have finished! Exiting infinite loop...
[2023-11-29 11:40:22,624] [INFO    ] [MainThread    ] Joining ReaderThread
[2023-11-29 11:40:22,624] [INFO    ] [MainThread    ] Joining MotionThread
[2023-11-29 11:40:22,624] [INFO    ] [MainThread    ] Joining WriterThread
[2023-11-29 11:40:22,624] [INFO    ] [MainThread    ] Finished processing at :  2023-11-29 11:40:22.624661
[2023-11-29 11:40:22,624] [INFO    ] [MainThread    ] Finished main() in 6.64 seconds.
