[2023-11-29 11:23:59,646] [INFO    ] [MainThread    ] Starting processing at :  2023-11-29 11:23:59.626771
[2023-11-29 11:23:59,646] [INFO    ] [MainThread    ] Running main() with Config:  {'video_source': '/Users/mrat0010/Documents/GitHub/EcoMotionZip/testing/test_videos/Ratnayake2023/cam_7_S_video_20210310_142405.h264.avi', 'output_directory': './testing', 'record_duration': 60, 'number_of_videos': 1, 'camera_resolution': [1920, 1080], 'camera_fps': 32, 'raspberrypi_camera': False, 'delete_original': False, 'reader_sleep_seconds': 1, 'reader_flush_proportion': 0.9, 'downscale_factor': 16, 'dilate_kernel_size': 128, 'movement_threshold': 40, 'persist_frames': 0, 'full_frame_guarantee': 300, 'video_codec': 'XVID', 'num_opencv_threads': 10}
[2023-11-29 11:23:59,646] [INFO    ] [MainThread    ] Outputting to Outputting to testing/EcoMotionZip
[2023-11-29 11:23:59,664] [INFO    ] [MainThread    ] Will sleep 1 seconds if reading queue fills up with 460 frames. This *should not happen* if you're using a live webcam, else the frames are being processed too slowly!
[2023-11-29 11:23:59,665] [INFO    ] [MainThread    ] Dilation kernel downscaled by 16x from 128 to 8
[2023-11-29 11:23:59,665] [INFO    ] [MainThread    ] Will flush buffer to output file every 64 frames
[2023-11-29 11:23:59,665] [INFO    ] [MainThread    ] Starting ReaderThread
[2023-11-29 11:23:59,666] [INFO    ] [MainThread    ] Starting MotionThread
[2023-11-29 11:23:59,666] [INFO    ] [MainThread    ] Starting WriterThread
[2023-11-29 11:24:05,904] [INFO    ] [WriterThread  ] Written 50 frames so far
[2023-11-29 11:24:06,228] [INFO    ] [WriterThread  ] Written 100 frames so far
[2023-11-29 11:24:06,512] [INFO    ] [WriterThread  ] Written 150 frames so far
[2023-11-29 11:24:06,797] [INFO    ] [WriterThread  ] Written 200 frames so far
[2023-11-29 11:24:07,107] [INFO    ] [WriterThread  ] Written 250 frames so far
[2023-11-29 11:24:07,414] [INFO    ] [WriterThread  ] Written 300 frames so far
[2023-11-29 11:24:07,831] [INFO    ] [WriterThread  ] Written 350 frames so far
[2023-11-29 11:24:08,462] [INFO    ] [WriterThread  ] Written 400 frames so far
[2023-11-29 11:24:18,477] [INFO    ] [WriterThread  ] Written 450 frames so far
[2023-11-29 11:24:18,870] [INFO    ] [WriterThread  ] Written 500 frames so far
[2023-11-29 11:24:21,721] [INFO    ] [WriterThread  ] Written 550 frames so far
[2023-11-29 11:24:23,047] [INFO    ] [WriterThread  ] Written 600 frames so far
[2023-11-29 11:24:23,580] [INFO    ] [WriterThread  ] Written 650 frames so far
[2023-11-29 11:24:23,901] [INFO    ] [WriterThread  ] Written 700 frames so far
[2023-11-29 11:24:24,698] [INFO    ] [WriterThread  ] Written 750 frames so far
[2023-11-29 11:24:25,228] [INFO    ] [WriterThread  ] Written 800 frames so far
[2023-11-29 11:24:26,919] [INFO    ] [WriterThread  ] Written 850 frames so far
[2023-11-29 11:24:27,241] [INFO    ] [WriterThread  ] Written 900 frames so far
[2023-11-29 11:24:27,510] [INFO    ] [WriterThread  ] Written 950 frames so far
[2023-11-29 11:24:27,904] [INFO    ] [WriterThread  ] Written 1000 frames so far
[2023-11-29 11:24:28,340] [INFO    ] [WriterThread  ] Written 1050 frames so far
[2023-11-29 11:24:28,998] [INFO    ] [WriterThread  ] Written 1100 frames so far
[2023-11-29 11:24:29,290] [INFO    ] [WriterThread  ] Written 1150 frames so far
[2023-11-29 11:24:29,571] [INFO    ] [WriterThread  ] Written 1200 frames so far
[2023-11-29 11:24:31,192] [INFO    ] [WriterThread  ] Written 1250 frames so far
[2023-11-29 11:24:31,680] [INFO    ] [WriterThread  ] Written 1300 frames so far
[2023-11-29 11:24:32,827] [INFO    ] [WriterThread  ] Written 1350 frames so far
[2023-11-29 11:24:33,118] [INFO    ] [WriterThread  ] Written 1400 frames so far
[2023-11-29 11:24:33,900] [INFO    ] [WriterThread  ] Written 1450 frames so far
[2023-11-29 11:24:34,200] [INFO    ] [WriterThread  ] Written 1500 frames so far
[2023-11-29 11:24:34,497] [INFO    ] [WriterThread  ] Written 1550 frames so far
[2023-11-29 11:24:34,782] [INFO    ] [WriterThread  ] Written 1600 frames so far
[2023-11-29 11:24:35,087] [INFO    ] [WriterThread  ] Written 1650 frames so far
[2023-11-29 11:24:35,364] [INFO    ] [WriterThread  ] Written 1700 frames so far
[2023-11-29 11:24:39,304] [INFO    ] [WriterThread  ] Written 1750 frames so far
[2023-11-29 11:24:41,158] [INFO    ] [ReaderThread  ] Adding None to end of reading queue
[2023-11-29 11:24:41,209] [INFO    ] [WriterThread  ] Written 1800 frames so far
[2023-11-29 11:24:41,428] [INFO    ] [MainThread    ] All child processes appear to have finished! Exiting infinite loop...
[2023-11-29 11:24:41,428] [INFO    ] [MainThread    ] Joining ReaderThread
[2023-11-29 11:24:41,429] [INFO    ] [MainThread    ] Joining MotionThread
[2023-11-29 11:24:41,429] [INFO    ] [MainThread    ] Joining WriterThread
[2023-11-29 11:24:41,429] [INFO    ] [MainThread    ] Finished processing at :  2023-11-29 11:24:41.429054
[2023-11-29 11:24:41,429] [INFO    ] [MainThread    ] Finished main() in 41.80 seconds.
