[2023-12-01 09:27:09,854] [INFO    ] [MainThread    ] Starting processing at :  2023-12-01 09:27:09.851056
[2023-12-01 09:27:09,854] [INFO    ] [MainThread    ] Running main() with Config:  {'video_source': '/home/pi-cam7/EcoMotionZip/testing/test_videos/Ratnayake2023/cam_4_N_video_20210317_120802.h264.avi', 'output_directory': './testing', 'record_duration': 60, 'number_of_videos': 1, 'camera_resolution': [1920, 1080], 'camera_fps': 32, 'raspberrypi_camera': False, 'delete_original': False, 'reader_sleep_seconds': 1, 'reader_flush_proportion': 0.9, 'downscale_factor': 16, 'dilate_kernel_size': 128, 'movement_threshold': 40, 'persist_frames': 0, 'full_frame_guarantee': 300, 'video_codec': 'XVID', 'num_opencv_threads': 10}
[2023-12-01 09:27:09,854] [INFO    ] [MainThread    ] Outputting to Outputting to testing/EcoMotionZip
[2023-12-01 09:27:09,873] [INFO    ] [MainThread    ] Will sleep 1 seconds if reading queue fills up with 460 frames. This *should not happen* if you're using a live webcam, else the frames are being processed too slowly!
[2023-12-01 09:27:09,873] [INFO    ] [MainThread    ] Dilation kernel downscaled by 16x from 128 to 8
[2023-12-01 09:27:09,873] [INFO    ] [MainThread    ] Will flush buffer to output file every 64 frames
[2023-12-01 09:27:09,873] [INFO    ] [MainThread    ] Starting ReaderThread
[2023-12-01 09:27:09,874] [INFO    ] [MainThread    ] Starting MotionThread
[2023-12-01 09:27:09,874] [INFO    ] [MainThread    ] Starting WriterThread
[2023-12-01 09:27:14,482] [INFO    ] [WriterThread  ] Written 50 frames so far
[2023-12-01 09:27:24,556] [INFO    ] [WriterThread  ] Written 100 frames so far
[2023-12-01 09:28:02,557] [INFO    ] [WriterThread  ] Written 150 frames so far
[2023-12-01 09:28:08,530] [INFO    ] [WriterThread  ] Written 200 frames so far
[2023-12-01 09:28:10,730] [INFO    ] [WriterThread  ] Written 250 frames so far
[2023-12-01 09:28:51,752] [INFO    ] [WriterThread  ] Written 300 frames so far
[2023-12-01 09:29:25,746] [INFO    ] [WriterThread  ] Written 350 frames so far
[2023-12-01 09:29:38,577] [INFO    ] [WriterThread  ] Written 400 frames so far
[2023-12-01 09:29:41,303] [INFO    ] [WriterThread  ] Written 450 frames so far
[2023-12-01 09:29:43,387] [INFO    ] [WriterThread  ] Written 500 frames so far
[2023-12-01 09:29:45,811] [INFO    ] [WriterThread  ] Written 550 frames so far
[2023-12-01 09:29:52,069] [INFO    ] [WriterThread  ] Written 600 frames so far
[2023-12-01 09:29:55,067] [INFO    ] [WriterThread  ] Written 650 frames so far
[2023-12-01 09:29:57,164] [INFO    ] [WriterThread  ] Written 700 frames so far
[2023-12-01 09:30:04,264] [INFO    ] [ReaderThread  ] Adding None to end of reading queue
[2023-12-01 09:30:05,128] [INFO    ] [WriterThread  ] Written 750 frames so far
[2023-12-01 09:30:05,505] [INFO    ] [MainThread    ] All child processes appear to have finished! Exiting infinite loop...
[2023-12-01 09:30:05,506] [INFO    ] [MainThread    ] Joining ReaderThread
[2023-12-01 09:30:05,506] [INFO    ] [MainThread    ] Joining MotionThread
[2023-12-01 09:30:05,506] [INFO    ] [MainThread    ] Joining WriterThread
[2023-12-01 09:30:05,506] [INFO    ] [MainThread    ] Finished processing at :  2023-12-01 09:30:05.506194
[2023-12-01 09:30:05,506] [INFO    ] [MainThread    ] Finished main() in 175.66 seconds.
