[2023-11-30 17:07:31,134] [INFO    ] [MainThread    ] Starting processing at :  2023-11-30 17:07:31.119172
[2023-11-30 17:07:31,134] [INFO    ] [MainThread    ] Running main() with Config:  {'video_source': '/home/pi-cam6/EcoMotionZip/testing/test_videos/vanderVoort2022/Sup-Mat-1-reduced-video.mp4', 'output_directory': './testing', 'record_duration': 60, 'number_of_videos': 1, 'camera_resolution': [1920, 1080], 'camera_fps': 32, 'raspberrypi_camera': False, 'delete_original': False, 'reader_sleep_seconds': 1, 'reader_flush_proportion': 0.9, 'downscale_factor': 16, 'dilate_kernel_size': 128, 'movement_threshold': 40, 'persist_frames': 0, 'full_frame_guarantee': 300, 'video_codec': 'X264', 'num_opencv_threads': 10}
[2023-11-30 17:07:31,135] [INFO    ] [MainThread    ] Outputting to Outputting to testing/EcoMotionZip
[2023-11-30 17:07:31,423] [INFO    ] [MainThread    ] Will sleep 1 seconds if reading queue fills up with 460 frames. This *should not happen* if you're using a live webcam, else the frames are being processed too slowly!
[2023-11-30 17:07:31,423] [INFO    ] [MainThread    ] Dilation kernel downscaled by 16x from 128 to 8
[2023-11-30 17:07:31,428] [INFO    ] [MainThread    ] Will flush buffer to output file every 64 frames
[2023-11-30 17:07:31,428] [INFO    ] [MainThread    ] Starting ReaderThread
[2023-11-30 17:07:31,433] [INFO    ] [MainThread    ] Starting MotionThread
[2023-11-30 17:07:31,434] [INFO    ] [MainThread    ] Starting WriterThread
[2023-11-30 17:07:38,305] [INFO    ] [WriterThread  ] Written 50 frames so far
[2023-11-30 17:07:43,358] [INFO    ] [WriterThread  ] Written 100 frames so far
[2023-11-30 17:07:48,164] [INFO    ] [WriterThread  ] Written 150 frames so far
[2023-11-30 17:07:53,113] [INFO    ] [WriterThread  ] Written 200 frames so far
[2023-11-30 17:07:57,567] [INFO    ] [WriterThread  ] Written 250 frames so far
[2023-11-30 17:08:02,160] [INFO    ] [WriterThread  ] Written 300 frames so far
[2023-11-30 17:08:04,917] [INFO    ] [ReaderThread  ] Adding None to end of reading queue
[2023-11-30 17:08:06,025] [INFO    ] [WriterThread  ] Written 350 frames so far
[2023-11-30 17:08:08,891] [INFO    ] [WriterThread  ] Written 400 frames so far
[2023-11-30 17:08:11,923] [INFO    ] [WriterThread  ] Written 450 frames so far
[2023-11-30 17:08:15,269] [INFO    ] [WriterThread  ] Written 500 frames so far
[2023-11-30 17:08:17,731] [INFO    ] [WriterThread  ] Written 550 frames so far
[2023-11-30 17:08:19,903] [INFO    ] [WriterThread  ] Written 600 frames so far
[2023-11-30 17:08:22,154] [INFO    ] [WriterThread  ] Written 650 frames so far
[2023-11-30 17:08:24,811] [INFO    ] [WriterThread  ] Written 700 frames so far
[2023-11-30 17:08:26,946] [INFO    ] [WriterThread  ] Written 750 frames so far
[2023-11-30 17:08:29,504] [INFO    ] [MainThread    ] All child processes appear to have finished! Exiting infinite loop...
[2023-11-30 17:08:29,504] [INFO    ] [MainThread    ] Joining ReaderThread
[2023-11-30 17:08:29,504] [INFO    ] [MainThread    ] Joining MotionThread
[2023-11-30 17:08:29,508] [INFO    ] [MainThread    ] Joining WriterThread
[2023-11-30 17:08:29,509] [INFO    ] [MainThread    ] Finished processing at :  2023-11-30 17:08:29.509072
[2023-11-30 17:08:29,509] [INFO    ] [MainThread    ] Finished main() in 58.39 seconds.
