[2023-12-13 10:15:16,138] [INFO    ] [MainThread    ] Starting processing at :  2023-12-13 10:15:16.134891
[2023-12-13 10:15:16,138] [INFO    ] [MainThread    ] Running main() with Config:  {'video_source': '/Users/mrat0010/Documents/GitHub/EcoMotionZip/testing/test_videos/Ratnayake2023/cam_1_N_video_20210315_132804.h264.avi', 'output_directory': '/Users/mrat0010/Documents/GitHub/EcoMotionZip/testing', 'record_duration': 60, 'number_of_videos': 1, 'camera_resolution': [1920, 1080], 'camera_fps': 32, 'raspberrypi_camera': False, 'delete_original': False, 'embed_timestamps': True, 'reader_sleep_seconds': 1, 'reader_flush_proportion': 0.9, 'downscale_factor': 16, 'dilate_kernel_size': 128, 'movement_threshold': 40, 'persist_frames': 0, 'full_frame_guarantee': 300, 'video_codec': 'X264', 'num_opencv_threads': 10}
[2023-12-13 10:15:16,138] [INFO    ] [MainThread    ] Outputting to Outputting to /Users/mrat0010/Documents/GitHub/EcoMotionZip/testing/EcoMotionZip
[2023-12-13 10:15:16,147] [INFO    ] [MainThread    ] Will sleep 1 seconds if reading queue fills up with 460 frames. This *should not happen* if you're using a live webcam, else the frames are being processed too slowly!
[2023-12-13 10:15:16,148] [INFO    ] [MainThread    ] Dilation kernel downscaled by 16x from 128 to 8
[2023-12-13 10:15:16,148] [INFO    ] [MainThread    ] Will flush buffer to output file every 64 frames
[2023-12-13 10:15:16,148] [INFO    ] [MainThread    ] Starting ReaderThread
[2023-12-13 10:15:16,148] [INFO    ] [MainThread    ] Starting MotionThread
[2023-12-13 10:15:16,149] [INFO    ] [MainThread    ] Starting WriterThread
[2023-12-13 10:15:25,858] [INFO    ] [WriterThread  ] Written 50 frames so far
[2023-12-13 10:15:27,726] [INFO    ] [WriterThread  ] Written 100 frames so far
[2023-12-13 10:15:28,344] [INFO    ] [WriterThread  ] Written 150 frames so far
[2023-12-13 10:15:29,037] [INFO    ] [WriterThread  ] Written 200 frames so far
[2023-12-13 10:15:29,275] [INFO    ] [WriterThread  ] Written 250 frames so far
[2023-12-13 10:15:30,044] [INFO    ] [WriterThread  ] Written 300 frames so far
[2023-12-13 10:15:30,290] [INFO    ] [WriterThread  ] Written 350 frames so far
[2023-12-13 10:15:30,453] [INFO    ] [WriterThread  ] Written 400 frames so far
[2023-12-13 10:15:39,107] [INFO    ] [WriterThread  ] Written 450 frames so far
[2023-12-13 10:15:39,298] [INFO    ] [WriterThread  ] Written 500 frames so far
[2023-12-13 10:15:40,853] [INFO    ] [WriterThread  ] Written 550 frames so far
[2023-12-13 10:15:41,245] [INFO    ] [WriterThread  ] Written 600 frames so far
[2023-12-13 10:15:49,941] [INFO    ] [WriterThread  ] Written 650 frames so far
[2023-12-13 10:15:50,201] [INFO    ] [WriterThread  ] Written 700 frames so far
[2023-12-13 10:15:54,017] [INFO    ] [WriterThread  ] Written 750 frames so far
[2023-12-13 10:15:57,999] [INFO    ] [ReaderThread  ] Adding None to end of reading queue
[2023-12-13 10:15:58,115] [INFO    ] [WriterThread  ] Written 800 frames so far
[2023-12-13 10:15:58,850] [INFO    ] [MainThread    ] All child processes appear to have finished! Exiting infinite loop...
[2023-12-13 10:15:58,851] [INFO    ] [MainThread    ] Joining ReaderThread
[2023-12-13 10:15:58,851] [INFO    ] [MainThread    ] Joining MotionThread
[2023-12-13 10:15:58,851] [INFO    ] [MainThread    ] Joining WriterThread
[2023-12-13 10:15:58,851] [INFO    ] [MainThread    ] Finished processing at :  2023-12-13 10:15:58.851903
[2023-12-13 10:15:58,852] [INFO    ] [MainThread    ] Finished main() in 42.72 seconds.
[2023-12-15 10:40:45,296] [INFO    ] [MainThread    ] Starting processing at :  2023-12-15 10:40:45.293857
[2023-12-15 10:40:45,296] [INFO    ] [MainThread    ] Running main() with Config:  {'video_source': '/Users/mrat0010/Documents/GitHub/EcoMotionZip/testing/test_videos/Ratnayake2023/cam_1_N_video_20210315_132804.h264.avi', 'output_directory': '/Users/mrat0010/Documents/GitHub/EcoMotionZip/testing', 'record_duration': 60, 'number_of_videos': 1, 'camera_resolution': [1920, 1080], 'camera_fps': 32, 'raspberrypi_camera': False, 'delete_original': False, 'embed_timestamps': True, 'reader_sleep_seconds': 1, 'reader_flush_proportion': 0.9, 'downscale_factor': 16, 'dilate_kernel_size': 128, 'movement_threshold': 40, 'persist_frames': 0, 'full_frame_guarantee': 300, 'video_codec': 'DIVX', 'num_opencv_threads': 10}
[2023-12-15 10:40:45,297] [INFO    ] [MainThread    ] Outputting to Outputting to /Users/mrat0010/Documents/GitHub/EcoMotionZip/testing/EcoMotionZip
[2023-12-15 10:40:45,305] [INFO    ] [MainThread    ] Will sleep 1 seconds if reading queue fills up with 460 frames. This *should not happen* if you're using a live webcam, else the frames are being processed too slowly!
[2023-12-15 10:40:45,306] [INFO    ] [MainThread    ] Dilation kernel downscaled by 16x from 128 to 8
[2023-12-15 10:40:45,306] [INFO    ] [MainThread    ] Will flush buffer to output file every 64 frames
[2023-12-15 10:40:45,306] [INFO    ] [MainThread    ] Starting ReaderThread
[2023-12-15 10:40:45,306] [INFO    ] [MainThread    ] Starting MotionThread
[2023-12-15 10:40:45,307] [INFO    ] [MainThread    ] Starting WriterThread
[2023-12-15 10:40:55,082] [INFO    ] [WriterThread  ] Written 50 frames so far
[2023-12-15 10:40:56,927] [INFO    ] [WriterThread  ] Written 100 frames so far
[2023-12-15 10:40:57,494] [INFO    ] [WriterThread  ] Written 150 frames so far
[2023-12-15 10:40:58,167] [INFO    ] [WriterThread  ] Written 200 frames so far
[2023-12-15 10:40:58,472] [INFO    ] [WriterThread  ] Written 250 frames so far
[2023-12-15 10:40:59,246] [INFO    ] [WriterThread  ] Written 300 frames so far
[2023-12-15 10:40:59,517] [INFO    ] [WriterThread  ] Written 350 frames so far
[2023-12-15 10:40:59,815] [INFO    ] [WriterThread  ] Written 400 frames so far
[2023-12-15 10:41:07,904] [INFO    ] [WriterThread  ] Written 450 frames so far
[2023-12-15 10:41:08,294] [INFO    ] [WriterThread  ] Written 500 frames so far
[2023-12-15 10:41:09,650] [INFO    ] [WriterThread  ] Written 550 frames so far
[2023-12-15 10:41:09,980] [INFO    ] [WriterThread  ] Written 600 frames so far
[2023-12-15 10:41:19,057] [INFO    ] [WriterThread  ] Written 650 frames so far
[2023-12-15 10:41:19,474] [INFO    ] [WriterThread  ] Written 700 frames so far
[2023-12-15 10:41:22,873] [INFO    ] [WriterThread  ] Written 750 frames so far
[2023-12-15 10:41:26,676] [INFO    ] [ReaderThread  ] Adding None to end of reading queue
[2023-12-15 10:41:26,916] [INFO    ] [WriterThread  ] Written 800 frames so far
[2023-12-15 10:41:27,232] [INFO    ] [MainThread    ] All child processes appear to have finished! Exiting infinite loop...
[2023-12-15 10:41:27,232] [INFO    ] [MainThread    ] Joining ReaderThread
[2023-12-15 10:41:27,232] [INFO    ] [MainThread    ] Joining MotionThread
[2023-12-15 10:41:27,232] [INFO    ] [MainThread    ] Joining WriterThread
[2023-12-15 10:41:27,233] [INFO    ] [MainThread    ] Finished processing at :  2023-12-15 10:41:27.233006
[2023-12-15 10:41:27,233] [INFO    ] [MainThread    ] Finished main() in 41.94 seconds.
[2023-12-15 15:32:58,396] [INFO    ] [MainThread    ] Starting processing at :  2023-12-15 15:32:58.391963
[2023-12-15 15:32:58,396] [INFO    ] [MainThread    ] Running main() with Config:  {'video_source': '/Users/mrat0010/Documents/GitHub/EcoMotionZip/testing/test_videos/Ratnayake2023/cam_1_N_video_20210315_132804.h264.avi', 'output_directory': '/Users/mrat0010/Documents/GitHub/EcoMotionZip/testing', 'record_duration': 60, 'number_of_videos': 1, 'camera_resolution': [1920, 1080], 'camera_fps': 32, 'raspberrypi_camera': False, 'delete_original': False, 'embed_timestamps': True, 'reader_sleep_seconds': 1, 'reader_flush_proportion': 0.9, 'downscale_factor': 16, 'dilate_kernel_size': 128, 'movement_threshold': 40, 'persist_frames': 0, 'full_frame_guarantee': 300, 'video_codec': 'DIVX', 'num_opencv_threads': 10}
[2023-12-15 15:32:58,396] [INFO    ] [MainThread    ] Outputting to Outputting to /Users/mrat0010/Documents/GitHub/EcoMotionZip/testing/EcoMotionZip
[2023-12-15 15:32:58,413] [INFO    ] [MainThread    ] Will sleep 1 seconds if reading queue fills up with 460 frames. This *should not happen* if you're using a live webcam, else the frames are being processed too slowly!
[2023-12-15 15:32:58,413] [INFO    ] [MainThread    ] Dilation kernel downscaled by 16x from 128 to 8
[2023-12-15 15:32:58,413] [INFO    ] [MainThread    ] Will flush buffer to output file every 64 frames
[2023-12-15 15:32:58,413] [INFO    ] [MainThread    ] Starting ReaderThread
[2023-12-15 15:32:58,414] [INFO    ] [MainThread    ] Starting MotionThread
[2023-12-15 15:32:58,414] [INFO    ] [MainThread    ] Starting WriterThread
[2023-12-15 15:33:08,074] [INFO    ] [WriterThread  ] Written 50 frames so far
[2023-12-15 15:33:09,857] [INFO    ] [WriterThread  ] Written 100 frames so far
[2023-12-15 15:33:10,400] [INFO    ] [WriterThread  ] Written 150 frames so far
[2023-12-15 15:33:11,067] [INFO    ] [WriterThread  ] Written 200 frames so far
[2023-12-15 15:33:11,358] [INFO    ] [WriterThread  ] Written 250 frames so far
[2023-12-15 15:33:12,086] [INFO    ] [WriterThread  ] Written 300 frames so far
[2023-12-15 15:33:12,376] [INFO    ] [WriterThread  ] Written 350 frames so far
[2023-12-15 15:33:12,686] [INFO    ] [WriterThread  ] Written 400 frames so far
[2023-12-15 15:33:21,010] [INFO    ] [WriterThread  ] Written 450 frames so far
[2023-12-15 15:33:21,401] [INFO    ] [WriterThread  ] Written 500 frames so far
[2023-12-15 15:33:22,736] [INFO    ] [WriterThread  ] Written 550 frames so far
[2023-12-15 15:33:23,067] [INFO    ] [WriterThread  ] Written 600 frames so far
[2023-12-15 15:33:31,960] [INFO    ] [WriterThread  ] Written 650 frames so far
[2023-12-15 15:33:32,380] [INFO    ] [WriterThread  ] Written 700 frames so far
[2023-12-15 15:33:35,736] [INFO    ] [WriterThread  ] Written 750 frames so far
[2023-12-15 15:33:39,390] [INFO    ] [ReaderThread  ] Adding None to end of reading queue
[2023-12-15 15:33:39,627] [INFO    ] [WriterThread  ] Written 800 frames so far
[2023-12-15 15:33:40,144] [INFO    ] [MainThread    ] All child processes appear to have finished! Exiting infinite loop...
[2023-12-15 15:33:40,145] [INFO    ] [MainThread    ] Joining ReaderThread
[2023-12-15 15:33:40,145] [INFO    ] [MainThread    ] Joining MotionThread
[2023-12-15 15:33:40,145] [INFO    ] [MainThread    ] Joining WriterThread
[2023-12-15 15:33:40,145] [INFO    ] [MainThread    ] Finished processing at :  2023-12-15 15:33:40.145372
[2023-12-15 15:33:40,145] [INFO    ] [MainThread    ] Finished main() in 41.75 seconds.
