[2023-12-13 10:51:04,533] [INFO    ] [MainThread    ] Starting processing at :  2023-12-13 10:51:04.532878
[2023-12-13 10:51:04,533] [INFO    ] [MainThread    ] Running main() with Config:  {'video_source': '/Users/mrat0010/Documents/GitHub/EcoMotionZip/testing/test_videos/PICT/mee313618-sup-0004-videos3.mp4', 'output_directory': '/Users/mrat0010/Documents/GitHub/EcoMotionZip/testing', 'record_duration': 60, 'number_of_videos': 1, 'camera_resolution': [1920, 1080], 'camera_fps': 32, 'raspberrypi_camera': False, 'delete_original': False, 'embed_timestamps': False, 'reader_sleep_seconds': 1, 'reader_flush_proportion': 0.9, 'downscale_factor': 16, 'dilate_kernel_size': 128, 'movement_threshold': 40, 'persist_frames': 0, 'full_frame_guarantee': 300, 'video_codec': 'X264', 'num_opencv_threads': 10}
[2023-12-13 10:51:04,533] [INFO    ] [MainThread    ] Outputting to Outputting to /Users/mrat0010/Documents/GitHub/EcoMotionZip/testing/EcoMotionZip
[2023-12-13 10:51:04,546] [INFO    ] [MainThread    ] Will sleep 1 seconds if reading queue fills up with 460 frames. This *should not happen* if you're using a live webcam, else the frames are being processed too slowly!
[2023-12-13 10:51:04,546] [INFO    ] [MainThread    ] Dilation kernel downscaled by 16x from 128 to 8
[2023-12-13 10:51:04,546] [INFO    ] [MainThread    ] Will flush buffer to output file every 64 frames
[2023-12-13 10:51:04,546] [INFO    ] [MainThread    ] Starting ReaderThread
[2023-12-13 10:51:04,546] [INFO    ] [MainThread    ] Starting MotionThread
[2023-12-13 10:51:04,546] [INFO    ] [MainThread    ] Starting WriterThread
[2023-12-13 10:51:04,882] [INFO    ] [WriterThread  ] Written 50 frames so far
[2023-12-13 10:51:05,287] [INFO    ] [WriterThread  ] Written 100 frames so far
[2023-12-13 10:51:05,703] [INFO    ] [WriterThread  ] Written 150 frames so far
[2023-12-13 10:51:06,071] [INFO    ] [WriterThread  ] Written 200 frames so far
[2023-12-13 10:51:06,380] [INFO    ] [WriterThread  ] Written 250 frames so far
[2023-12-13 10:51:06,617] [INFO    ] [WriterThread  ] Written 300 frames so far
[2023-12-13 10:51:06,780] [INFO    ] [WriterThread  ] Written 350 frames so far
[2023-12-13 10:51:06,901] [INFO    ] [WriterThread  ] Written 400 frames so far
[2023-12-13 10:51:07,082] [INFO    ] [WriterThread  ] Written 450 frames so far
[2023-12-13 10:51:07,430] [INFO    ] [WriterThread  ] Written 500 frames so far
[2023-12-13 10:51:07,744] [INFO    ] [WriterThread  ] Written 550 frames so far
[2023-12-13 10:51:07,922] [INFO    ] [WriterThread  ] Written 600 frames so far
[2023-12-13 10:51:08,117] [INFO    ] [WriterThread  ] Written 650 frames so far
[2023-12-13 10:51:08,294] [INFO    ] [WriterThread  ] Written 700 frames so far
[2023-12-13 10:51:08,440] [INFO    ] [WriterThread  ] Written 750 frames so far
[2023-12-13 10:51:08,605] [INFO    ] [WriterThread  ] Written 800 frames so far
[2023-12-13 10:51:08,814] [INFO    ] [WriterThread  ] Written 850 frames so far
[2023-12-13 10:51:09,103] [INFO    ] [WriterThread  ] Written 900 frames so far
[2023-12-13 10:51:09,405] [INFO    ] [WriterThread  ] Written 950 frames so far
[2023-12-13 10:51:09,701] [INFO    ] [WriterThread  ] Written 1000 frames so far
[2023-12-13 10:51:10,020] [INFO    ] [WriterThread  ] Written 1050 frames so far
[2023-12-13 10:51:10,337] [INFO    ] [WriterThread  ] Written 1100 frames so far
[2023-12-13 10:51:10,499] [INFO    ] [ReaderThread  ] Adding None to end of reading queue
[2023-12-13 10:51:10,583] [INFO    ] [WriterThread  ] Written 1150 frames so far
[2023-12-13 10:51:10,897] [INFO    ] [WriterThread  ] Written 1200 frames so far
[2023-12-13 10:51:11,196] [INFO    ] [WriterThread  ] Written 1250 frames so far
[2023-12-13 10:51:11,488] [INFO    ] [WriterThread  ] Written 1300 frames so far
[2023-12-13 10:51:11,784] [INFO    ] [WriterThread  ] Written 1350 frames so far
[2023-12-13 10:51:12,060] [INFO    ] [WriterThread  ] Written 1400 frames so far
[2023-12-13 10:51:12,338] [INFO    ] [WriterThread  ] Written 1450 frames so far
[2023-12-13 10:51:12,625] [INFO    ] [WriterThread  ] Written 1500 frames so far
[2023-12-13 10:51:12,870] [INFO    ] [WriterThread  ] Written 1550 frames so far
[2023-12-13 10:51:13,127] [INFO    ] [WriterThread  ] Written 1600 frames so far
[2023-12-13 10:51:13,629] [INFO    ] [MainThread    ] All child processes appear to have finished! Exiting infinite loop...
[2023-12-13 10:51:13,629] [INFO    ] [MainThread    ] Joining ReaderThread
[2023-12-13 10:51:13,629] [INFO    ] [MainThread    ] Joining MotionThread
[2023-12-13 10:51:13,629] [INFO    ] [MainThread    ] Joining WriterThread
[2023-12-13 10:51:13,629] [INFO    ] [MainThread    ] Finished processing at :  2023-12-13 10:51:13.629574
[2023-12-13 10:51:13,629] [INFO    ] [MainThread    ] Finished main() in 9.10 seconds.
