[2023-11-29 11:27:36,329] [INFO    ] [MainThread    ] Starting processing at :  2023-11-29 11:27:36.327866
[2023-11-29 11:27:36,329] [INFO    ] [MainThread    ] Running main() with Config:  {'video_source': '/Users/mrat0010/Documents/GitHub/EcoMotionZip/testing/test_videos/Ratnayake2023/cam_3_N_video_20210317_142705.h264.avi', 'output_directory': './testing', 'record_duration': 60, 'number_of_videos': 1, 'camera_resolution': [1920, 1080], 'camera_fps': 32, 'raspberrypi_camera': False, 'delete_original': False, 'reader_sleep_seconds': 1, 'reader_flush_proportion': 0.9, 'downscale_factor': 16, 'dilate_kernel_size': 128, 'movement_threshold': 40, 'persist_frames': 0, 'full_frame_guarantee': 300, 'video_codec': 'XVID', 'num_opencv_threads': 10}
[2023-11-29 11:27:36,329] [INFO    ] [MainThread    ] Outputting to Outputting to testing/EcoMotionZip
[2023-11-29 11:27:36,339] [INFO    ] [MainThread    ] Will sleep 1 seconds if reading queue fills up with 460 frames. This *should not happen* if you're using a live webcam, else the frames are being processed too slowly!
[2023-11-29 11:27:36,339] [INFO    ] [MainThread    ] Dilation kernel downscaled by 16x from 128 to 8
[2023-11-29 11:27:36,340] [INFO    ] [MainThread    ] Will flush buffer to output file every 64 frames
[2023-11-29 11:27:36,340] [INFO    ] [MainThread    ] Starting ReaderThread
[2023-11-29 11:27:36,340] [INFO    ] [MainThread    ] Starting MotionThread
[2023-11-29 11:27:36,340] [INFO    ] [MainThread    ] Starting WriterThread
[2023-11-29 11:27:38,742] [INFO    ] [WriterThread  ] Written 50 frames so far
[2023-11-29 11:27:40,466] [INFO    ] [WriterThread  ] Written 100 frames so far
[2023-11-29 11:27:41,694] [INFO    ] [WriterThread  ] Written 150 frames so far
[2023-11-29 11:27:43,485] [INFO    ] [WriterThread  ] Written 200 frames so far
[2023-11-29 11:27:43,792] [INFO    ] [WriterThread  ] Written 250 frames so far
[2023-11-29 11:27:51,963] [INFO    ] [WriterThread  ] Written 300 frames so far
[2023-11-29 11:27:52,612] [INFO    ] [WriterThread  ] Written 350 frames so far
[2023-11-29 11:27:52,888] [INFO    ] [WriterThread  ] Written 400 frames so far
[2023-11-29 11:27:53,204] [INFO    ] [WriterThread  ] Written 450 frames so far
[2023-11-29 11:27:53,503] [INFO    ] [WriterThread  ] Written 500 frames so far
[2023-11-29 11:27:53,880] [INFO    ] [WriterThread  ] Written 550 frames so far
[2023-11-29 11:27:54,171] [INFO    ] [WriterThread  ] Written 600 frames so far
[2023-11-29 11:27:56,321] [INFO    ] [WriterThread  ] Written 650 frames so far
[2023-11-29 11:27:56,660] [INFO    ] [WriterThread  ] Written 700 frames so far
[2023-11-29 11:28:01,042] [INFO    ] [WriterThread  ] Written 750 frames so far
[2023-11-29 11:28:01,368] [INFO    ] [WriterThread  ] Written 800 frames so far
[2023-11-29 11:28:02,082] [INFO    ] [WriterThread  ] Written 850 frames so far
[2023-11-29 11:28:02,376] [INFO    ] [WriterThread  ] Written 900 frames so far
[2023-11-29 11:28:02,663] [INFO    ] [WriterThread  ] Written 950 frames so far
[2023-11-29 11:28:02,963] [INFO    ] [WriterThread  ] Written 1000 frames so far
[2023-11-29 11:28:03,274] [INFO    ] [WriterThread  ] Written 1050 frames so far
[2023-11-29 11:28:03,610] [INFO    ] [WriterThread  ] Written 1100 frames so far
[2023-11-29 11:28:03,935] [INFO    ] [WriterThread  ] Written 1150 frames so far
[2023-11-29 11:28:04,236] [INFO    ] [WriterThread  ] Written 1200 frames so far
[2023-11-29 11:28:04,543] [INFO    ] [WriterThread  ] Written 1250 frames so far
[2023-11-29 11:28:04,842] [INFO    ] [WriterThread  ] Written 1300 frames so far
[2023-11-29 11:28:05,162] [INFO    ] [WriterThread  ] Written 1350 frames so far
[2023-11-29 11:28:05,456] [INFO    ] [WriterThread  ] Written 1400 frames so far
[2023-11-29 11:28:10,137] [INFO    ] [WriterThread  ] Written 1450 frames so far
[2023-11-29 11:28:17,000] [INFO    ] [ReaderThread  ] Adding None to end of reading queue
[2023-11-29 11:28:17,232] [INFO    ] [WriterThread  ] Written 1500 frames so far
[2023-11-29 11:28:17,604] [INFO    ] [MainThread    ] All child processes appear to have finished! Exiting infinite loop...
[2023-11-29 11:28:17,604] [INFO    ] [MainThread    ] Joining ReaderThread
[2023-11-29 11:28:17,604] [INFO    ] [MainThread    ] Joining MotionThread
[2023-11-29 11:28:17,604] [INFO    ] [MainThread    ] Joining WriterThread
[2023-11-29 11:28:17,604] [INFO    ] [MainThread    ] Finished processing at :  2023-11-29 11:28:17.604878
[2023-11-29 11:28:17,604] [INFO    ] [MainThread    ] Finished main() in 41.28 seconds.
