[2023-12-01 09:37:39,511] [INFO    ] [MainThread    ] Starting processing at :  2023-12-01 09:37:39.510385
[2023-12-01 09:37:39,511] [INFO    ] [MainThread    ] Running main() with Config:  {'video_source': '/home/pi-cam7/EcoMotionZip/testing/test_videos/Ratnayake2023/cam_2_S_video_20210308_112402.h264.avi', 'output_directory': './testing', 'record_duration': 60, 'number_of_videos': 1, 'camera_resolution': [1920, 1080], 'camera_fps': 32, 'raspberrypi_camera': False, 'delete_original': False, 'reader_sleep_seconds': 1, 'reader_flush_proportion': 0.9, 'downscale_factor': 16, 'dilate_kernel_size': 128, 'movement_threshold': 40, 'persist_frames': 0, 'full_frame_guarantee': 300, 'video_codec': 'XVID', 'num_opencv_threads': 10}
[2023-12-01 09:37:39,511] [INFO    ] [MainThread    ] Outputting to Outputting to testing/EcoMotionZip
[2023-12-01 09:37:39,524] [INFO    ] [MainThread    ] Will sleep 1 seconds if reading queue fills up with 460 frames. This *should not happen* if you're using a live webcam, else the frames are being processed too slowly!
[2023-12-01 09:37:39,524] [INFO    ] [MainThread    ] Dilation kernel downscaled by 16x from 128 to 8
[2023-12-01 09:37:39,524] [INFO    ] [MainThread    ] Will flush buffer to output file every 64 frames
[2023-12-01 09:37:39,524] [INFO    ] [MainThread    ] Starting ReaderThread
[2023-12-01 09:37:39,525] [INFO    ] [MainThread    ] Starting MotionThread
[2023-12-01 09:37:39,525] [INFO    ] [MainThread    ] Starting WriterThread
[2023-12-01 09:38:32,924] [INFO    ] [WriterThread  ] Written 50 frames so far
[2023-12-01 09:38:34,790] [INFO    ] [WriterThread  ] Written 100 frames so far
[2023-12-01 09:38:36,883] [INFO    ] [WriterThread  ] Written 150 frames so far
[2023-12-01 09:38:38,464] [INFO    ] [WriterThread  ] Written 200 frames so far
[2023-12-01 09:38:40,130] [INFO    ] [WriterThread  ] Written 250 frames so far
[2023-12-01 09:38:44,974] [INFO    ] [WriterThread  ] Written 300 frames so far
[2023-12-01 09:38:46,869] [INFO    ] [WriterThread  ] Written 350 frames so far
[2023-12-01 09:38:48,460] [INFO    ] [WriterThread  ] Written 400 frames so far
[2023-12-01 09:40:35,758] [INFO    ] [ReaderThread  ] Adding None to end of reading queue
[2023-12-01 09:40:35,796] [INFO    ] [WriterThread  ] Written 450 frames so far
[2023-12-01 09:40:36,736] [INFO    ] [MainThread    ] All child processes appear to have finished! Exiting infinite loop...
[2023-12-01 09:40:36,736] [INFO    ] [MainThread    ] Joining ReaderThread
[2023-12-01 09:40:36,736] [INFO    ] [MainThread    ] Joining MotionThread
[2023-12-01 09:40:36,736] [INFO    ] [MainThread    ] Joining WriterThread
[2023-12-01 09:40:36,736] [INFO    ] [MainThread    ] Finished processing at :  2023-12-01 09:40:36.736516
[2023-12-01 09:40:36,736] [INFO    ] [MainThread    ] Finished main() in 177.23 seconds.
