[2023-12-01 09:30:05,510] [INFO    ] [MainThread    ] Starting processing at :  2023-12-01 09:30:05.510325
[2023-12-01 09:30:05,511] [INFO    ] [MainThread    ] Running main() with Config:  {'video_source': '/home/pi-cam7/EcoMotionZip/testing/test_videos/Ratnayake2023/cam_7_S_video_20210310_142405.h264.avi', 'output_directory': './testing', 'record_duration': 60, 'number_of_videos': 1, 'camera_resolution': [1920, 1080], 'camera_fps': 32, 'raspberrypi_camera': False, 'delete_original': False, 'reader_sleep_seconds': 1, 'reader_flush_proportion': 0.9, 'downscale_factor': 16, 'dilate_kernel_size': 128, 'movement_threshold': 40, 'persist_frames': 0, 'full_frame_guarantee': 300, 'video_codec': 'XVID', 'num_opencv_threads': 10}
[2023-12-01 09:30:05,511] [INFO    ] [MainThread    ] Outputting to Outputting to testing/EcoMotionZip
[2023-12-01 09:30:05,523] [INFO    ] [MainThread    ] Will sleep 1 seconds if reading queue fills up with 460 frames. This *should not happen* if you're using a live webcam, else the frames are being processed too slowly!
[2023-12-01 09:30:05,523] [INFO    ] [MainThread    ] Dilation kernel downscaled by 16x from 128 to 8
[2023-12-01 09:30:05,524] [INFO    ] [MainThread    ] Will flush buffer to output file every 64 frames
[2023-12-01 09:30:05,524] [INFO    ] [MainThread    ] Starting ReaderThread
[2023-12-01 09:30:05,524] [INFO    ] [MainThread    ] Starting MotionThread
[2023-12-01 09:30:05,524] [INFO    ] [MainThread    ] Starting WriterThread
[2023-12-01 09:30:31,810] [INFO    ] [WriterThread  ] Written 50 frames so far
[2023-12-01 09:30:34,738] [INFO    ] [WriterThread  ] Written 100 frames so far
[2023-12-01 09:30:37,370] [INFO    ] [WriterThread  ] Written 150 frames so far
[2023-12-01 09:30:39,755] [INFO    ] [WriterThread  ] Written 200 frames so far
[2023-12-01 09:30:42,195] [INFO    ] [WriterThread  ] Written 250 frames so far
[2023-12-01 09:30:44,496] [INFO    ] [WriterThread  ] Written 300 frames so far
[2023-12-01 09:30:46,827] [INFO    ] [WriterThread  ] Written 350 frames so far
[2023-12-01 09:30:49,265] [INFO    ] [WriterThread  ] Written 400 frames so far
[2023-12-01 09:31:31,935] [INFO    ] [WriterThread  ] Written 450 frames so far
[2023-12-01 09:31:34,326] [INFO    ] [WriterThread  ] Written 500 frames so far
[2023-12-01 09:31:46,902] [INFO    ] [WriterThread  ] Written 550 frames so far
[2023-12-01 09:31:53,851] [INFO    ] [WriterThread  ] Written 600 frames so far
[2023-12-01 09:31:56,701] [INFO    ] [WriterThread  ] Written 650 frames so far
[2023-12-01 09:31:59,032] [INFO    ] [WriterThread  ] Written 700 frames so far
[2023-12-01 09:32:03,417] [INFO    ] [WriterThread  ] Written 750 frames so far
[2023-12-01 09:32:06,095] [INFO    ] [WriterThread  ] Written 800 frames so far
[2023-12-01 09:32:14,890] [INFO    ] [WriterThread  ] Written 850 frames so far
[2023-12-01 09:32:17,653] [INFO    ] [WriterThread  ] Written 900 frames so far
[2023-12-01 09:32:20,181] [INFO    ] [WriterThread  ] Written 950 frames so far
[2023-12-01 09:32:22,690] [INFO    ] [WriterThread  ] Written 1000 frames so far
[2023-12-01 09:32:24,872] [INFO    ] [WriterThread  ] Written 1050 frames so far
[2023-12-01 09:32:28,551] [INFO    ] [WriterThread  ] Written 1100 frames so far
[2023-12-01 09:32:31,135] [INFO    ] [WriterThread  ] Written 1150 frames so far
[2023-12-01 09:32:33,321] [INFO    ] [WriterThread  ] Written 1200 frames so far
[2023-12-01 09:32:40,495] [INFO    ] [WriterThread  ] Written 1250 frames so far
[2023-12-01 09:32:43,760] [INFO    ] [WriterThread  ] Written 1300 frames so far
[2023-12-01 09:32:49,101] [INFO    ] [WriterThread  ] Written 1350 frames so far
[2023-12-01 09:32:51,182] [INFO    ] [WriterThread  ] Written 1400 frames so far
[2023-12-01 09:32:56,105] [INFO    ] [WriterThread  ] Written 1450 frames so far
[2023-12-01 09:32:58,607] [INFO    ] [WriterThread  ] Written 1500 frames so far
[2023-12-01 09:33:00,972] [INFO    ] [WriterThread  ] Written 1550 frames so far
[2023-12-01 09:33:03,432] [INFO    ] [WriterThread  ] Written 1600 frames so far
[2023-12-01 09:33:05,532] [INFO    ] [WriterThread  ] Written 1650 frames so far
[2023-12-01 09:33:07,665] [INFO    ] [WriterThread  ] Written 1700 frames so far
[2023-12-01 09:33:24,011] [INFO    ] [WriterThread  ] Written 1750 frames so far
[2023-12-01 09:33:32,210] [INFO    ] [ReaderThread  ] Adding None to end of reading queue
[2023-12-01 09:33:32,371] [INFO    ] [WriterThread  ] Written 1800 frames so far
[2023-12-01 09:33:33,215] [INFO    ] [MainThread    ] All child processes appear to have finished! Exiting infinite loop...
[2023-12-01 09:33:33,215] [INFO    ] [MainThread    ] Joining ReaderThread
[2023-12-01 09:33:33,215] [INFO    ] [MainThread    ] Joining MotionThread
[2023-12-01 09:33:33,215] [INFO    ] [MainThread    ] Joining WriterThread
[2023-12-01 09:33:33,215] [INFO    ] [MainThread    ] Finished processing at :  2023-12-01 09:33:33.215476
[2023-12-01 09:33:33,215] [INFO    ] [MainThread    ] Finished main() in 207.71 seconds.
