[2023-12-01 09:22:14,001] [INFO    ] [MainThread    ] Starting processing at :  2023-12-01 09:22:13.993526
[2023-12-01 09:22:14,001] [INFO    ] [MainThread    ] Running main() with Config:  {'video_source': '/home/pi-cam7/EcoMotionZip/testing/test_videos/Naqvi2022/08210024.avi', 'output_directory': './testing', 'record_duration': 60, 'number_of_videos': 1, 'camera_resolution': [1920, 1080], 'camera_fps': 32, 'raspberrypi_camera': False, 'delete_original': False, 'reader_sleep_seconds': 1, 'reader_flush_proportion': 0.9, 'downscale_factor': 16, 'dilate_kernel_size': 128, 'movement_threshold': 40, 'persist_frames': 0, 'full_frame_guarantee': 300, 'video_codec': 'X264', 'num_opencv_threads': 10}
[2023-12-01 09:22:14,001] [INFO    ] [MainThread    ] Outputting to Outputting to testing/EcoMotionZip
[2023-12-01 09:22:14,216] [INFO    ] [MainThread    ] Will sleep 1 seconds if reading queue fills up with 460 frames. This *should not happen* if you're using a live webcam, else the frames are being processed too slowly!
[2023-12-01 09:22:14,216] [INFO    ] [MainThread    ] Dilation kernel downscaled by 16x from 128 to 8
[2023-12-01 09:22:14,218] [INFO    ] [MainThread    ] Will flush buffer to output file every 64 frames
[2023-12-01 09:22:14,218] [INFO    ] [MainThread    ] Starting ReaderThread
[2023-12-01 09:22:14,221] [INFO    ] [MainThread    ] Starting MotionThread
[2023-12-01 09:22:14,221] [INFO    ] [MainThread    ] Starting WriterThread
[2023-12-01 09:22:18,713] [INFO    ] [WriterThread  ] Written 50 frames so far
[2023-12-01 09:22:23,033] [INFO    ] [WriterThread  ] Written 100 frames so far
[2023-12-01 09:22:28,003] [INFO    ] [WriterThread  ] Written 150 frames so far
[2023-12-01 09:22:33,014] [INFO    ] [WriterThread  ] Written 200 frames so far
[2023-12-01 09:22:36,660] [INFO    ] [WriterThread  ] Written 250 frames so far
[2023-12-01 09:22:40,131] [INFO    ] [WriterThread  ] Written 300 frames so far
[2023-12-01 09:22:43,128] [INFO    ] [WriterThread  ] Written 350 frames so far
[2023-12-01 09:22:47,093] [INFO    ] [WriterThread  ] Written 400 frames so far
[2023-12-01 09:22:51,080] [INFO    ] [WriterThread  ] Written 450 frames so far
[2023-12-01 09:22:53,840] [INFO    ] [WriterThread  ] Written 500 frames so far
[2023-12-01 09:22:56,621] [INFO    ] [WriterThread  ] Written 550 frames so far
[2023-12-01 09:22:59,529] [INFO    ] [WriterThread  ] Written 600 frames so far
[2023-12-01 09:23:02,159] [INFO    ] [WriterThread  ] Written 650 frames so far
[2023-12-01 09:23:04,975] [INFO    ] [WriterThread  ] Written 700 frames so far
[2023-12-01 09:23:07,449] [INFO    ] [WriterThread  ] Written 750 frames so far
[2023-12-01 09:23:10,027] [INFO    ] [WriterThread  ] Written 800 frames so far
[2023-12-01 09:23:12,433] [INFO    ] [WriterThread  ] Written 850 frames so far
[2023-12-01 09:23:14,901] [INFO    ] [WriterThread  ] Written 900 frames so far
[2023-12-01 09:23:17,642] [INFO    ] [WriterThread  ] Written 950 frames so far
[2023-12-01 09:23:18,022] [INFO    ] [ReaderThread  ] Adding None to end of reading queue
[2023-12-01 09:23:19,511] [INFO    ] [WriterThread  ] Written 1000 frames so far
[2023-12-01 09:23:21,797] [INFO    ] [WriterThread  ] Written 1050 frames so far
[2023-12-01 09:23:24,007] [INFO    ] [WriterThread  ] Written 1100 frames so far
[2023-12-01 09:23:26,092] [INFO    ] [WriterThread  ] Written 1150 frames so far
[2023-12-01 09:23:28,644] [INFO    ] [WriterThread  ] Written 1200 frames so far
[2023-12-01 09:23:31,195] [INFO    ] [WriterThread  ] Written 1250 frames so far
[2023-12-01 09:23:33,160] [INFO    ] [WriterThread  ] Written 1300 frames so far
[2023-12-01 09:23:35,163] [INFO    ] [WriterThread  ] Written 1350 frames so far
[2023-12-01 09:23:37,086] [INFO    ] [WriterThread  ] Written 1400 frames so far
[2023-12-01 09:23:38,923] [INFO    ] [WriterThread  ] Written 1450 frames so far
[2023-12-01 09:23:40,739] [INFO    ] [WriterThread  ] Written 1500 frames so far
[2023-12-01 09:23:43,150] [INFO    ] [WriterThread  ] Written 1550 frames so far
[2023-12-01 09:23:45,610] [INFO    ] [WriterThread  ] Written 1600 frames so far
[2023-12-01 09:23:47,651] [INFO    ] [WriterThread  ] Written 1650 frames so far
[2023-12-01 09:23:51,305] [INFO    ] [MainThread    ] All child processes appear to have finished! Exiting infinite loop...
[2023-12-01 09:23:51,305] [INFO    ] [MainThread    ] Joining ReaderThread
[2023-12-01 09:23:51,305] [INFO    ] [MainThread    ] Joining MotionThread
[2023-12-01 09:23:51,305] [INFO    ] [MainThread    ] Joining WriterThread
[2023-12-01 09:23:51,305] [INFO    ] [MainThread    ] Finished processing at :  2023-12-01 09:23:51.305851
[2023-12-01 09:23:51,305] [INFO    ] [MainThread    ] Finished main() in 97.31 seconds.
