[2023-12-01 09:43:25,849] [INFO    ] [MainThread    ] Starting processing at :  2023-12-01 09:43:25.849033
[2023-12-01 09:43:25,849] [INFO    ] [MainThread    ] Running main() with Config:  {'video_source': '/home/pi-cam7/EcoMotionZip/testing/test_videos/Ratnayake2023/cam_3_S_video_20210312_123203.h264.avi', 'output_directory': './testing', 'record_duration': 60, 'number_of_videos': 1, 'camera_resolution': [1920, 1080], 'camera_fps': 32, 'raspberrypi_camera': False, 'delete_original': False, 'reader_sleep_seconds': 1, 'reader_flush_proportion': 0.9, 'downscale_factor': 16, 'dilate_kernel_size': 128, 'movement_threshold': 40, 'persist_frames': 0, 'full_frame_guarantee': 300, 'video_codec': 'XVID', 'num_opencv_threads': 10}
[2023-12-01 09:43:25,849] [INFO    ] [MainThread    ] Outputting to Outputting to testing/EcoMotionZip
[2023-12-01 09:43:25,861] [INFO    ] [MainThread    ] Will sleep 1 seconds if reading queue fills up with 460 frames. This *should not happen* if you're using a live webcam, else the frames are being processed too slowly!
[2023-12-01 09:43:25,861] [INFO    ] [MainThread    ] Dilation kernel downscaled by 16x from 128 to 8
[2023-12-01 09:43:25,862] [INFO    ] [MainThread    ] Will flush buffer to output file every 64 frames
[2023-12-01 09:43:25,862] [INFO    ] [MainThread    ] Starting ReaderThread
[2023-12-01 09:43:25,862] [INFO    ] [MainThread    ] Starting MotionThread
[2023-12-01 09:43:25,862] [INFO    ] [MainThread    ] Starting WriterThread
[2023-12-01 09:44:27,582] [INFO    ] [WriterThread  ] Written 50 frames so far
[2023-12-01 09:44:49,774] [INFO    ] [WriterThread  ] Written 100 frames so far
[2023-12-01 09:44:54,976] [INFO    ] [WriterThread  ] Written 150 frames so far
[2023-12-01 09:45:27,174] [INFO    ] [WriterThread  ] Written 200 frames so far
[2023-12-01 09:45:29,333] [INFO    ] [WriterThread  ] Written 250 frames so far
[2023-12-01 09:45:32,971] [INFO    ] [WriterThread  ] Written 300 frames so far
[2023-12-01 09:45:35,360] [INFO    ] [WriterThread  ] Written 350 frames so far
[2023-12-01 09:45:37,555] [INFO    ] [WriterThread  ] Written 400 frames so far
[2023-12-01 09:45:39,869] [INFO    ] [WriterThread  ] Written 450 frames so far
[2023-12-01 09:45:42,331] [INFO    ] [WriterThread  ] Written 500 frames so far
[2023-12-01 09:45:44,546] [INFO    ] [WriterThread  ] Written 550 frames so far
[2023-12-01 09:45:46,795] [INFO    ] [WriterThread  ] Written 600 frames so far
[2023-12-01 09:45:49,465] [INFO    ] [WriterThread  ] Written 650 frames so far
[2023-12-01 09:45:51,617] [INFO    ] [WriterThread  ] Written 700 frames so far
[2023-12-01 09:46:00,799] [INFO    ] [WriterThread  ] Written 750 frames so far
[2023-12-01 09:46:03,182] [INFO    ] [WriterThread  ] Written 800 frames so far
[2023-12-01 09:46:18,860] [INFO    ] [WriterThread  ] Written 850 frames so far
[2023-12-01 09:46:27,996] [INFO    ] [ReaderThread  ] Adding None to end of reading queue
[2023-12-01 09:46:28,080] [INFO    ] [WriterThread  ] Written 900 frames so far
[2023-12-01 09:46:29,046] [INFO    ] [WriterThread  ] Written 950 frames so far
[2023-12-01 09:46:29,465] [INFO    ] [MainThread    ] All child processes appear to have finished! Exiting infinite loop...
[2023-12-01 09:46:29,465] [INFO    ] [MainThread    ] Joining ReaderThread
[2023-12-01 09:46:29,465] [INFO    ] [MainThread    ] Joining MotionThread
[2023-12-01 09:46:29,465] [INFO    ] [MainThread    ] Joining WriterThread
[2023-12-01 09:46:29,465] [INFO    ] [MainThread    ] Finished processing at :  2023-12-01 09:46:29.465731
[2023-12-01 09:46:29,465] [INFO    ] [MainThread    ] Finished main() in 183.62 seconds.
