[2024-06-20 12:24:50,730] [INFO    ] [MainThread    ] Starting processing at :  2024-06-20 12:15:24.262879
[2024-06-20 12:24:50,730] [INFO    ] [MainThread    ] Running main() with Config:  {'video_source': '/Users/mrat0010/Documents/GitHub/EcoMotionZip/testing/JamesCook/Raw/00029_deinterlaced.avi', 'output_directory': '/Users/mrat0010/Documents/GitHub/EcoMotionZip/testing/nest_monitoring/transparent', 'record_duration': 60, 'number_of_videos': 1, 'camera_resolution': [1920, 1080], 'camera_fps': 32, 'raspberrypi_camera': False, 'delete_original': False, 'embed_timestamps': True, 'reader_sleep_seconds': 1, 'reader_flush_proportion': 0.9, 'downscale_factor': 16, 'dilate_kernel_size': 128, 'movement_threshold': 40, 'persist_frames': 0, 'full_frame_guarantee': 300, 'video_codec': 'X264', 'num_opencv_threads': 10}
[2024-06-20 12:24:50,730] [INFO    ] [MainThread    ] Outputting to Outputting to /Users/mrat0010/Documents/GitHub/EcoMotionZip/testing/nest_monitoring/transparent/EcoMotionZip
[2024-06-20 12:24:50,779] [INFO    ] [MainThread    ] Will sleep 1 seconds if reading queue fills up with 460 frames. This *should not happen* if you're using a live webcam, else the frames are being processed too slowly!
[2024-06-20 12:24:50,781] [INFO    ] [MainThread    ] Dilation kernel downscaled by 16x from 128 to 8
[2024-06-20 12:24:50,782] [INFO    ] [MainThread    ] Will flush buffer to output file every 64 frames
[2024-06-20 12:24:50,782] [INFO    ] [MainThread    ] Starting ReaderThread
[2024-06-20 12:24:50,782] [INFO    ] [MainThread    ] Starting MotionThread
[2024-06-20 12:24:50,782] [INFO    ] [MainThread    ] Starting WriterThread
[2024-06-20 12:24:51,816] [INFO    ] [WriterThread  ] Written 50 frames so far
[2024-06-20 12:24:52,820] [INFO    ] [WriterThread  ] Written 100 frames so far
[2024-06-20 12:24:53,929] [INFO    ] [WriterThread  ] Written 150 frames so far
[2024-06-20 12:24:54,977] [INFO    ] [WriterThread  ] Written 200 frames so far
[2024-06-20 12:24:56,228] [INFO    ] [WriterThread  ] Written 250 frames so far
[2024-06-20 12:24:56,890] [INFO    ] [WriterThread  ] Written 300 frames so far
[2024-06-20 12:24:57,875] [INFO    ] [WriterThread  ] Written 350 frames so far
[2024-06-20 12:24:58,609] [INFO    ] [WriterThread  ] Written 400 frames so far
[2024-06-20 12:24:59,255] [INFO    ] [WriterThread  ] Written 450 frames so far
[2024-06-20 12:24:59,876] [INFO    ] [WriterThread  ] Written 500 frames so far
[2024-06-20 12:25:00,687] [INFO    ] [WriterThread  ] Written 550 frames so far
[2024-06-20 12:25:01,393] [INFO    ] [WriterThread  ] Written 600 frames so far
[2024-06-20 12:25:01,985] [INFO    ] [WriterThread  ] Written 650 frames so far
[2024-06-20 12:25:02,983] [INFO    ] [WriterThread  ] Written 700 frames so far
[2024-06-20 12:25:03,750] [INFO    ] [WriterThread  ] Written 750 frames so far
[2024-06-20 12:25:04,524] [INFO    ] [WriterThread  ] Written 800 frames so far
[2024-06-20 12:25:05,147] [INFO    ] [WriterThread  ] Written 850 frames so far
[2024-06-20 12:25:05,795] [INFO    ] [WriterThread  ] Written 900 frames so far
[2024-06-20 12:25:06,435] [INFO    ] [WriterThread  ] Written 950 frames so far
[2024-06-20 12:25:07,024] [INFO    ] [WriterThread  ] Written 1000 frames so far
[2024-06-20 12:25:07,689] [INFO    ] [WriterThread  ] Written 1050 frames so far
[2024-06-20 12:25:08,310] [INFO    ] [WriterThread  ] Written 1100 frames so far
[2024-06-20 12:25:08,927] [INFO    ] [WriterThread  ] Written 1150 frames so far
[2024-06-20 12:25:09,540] [INFO    ] [WriterThread  ] Written 1200 frames so far
[2024-06-20 12:25:10,155] [INFO    ] [WriterThread  ] Written 1250 frames so far
[2024-06-20 12:25:10,728] [INFO    ] [WriterThread  ] Written 1300 frames so far
[2024-06-20 12:25:11,361] [INFO    ] [WriterThread  ] Written 1350 frames so far
[2024-06-20 12:25:11,959] [INFO    ] [WriterThread  ] Written 1400 frames so far
[2024-06-20 12:25:12,508] [INFO    ] [WriterThread  ] Written 1450 frames so far
[2024-06-20 12:25:13,170] [INFO    ] [WriterThread  ] Written 1500 frames so far
[2024-06-20 12:25:13,854] [INFO    ] [WriterThread  ] Written 1550 frames so far
[2024-06-20 12:25:14,390] [INFO    ] [WriterThread  ] Written 1600 frames so far
[2024-06-20 12:25:15,014] [INFO    ] [WriterThread  ] Written 1650 frames so far
[2024-06-20 12:25:15,652] [INFO    ] [WriterThread  ] Written 1700 frames so far
[2024-06-20 12:25:16,240] [INFO    ] [WriterThread  ] Written 1750 frames so far
[2024-06-20 12:25:16,890] [INFO    ] [WriterThread  ] Written 1800 frames so far
[2024-06-20 12:25:17,498] [INFO    ] [WriterThread  ] Written 1850 frames so far
[2024-06-20 12:25:18,025] [INFO    ] [WriterThread  ] Written 1900 frames so far
[2024-06-20 12:25:18,567] [INFO    ] [WriterThread  ] Written 1950 frames so far
[2024-06-20 12:25:19,063] [INFO    ] [WriterThread  ] Written 2000 frames so far
[2024-06-20 12:25:19,742] [INFO    ] [WriterThread  ] Written 2050 frames so far
[2024-06-20 12:25:20,357] [INFO    ] [WriterThread  ] Written 2100 frames so far
[2024-06-20 12:25:20,993] [INFO    ] [WriterThread  ] Written 2150 frames so far
[2024-06-20 12:25:21,548] [INFO    ] [WriterThread  ] Written 2200 frames so far
[2024-06-20 12:25:22,181] [INFO    ] [WriterThread  ] Written 2250 frames so far
[2024-06-20 12:25:22,976] [INFO    ] [WriterThread  ] Written 2300 frames so far
[2024-06-20 12:25:23,582] [INFO    ] [WriterThread  ] Written 2350 frames so far
[2024-06-20 12:25:24,717] [INFO    ] [WriterThread  ] Written 2400 frames so far
[2024-06-20 12:25:25,880] [INFO    ] [WriterThread  ] Written 2450 frames so far
[2024-06-20 12:25:27,900] [INFO    ] [WriterThread  ] Written 2500 frames so far
[2024-06-20 12:25:29,052] [INFO    ] [WriterThread  ] Written 2550 frames so far
[2024-06-20 12:25:29,937] [INFO    ] [WriterThread  ] Written 2600 frames so far
[2024-06-20 12:25:30,820] [INFO    ] [WriterThread  ] Written 2650 frames so far
[2024-06-20 12:25:31,635] [INFO    ] [WriterThread  ] Written 2700 frames so far
[2024-06-20 12:25:32,482] [INFO    ] [WriterThread  ] Written 2750 frames so far
[2024-06-20 12:25:33,175] [INFO    ] [WriterThread  ] Written 2800 frames so far
[2024-06-20 12:25:33,769] [INFO    ] [WriterThread  ] Written 2850 frames so far
[2024-06-20 12:25:34,622] [INFO    ] [WriterThread  ] Written 2900 frames so far
[2024-06-20 12:25:35,207] [INFO    ] [WriterThread  ] Written 2950 frames so far
[2024-06-20 12:25:35,848] [INFO    ] [WriterThread  ] Written 3000 frames so far
[2024-06-20 12:25:36,529] [INFO    ] [WriterThread  ] Written 3050 frames so far
[2024-06-20 12:25:37,092] [INFO    ] [WriterThread  ] Written 3100 frames so far
[2024-06-20 12:25:38,602] [INFO    ] [WriterThread  ] Written 3150 frames so far
[2024-06-20 12:25:39,350] [INFO    ] [WriterThread  ] Written 3200 frames so far
[2024-06-20 12:25:40,163] [INFO    ] [WriterThread  ] Written 3250 frames so far
[2024-06-20 12:25:40,920] [INFO    ] [WriterThread  ] Written 3300 frames so far
[2024-06-20 12:25:41,563] [INFO    ] [WriterThread  ] Written 3350 frames so far
[2024-06-20 12:25:42,130] [INFO    ] [WriterThread  ] Written 3400 frames so far
[2024-06-20 12:25:43,248] [INFO    ] [WriterThread  ] Written 3450 frames so far
[2024-06-20 12:25:43,877] [INFO    ] [WriterThread  ] Written 3500 frames so far
[2024-06-20 12:25:44,513] [INFO    ] [WriterThread  ] Written 3550 frames so far
[2024-06-20 12:25:45,400] [INFO    ] [WriterThread  ] Written 3600 frames so far
[2024-06-20 12:25:46,141] [INFO    ] [WriterThread  ] Written 3650 frames so far
[2024-06-20 12:25:47,020] [INFO    ] [WriterThread  ] Written 3700 frames so far
[2024-06-20 12:25:47,635] [INFO    ] [WriterThread  ] Written 3750 frames so far
[2024-06-20 12:25:48,375] [INFO    ] [WriterThread  ] Written 3800 frames so far
[2024-06-20 12:25:48,990] [INFO    ] [WriterThread  ] Written 3850 frames so far
[2024-06-20 12:25:49,632] [INFO    ] [WriterThread  ] Written 3900 frames so far
[2024-06-20 12:25:50,382] [INFO    ] [WriterThread  ] Written 3950 frames so far
[2024-06-20 12:25:50,937] [INFO    ] [WriterThread  ] Written 4000 frames so far
[2024-06-20 12:25:51,603] [INFO    ] [WriterThread  ] Written 4050 frames so far
[2024-06-20 12:25:52,160] [INFO    ] [WriterThread  ] Written 4100 frames so far
[2024-06-20 12:25:52,882] [INFO    ] [WriterThread  ] Written 4150 frames so far
[2024-06-20 12:25:53,442] [INFO    ] [WriterThread  ] Written 4200 frames so far
[2024-06-20 12:25:54,003] [INFO    ] [WriterThread  ] Written 4250 frames so far
[2024-06-20 12:25:55,009] [INFO    ] [WriterThread  ] Written 4300 frames so far
[2024-06-20 12:25:55,682] [INFO    ] [WriterThread  ] Written 4350 frames so far
[2024-06-20 12:25:56,741] [INFO    ] [WriterThread  ] Written 4400 frames so far
[2024-06-20 12:25:57,977] [INFO    ] [WriterThread  ] Written 4450 frames so far
[2024-06-20 12:25:58,627] [INFO    ] [WriterThread  ] Written 4500 frames so far
[2024-06-20 12:25:59,267] [INFO    ] [WriterThread  ] Written 4550 frames so far
[2024-06-20 12:25:59,879] [INFO    ] [WriterThread  ] Written 4600 frames so far
[2024-06-20 12:26:00,524] [INFO    ] [WriterThread  ] Written 4650 frames so far
[2024-06-20 12:26:01,099] [INFO    ] [WriterThread  ] Written 4700 frames so far
[2024-06-20 12:26:01,644] [INFO    ] [WriterThread  ] Written 4750 frames so far
[2024-06-20 12:26:02,348] [INFO    ] [WriterThread  ] Written 4800 frames so far
[2024-06-20 12:26:02,922] [INFO    ] [WriterThread  ] Written 4850 frames so far
[2024-06-20 12:26:03,507] [INFO    ] [WriterThread  ] Written 4900 frames so far
[2024-06-20 12:26:04,085] [INFO    ] [WriterThread  ] Written 4950 frames so far
[2024-06-20 12:26:04,796] [INFO    ] [WriterThread  ] Written 5000 frames so far
[2024-06-20 12:26:05,529] [INFO    ] [WriterThread  ] Written 5050 frames so far
[2024-06-20 12:26:06,230] [INFO    ] [WriterThread  ] Written 5100 frames so far
[2024-06-20 12:26:06,959] [INFO    ] [WriterThread  ] Written 5150 frames so far
[2024-06-20 12:26:07,623] [INFO    ] [WriterThread  ] Written 5200 frames so far
[2024-06-20 12:26:08,432] [INFO    ] [WriterThread  ] Written 5250 frames so far
[2024-06-20 12:26:09,306] [INFO    ] [WriterThread  ] Written 5300 frames so far
[2024-06-20 12:26:10,108] [INFO    ] [WriterThread  ] Written 5350 frames so far
[2024-06-20 12:26:10,769] [INFO    ] [WriterThread  ] Written 5400 frames so far
[2024-06-20 12:26:11,534] [INFO    ] [WriterThread  ] Written 5450 frames so far
[2024-06-20 12:26:12,207] [INFO    ] [WriterThread  ] Written 5500 frames so far
[2024-06-20 12:26:12,867] [INFO    ] [WriterThread  ] Written 5550 frames so far
[2024-06-20 12:26:13,473] [INFO    ] [WriterThread  ] Written 5600 frames so far
[2024-06-20 12:26:14,065] [INFO    ] [WriterThread  ] Written 5650 frames so far
[2024-06-20 12:26:14,761] [INFO    ] [WriterThread  ] Written 5700 frames so far
[2024-06-20 12:26:15,705] [INFO    ] [WriterThread  ] Written 5750 frames so far
[2024-06-20 12:26:16,772] [INFO    ] [WriterThread  ] Written 5800 frames so far
[2024-06-20 12:26:17,412] [INFO    ] [WriterThread  ] Written 5850 frames so far
[2024-06-20 12:26:18,242] [INFO    ] [WriterThread  ] Written 5900 frames so far
[2024-06-20 12:26:18,898] [INFO    ] [WriterThread  ] Written 5950 frames so far
[2024-06-20 12:26:19,514] [INFO    ] [WriterThread  ] Written 6000 frames so far
[2024-06-20 12:26:20,260] [INFO    ] [WriterThread  ] Written 6050 frames so far
[2024-06-20 12:26:20,926] [INFO    ] [WriterThread  ] Written 6100 frames so far
[2024-06-20 12:26:21,576] [INFO    ] [WriterThread  ] Written 6150 frames so far
[2024-06-20 12:26:22,153] [INFO    ] [WriterThread  ] Written 6200 frames so far
[2024-06-20 12:26:22,797] [INFO    ] [WriterThread  ] Written 6250 frames so far
[2024-06-20 12:26:24,113] [INFO    ] [WriterThread  ] Written 6300 frames so far
[2024-06-20 12:26:24,848] [INFO    ] [WriterThread  ] Written 6350 frames so far
[2024-06-20 12:26:25,635] [INFO    ] [WriterThread  ] Written 6400 frames so far
[2024-06-20 12:26:26,322] [INFO    ] [WriterThread  ] Written 6450 frames so far
[2024-06-20 12:26:26,892] [INFO    ] [WriterThread  ] Written 6500 frames so far
[2024-06-20 12:26:27,527] [INFO    ] [WriterThread  ] Written 6550 frames so far
[2024-06-20 12:26:28,144] [INFO    ] [WriterThread  ] Written 6600 frames so far
[2024-06-20 12:26:28,722] [INFO    ] [WriterThread  ] Written 6650 frames so far
[2024-06-20 12:26:29,320] [INFO    ] [WriterThread  ] Written 6700 frames so far
[2024-06-20 12:26:30,043] [INFO    ] [WriterThread  ] Written 6750 frames so far
[2024-06-20 12:26:30,670] [INFO    ] [WriterThread  ] Written 6800 frames so far
[2024-06-20 12:26:32,064] [INFO    ] [WriterThread  ] Written 6850 frames so far
[2024-06-20 12:26:32,768] [INFO    ] [WriterThread  ] Written 6900 frames so far
[2024-06-20 12:26:33,433] [INFO    ] [WriterThread  ] Written 6950 frames so far
[2024-06-20 12:26:34,131] [INFO    ] [WriterThread  ] Written 7000 frames so far
[2024-06-20 12:26:34,844] [INFO    ] [WriterThread  ] Written 7050 frames so far
[2024-06-20 12:26:35,395] [INFO    ] [WriterThread  ] Written 7100 frames so far
[2024-06-20 12:26:36,016] [INFO    ] [WriterThread  ] Written 7150 frames so far
[2024-06-20 12:26:36,659] [INFO    ] [WriterThread  ] Written 7200 frames so far
[2024-06-20 12:26:37,220] [INFO    ] [WriterThread  ] Written 7250 frames so far
[2024-06-20 12:26:37,937] [INFO    ] [WriterThread  ] Written 7300 frames so far
[2024-06-20 12:26:38,467] [INFO    ] [WriterThread  ] Written 7350 frames so far
[2024-06-20 12:26:39,115] [INFO    ] [WriterThread  ] Written 7400 frames so far
[2024-06-20 12:26:39,645] [INFO    ] [WriterThread  ] Written 7450 frames so far
[2024-06-20 12:26:40,163] [INFO    ] [WriterThread  ] Written 7500 frames so far
[2024-06-20 12:26:40,754] [INFO    ] [WriterThread  ] Written 7550 frames so far
[2024-06-20 12:26:41,337] [INFO    ] [WriterThread  ] Written 7600 frames so far
[2024-06-20 12:26:41,991] [INFO    ] [WriterThread  ] Written 7650 frames so far
[2024-06-20 12:26:42,552] [INFO    ] [WriterThread  ] Written 7700 frames so far
[2024-06-20 12:26:43,174] [INFO    ] [WriterThread  ] Written 7750 frames so far
[2024-06-20 12:26:44,043] [INFO    ] [WriterThread  ] Written 7800 frames so far
[2024-06-20 12:26:44,604] [INFO    ] [WriterThread  ] Written 7850 frames so far
[2024-06-20 12:26:45,153] [INFO    ] [WriterThread  ] Written 7900 frames so far
[2024-06-20 12:26:45,701] [INFO    ] [WriterThread  ] Written 7950 frames so far
[2024-06-20 12:26:46,451] [INFO    ] [WriterThread  ] Written 8000 frames so far
[2024-06-20 12:26:47,143] [INFO    ] [WriterThread  ] Written 8050 frames so far
[2024-06-20 12:26:47,886] [INFO    ] [WriterThread  ] Written 8100 frames so far
[2024-06-20 12:26:48,446] [INFO    ] [WriterThread  ] Written 8150 frames so far
[2024-06-20 12:26:48,996] [INFO    ] [WriterThread  ] Written 8200 frames so far
[2024-06-20 12:26:49,501] [INFO    ] [WriterThread  ] Written 8250 frames so far
[2024-06-20 12:26:50,008] [INFO    ] [WriterThread  ] Written 8300 frames so far
[2024-06-20 12:26:50,492] [INFO    ] [WriterThread  ] Written 8350 frames so far
[2024-06-20 12:26:51,068] [INFO    ] [WriterThread  ] Written 8400 frames so far
[2024-06-20 12:26:51,554] [INFO    ] [WriterThread  ] Written 8450 frames so far
[2024-06-20 12:26:52,065] [INFO    ] [WriterThread  ] Written 8500 frames so far
[2024-06-20 12:26:52,590] [INFO    ] [WriterThread  ] Written 8550 frames so far
[2024-06-20 12:26:53,109] [INFO    ] [WriterThread  ] Written 8600 frames so far
[2024-06-20 12:26:53,687] [INFO    ] [WriterThread  ] Written 8650 frames so far
[2024-06-20 12:26:54,267] [INFO    ] [WriterThread  ] Written 8700 frames so far
[2024-06-20 12:26:54,937] [INFO    ] [WriterThread  ] Written 8750 frames so far
[2024-06-20 12:26:55,527] [INFO    ] [WriterThread  ] Written 8800 frames so far
[2024-06-20 12:26:56,070] [INFO    ] [WriterThread  ] Written 8850 frames so far
[2024-06-20 12:26:56,666] [INFO    ] [WriterThread  ] Written 8900 frames so far
[2024-06-20 12:26:57,194] [INFO    ] [WriterThread  ] Written 8950 frames so far
[2024-06-20 12:26:57,727] [INFO    ] [WriterThread  ] Written 9000 frames so far
[2024-06-20 12:26:58,292] [INFO    ] [WriterThread  ] Written 9050 frames so far
[2024-06-20 12:26:58,933] [INFO    ] [WriterThread  ] Written 9100 frames so far
[2024-06-20 12:26:59,528] [INFO    ] [WriterThread  ] Written 9150 frames so far
[2024-06-20 12:27:00,314] [INFO    ] [WriterThread  ] Written 9200 frames so far
[2024-06-20 12:27:01,053] [INFO    ] [WriterThread  ] Written 9250 frames so far
[2024-06-20 12:27:01,727] [INFO    ] [WriterThread  ] Written 9300 frames so far
[2024-06-20 12:27:02,241] [INFO    ] [WriterThread  ] Written 9350 frames so far
[2024-06-20 12:27:02,786] [INFO    ] [WriterThread  ] Written 9400 frames so far
[2024-06-20 12:27:03,304] [INFO    ] [WriterThread  ] Written 9450 frames so far
[2024-06-20 12:27:03,871] [INFO    ] [WriterThread  ] Written 9500 frames so far
[2024-06-20 12:27:04,599] [INFO    ] [WriterThread  ] Written 9550 frames so far
[2024-06-20 12:27:05,239] [INFO    ] [WriterThread  ] Written 9600 frames so far
[2024-06-20 12:27:05,859] [INFO    ] [WriterThread  ] Written 9650 frames so far
[2024-06-20 12:27:06,582] [INFO    ] [WriterThread  ] Written 9700 frames so far
[2024-06-20 12:27:07,315] [INFO    ] [WriterThread  ] Written 9750 frames so far
[2024-06-20 12:27:08,111] [INFO    ] [WriterThread  ] Written 9800 frames so far
[2024-06-20 12:27:08,944] [INFO    ] [WriterThread  ] Written 9850 frames so far
[2024-06-20 12:27:09,521] [INFO    ] [WriterThread  ] Written 9900 frames so far
[2024-06-20 12:27:10,209] [INFO    ] [WriterThread  ] Written 9950 frames so far
[2024-06-20 12:27:10,789] [INFO    ] [WriterThread  ] Written 10000 frames so far
[2024-06-20 12:27:11,474] [INFO    ] [WriterThread  ] Written 10050 frames so far
[2024-06-20 12:27:12,171] [INFO    ] [WriterThread  ] Written 10100 frames so far
[2024-06-20 12:27:12,982] [INFO    ] [WriterThread  ] Written 10150 frames so far
[2024-06-20 12:27:13,883] [INFO    ] [WriterThread  ] Written 10200 frames so far
[2024-06-20 12:27:14,622] [INFO    ] [WriterThread  ] Written 10250 frames so far
[2024-06-20 12:27:15,321] [INFO    ] [WriterThread  ] Written 10300 frames so far
[2024-06-20 12:27:15,855] [INFO    ] [WriterThread  ] Written 10350 frames so far
[2024-06-20 12:27:16,404] [INFO    ] [WriterThread  ] Written 10400 frames so far
[2024-06-20 12:27:17,148] [INFO    ] [WriterThread  ] Written 10450 frames so far
[2024-06-20 12:27:17,752] [INFO    ] [WriterThread  ] Written 10500 frames so far
[2024-06-20 12:27:18,372] [INFO    ] [WriterThread  ] Written 10550 frames so far
[2024-06-20 12:27:18,934] [INFO    ] [WriterThread  ] Written 10600 frames so far
[2024-06-20 12:27:19,549] [INFO    ] [WriterThread  ] Written 10650 frames so far
[2024-06-20 12:27:20,094] [INFO    ] [WriterThread  ] Written 10700 frames so far
[2024-06-20 12:27:20,771] [INFO    ] [WriterThread  ] Written 10750 frames so far
[2024-06-20 12:27:21,396] [INFO    ] [WriterThread  ] Written 10800 frames so far
[2024-06-20 12:27:21,956] [INFO    ] [WriterThread  ] Written 10850 frames so far
[2024-06-20 12:27:22,599] [INFO    ] [WriterThread  ] Written 10900 frames so far
[2024-06-20 12:27:23,307] [INFO    ] [WriterThread  ] Written 10950 frames so far
[2024-06-20 12:27:23,986] [INFO    ] [WriterThread  ] Written 11000 frames so far
[2024-06-20 12:27:24,912] [INFO    ] [WriterThread  ] Written 11050 frames so far
[2024-06-20 12:27:25,513] [INFO    ] [WriterThread  ] Written 11100 frames so far
[2024-06-20 12:27:26,263] [INFO    ] [WriterThread  ] Written 11150 frames so far
[2024-06-20 12:27:27,163] [INFO    ] [WriterThread  ] Written 11200 frames so far
[2024-06-20 12:27:27,930] [INFO    ] [WriterThread  ] Written 11250 frames so far
[2024-06-20 12:27:28,766] [INFO    ] [WriterThread  ] Written 11300 frames so far
[2024-06-20 12:27:29,417] [INFO    ] [WriterThread  ] Written 11350 frames so far
[2024-06-20 12:27:30,176] [INFO    ] [WriterThread  ] Written 11400 frames so far
[2024-06-20 12:27:30,904] [INFO    ] [WriterThread  ] Written 11450 frames so far
[2024-06-20 12:27:31,627] [INFO    ] [WriterThread  ] Written 11500 frames so far
[2024-06-20 12:27:32,271] [INFO    ] [WriterThread  ] Written 11550 frames so far
[2024-06-20 12:27:32,900] [INFO    ] [WriterThread  ] Written 11600 frames so far
[2024-06-20 12:27:33,514] [INFO    ] [WriterThread  ] Written 11650 frames so far
[2024-06-20 12:27:34,097] [INFO    ] [WriterThread  ] Written 11700 frames so far
[2024-06-20 12:27:34,786] [INFO    ] [WriterThread  ] Written 11750 frames so far
[2024-06-20 12:27:35,368] [INFO    ] [WriterThread  ] Written 11800 frames so far
[2024-06-20 12:27:35,966] [INFO    ] [WriterThread  ] Written 11850 frames so far
[2024-06-20 12:27:36,534] [INFO    ] [WriterThread  ] Written 11900 frames so far
[2024-06-20 12:27:37,054] [INFO    ] [WriterThread  ] Written 11950 frames so far
[2024-06-20 12:27:37,606] [INFO    ] [WriterThread  ] Written 12000 frames so far
[2024-06-20 12:27:38,171] [INFO    ] [WriterThread  ] Written 12050 frames so far
[2024-06-20 12:27:38,805] [INFO    ] [WriterThread  ] Written 12100 frames so far
[2024-06-20 12:27:39,329] [INFO    ] [WriterThread  ] Written 12150 frames so far
[2024-06-20 12:27:39,907] [INFO    ] [WriterThread  ] Written 12200 frames so far
[2024-06-20 12:27:40,752] [INFO    ] [WriterThread  ] Written 12250 frames so far
[2024-06-20 12:27:41,633] [INFO    ] [WriterThread  ] Written 12300 frames so far
[2024-06-20 12:27:42,395] [INFO    ] [WriterThread  ] Written 12350 frames so far
[2024-06-20 12:27:43,742] [INFO    ] [WriterThread  ] Written 12400 frames so far
[2024-06-20 12:27:44,659] [INFO    ] [WriterThread  ] Written 12450 frames so far
[2024-06-20 12:27:45,261] [INFO    ] [WriterThread  ] Written 12500 frames so far
[2024-06-20 12:27:45,955] [INFO    ] [WriterThread  ] Written 12550 frames so far
[2024-06-20 12:27:47,347] [INFO    ] [WriterThread  ] Written 12600 frames so far
[2024-06-20 12:27:48,114] [INFO    ] [WriterThread  ] Written 12650 frames so far
[2024-06-20 12:27:48,805] [INFO    ] [WriterThread  ] Written 12700 frames so far
[2024-06-20 12:27:49,544] [INFO    ] [WriterThread  ] Written 12750 frames so far
[2024-06-20 12:27:50,309] [INFO    ] [WriterThread  ] Written 12800 frames so far
[2024-06-20 12:27:50,951] [INFO    ] [WriterThread  ] Written 12850 frames so far
[2024-06-20 12:27:51,560] [INFO    ] [WriterThread  ] Written 12900 frames so far
[2024-06-20 12:27:52,160] [INFO    ] [WriterThread  ] Written 12950 frames so far
[2024-06-20 12:27:52,801] [INFO    ] [WriterThread  ] Written 13000 frames so far
[2024-06-20 12:27:53,540] [INFO    ] [WriterThread  ] Written 13050 frames so far
[2024-06-20 12:27:54,196] [INFO    ] [WriterThread  ] Written 13100 frames so far
[2024-06-20 12:27:55,004] [INFO    ] [WriterThread  ] Written 13150 frames so far
[2024-06-20 12:27:55,788] [INFO    ] [WriterThread  ] Written 13200 frames so far
[2024-06-20 12:27:56,432] [INFO    ] [WriterThread  ] Written 13250 frames so far
[2024-06-20 12:27:57,035] [INFO    ] [WriterThread  ] Written 13300 frames so far
[2024-06-20 12:27:57,958] [INFO    ] [WriterThread  ] Written 13350 frames so far
[2024-06-20 12:27:59,071] [INFO    ] [WriterThread  ] Written 13400 frames so far
[2024-06-20 12:27:59,754] [INFO    ] [WriterThread  ] Written 13450 frames so far
[2024-06-20 12:28:00,593] [INFO    ] [WriterThread  ] Written 13500 frames so far
[2024-06-20 12:28:01,540] [INFO    ] [WriterThread  ] Written 13550 frames so far
[2024-06-20 12:28:02,189] [INFO    ] [WriterThread  ] Written 13600 frames so far
[2024-06-20 12:28:02,936] [INFO    ] [WriterThread  ] Written 13650 frames so far
[2024-06-20 12:28:03,633] [INFO    ] [WriterThread  ] Written 13700 frames so far
[2024-06-20 12:28:04,281] [INFO    ] [WriterThread  ] Written 13750 frames so far
[2024-06-20 12:28:04,894] [INFO    ] [WriterThread  ] Written 13800 frames so far
[2024-06-20 12:28:05,518] [INFO    ] [WriterThread  ] Written 13850 frames so far
[2024-06-20 12:28:06,100] [INFO    ] [WriterThread  ] Written 13900 frames so far
[2024-06-20 12:28:06,700] [INFO    ] [WriterThread  ] Written 13950 frames so far
[2024-06-20 12:28:07,229] [INFO    ] [WriterThread  ] Written 14000 frames so far
[2024-06-20 12:28:07,888] [INFO    ] [WriterThread  ] Written 14050 frames so far
[2024-06-20 12:28:08,900] [INFO    ] [WriterThread  ] Written 14100 frames so far
[2024-06-20 12:28:09,530] [INFO    ] [WriterThread  ] Written 14150 frames so far
[2024-06-20 12:28:10,308] [INFO    ] [WriterThread  ] Written 14200 frames so far
[2024-06-20 12:28:10,945] [INFO    ] [WriterThread  ] Written 14250 frames so far
[2024-06-20 12:28:11,680] [INFO    ] [WriterThread  ] Written 14300 frames so far
[2024-06-20 12:28:12,579] [INFO    ] [WriterThread  ] Written 14350 frames so far
[2024-06-20 12:28:13,525] [INFO    ] [WriterThread  ] Written 14400 frames so far
[2024-06-20 12:28:14,445] [INFO    ] [WriterThread  ] Written 14450 frames so far
[2024-06-20 12:28:15,116] [INFO    ] [WriterThread  ] Written 14500 frames so far
[2024-06-20 12:28:15,780] [INFO    ] [WriterThread  ] Written 14550 frames so far
[2024-06-20 12:28:16,444] [INFO    ] [WriterThread  ] Written 14600 frames so far
[2024-06-20 12:28:17,393] [INFO    ] [WriterThread  ] Written 14650 frames so far
[2024-06-20 12:28:18,329] [INFO    ] [WriterThread  ] Written 14700 frames so far
[2024-06-20 12:28:19,011] [INFO    ] [WriterThread  ] Written 14750 frames so far
[2024-06-20 12:28:19,795] [INFO    ] [WriterThread  ] Written 14800 frames so far
[2024-06-20 12:28:20,454] [INFO    ] [WriterThread  ] Written 14850 frames so far
[2024-06-20 12:28:21,255] [INFO    ] [WriterThread  ] Written 14900 frames so far
[2024-06-20 12:28:22,079] [INFO    ] [WriterThread  ] Written 14950 frames so far
[2024-06-20 12:28:23,309] [INFO    ] [WriterThread  ] Written 15000 frames so far
[2024-06-20 12:28:24,690] [INFO    ] [WriterThread  ] Written 15050 frames so far
[2024-06-20 12:28:25,469] [INFO    ] [WriterThread  ] Written 15100 frames so far
[2024-06-20 12:28:26,226] [INFO    ] [WriterThread  ] Written 15150 frames so far
[2024-06-20 12:28:26,886] [INFO    ] [WriterThread  ] Written 15200 frames so far
[2024-06-20 12:28:27,870] [INFO    ] [WriterThread  ] Written 15250 frames so far
[2024-06-20 12:28:28,793] [INFO    ] [WriterThread  ] Written 15300 frames so far
[2024-06-20 12:28:29,521] [INFO    ] [WriterThread  ] Written 15350 frames so far
[2024-06-20 12:28:30,344] [INFO    ] [WriterThread  ] Written 15400 frames so far
[2024-06-20 12:28:31,012] [INFO    ] [WriterThread  ] Written 15450 frames so far
[2024-06-20 12:28:31,810] [INFO    ] [WriterThread  ] Written 15500 frames so far
[2024-06-20 12:28:33,008] [INFO    ] [WriterThread  ] Written 15550 frames so far
[2024-06-20 12:28:33,725] [INFO    ] [WriterThread  ] Written 15600 frames so far
[2024-06-20 12:28:34,322] [INFO    ] [WriterThread  ] Written 15650 frames so far
[2024-06-20 12:28:34,933] [INFO    ] [WriterThread  ] Written 15700 frames so far
[2024-06-20 12:28:35,548] [INFO    ] [WriterThread  ] Written 15750 frames so far
[2024-06-20 12:28:36,636] [INFO    ] [WriterThread  ] Written 15800 frames so far
[2024-06-20 12:28:37,518] [INFO    ] [WriterThread  ] Written 15850 frames so far
[2024-06-20 12:28:38,721] [INFO    ] [WriterThread  ] Written 15900 frames so far
[2024-06-20 12:28:39,518] [INFO    ] [WriterThread  ] Written 15950 frames so far
[2024-06-20 12:28:40,477] [INFO    ] [WriterThread  ] Written 16000 frames so far
[2024-06-20 12:28:41,413] [INFO    ] [WriterThread  ] Written 16050 frames so far
[2024-06-20 12:28:42,129] [INFO    ] [WriterThread  ] Written 16100 frames so far
[2024-06-20 12:28:42,823] [INFO    ] [WriterThread  ] Written 16150 frames so far
[2024-06-20 12:28:43,494] [INFO    ] [WriterThread  ] Written 16200 frames so far
[2024-06-20 12:28:44,177] [INFO    ] [WriterThread  ] Written 16250 frames so far
[2024-06-20 12:28:44,985] [INFO    ] [WriterThread  ] Written 16300 frames so far
[2024-06-20 12:28:45,780] [INFO    ] [WriterThread  ] Written 16350 frames so far
[2024-06-20 12:28:46,555] [INFO    ] [WriterThread  ] Written 16400 frames so far
[2024-06-20 12:28:47,424] [INFO    ] [WriterThread  ] Written 16450 frames so far
[2024-06-20 12:28:48,209] [INFO    ] [WriterThread  ] Written 16500 frames so far
[2024-06-20 12:28:49,000] [INFO    ] [WriterThread  ] Written 16550 frames so far
[2024-06-20 12:28:49,601] [INFO    ] [WriterThread  ] Written 16600 frames so far
[2024-06-20 12:28:50,249] [INFO    ] [WriterThread  ] Written 16650 frames so far
[2024-06-20 12:28:50,924] [INFO    ] [WriterThread  ] Written 16700 frames so far
[2024-06-20 12:28:51,608] [INFO    ] [WriterThread  ] Written 16750 frames so far
[2024-06-20 12:28:52,400] [INFO    ] [WriterThread  ] Written 16800 frames so far
[2024-06-20 12:28:53,055] [INFO    ] [WriterThread  ] Written 16850 frames so far
[2024-06-20 12:28:53,752] [INFO    ] [WriterThread  ] Written 16900 frames so far
[2024-06-20 12:28:54,376] [INFO    ] [WriterThread  ] Written 16950 frames so far
[2024-06-20 12:28:55,096] [INFO    ] [WriterThread  ] Written 17000 frames so far
[2024-06-20 12:28:55,984] [INFO    ] [WriterThread  ] Written 17050 frames so far
[2024-06-20 12:28:56,566] [INFO    ] [WriterThread  ] Written 17100 frames so far
[2024-06-20 12:28:57,223] [INFO    ] [WriterThread  ] Written 17150 frames so far
[2024-06-20 12:28:57,886] [INFO    ] [WriterThread  ] Written 17200 frames so far
[2024-06-20 12:28:58,528] [INFO    ] [WriterThread  ] Written 17250 frames so far
[2024-06-20 12:28:59,299] [INFO    ] [WriterThread  ] Written 17300 frames so far
[2024-06-20 12:28:59,887] [INFO    ] [WriterThread  ] Written 17350 frames so far
[2024-06-20 12:29:00,602] [INFO    ] [WriterThread  ] Written 17400 frames so far
[2024-06-20 12:29:00,666] [INFO    ] [ReaderThread  ] Adding None to end of reading queue
[2024-06-20 12:29:01,168] [INFO    ] [WriterThread  ] Written 17450 frames so far
[2024-06-20 12:29:01,688] [INFO    ] [WriterThread  ] Written 17500 frames so far
[2024-06-20 12:29:02,291] [INFO    ] [WriterThread  ] Written 17550 frames so far
[2024-06-20 12:29:02,824] [INFO    ] [WriterThread  ] Written 17600 frames so far
[2024-06-20 12:29:03,400] [INFO    ] [WriterThread  ] Written 17650 frames so far
[2024-06-20 12:29:03,945] [INFO    ] [WriterThread  ] Written 17700 frames so far
[2024-06-20 12:29:04,463] [INFO    ] [WriterThread  ] Written 17750 frames so far
[2024-06-20 12:29:05,046] [INFO    ] [WriterThread  ] Written 17800 frames so far
[2024-06-20 12:29:05,491] [INFO    ] [WriterThread  ] Written 17850 frames so far
[2024-06-20 12:29:05,933] [INFO    ] [WriterThread  ] Written 17900 frames so far
[2024-06-20 12:29:06,324] [INFO    ] [WriterThread  ] Written 17950 frames so far
[2024-06-20 12:29:06,739] [INFO    ] [WriterThread  ] Written 18000 frames so far
[2024-06-20 12:29:07,277] [INFO    ] [WriterThread  ] Written 18050 frames so far
[2024-06-20 12:29:07,734] [INFO    ] [WriterThread  ] Written 18100 frames so far
[2024-06-20 12:29:08,499] [INFO    ] [MainThread    ] All child processes appear to have finished! Exiting infinite loop...
[2024-06-20 12:29:08,499] [INFO    ] [MainThread    ] Joining ReaderThread
[2024-06-20 12:29:08,500] [INFO    ] [MainThread    ] Joining MotionThread
[2024-06-20 12:29:08,500] [INFO    ] [MainThread    ] Joining WriterThread
[2024-06-20 12:29:08,500] [INFO    ] [MainThread    ] Finished processing at :  2024-06-20 12:29:08.500280
[2024-06-20 12:29:08,500] [INFO    ] [MainThread    ] Finished main() in 824.24 seconds.
