[2023-12-13 10:11:05,189] [INFO    ] [MainThread    ] Starting processing at :  2023-12-13 10:11:05.179407
[2023-12-13 10:11:05,189] [INFO    ] [MainThread    ] Running main() with Config:  {'video_source': '/Users/mrat0010/Documents/GitHub/EcoMotionZip/testing/test_videos/Ratnayake2023/cam_4_N_video_20210317_120802.h264.avi', 'output_directory': '/Users/mrat0010/Documents/GitHub/EcoMotionZip/testing', 'record_duration': 60, 'number_of_videos': 1, 'camera_resolution': [1920, 1080], 'camera_fps': 32, 'raspberrypi_camera': False, 'delete_original': False, 'embed_timestamps': True, 'reader_sleep_seconds': 1, 'reader_flush_proportion': 0.9, 'downscale_factor': 16, 'dilate_kernel_size': 128, 'movement_threshold': 40, 'persist_frames': 0, 'full_frame_guarantee': 300, 'video_codec': 'X264', 'num_opencv_threads': 10}
[2023-12-13 10:11:05,189] [INFO    ] [MainThread    ] Outputting to Outputting to /Users/mrat0010/Documents/GitHub/EcoMotionZip/testing/EcoMotionZip
[2023-12-13 10:11:05,194] [INFO    ] [MainThread    ] Will sleep 1 seconds if reading queue fills up with 460 frames. This *should not happen* if you're using a live webcam, else the frames are being processed too slowly!
[2023-12-13 10:11:05,195] [INFO    ] [MainThread    ] Dilation kernel downscaled by 16x from 128 to 8
[2023-12-13 10:11:05,195] [INFO    ] [MainThread    ] Will flush buffer to output file every 64 frames
[2023-12-13 10:11:05,195] [INFO    ] [MainThread    ] Starting ReaderThread
[2023-12-13 10:11:05,195] [INFO    ] [MainThread    ] Starting MotionThread
[2023-12-13 10:11:05,195] [INFO    ] [MainThread    ] Starting WriterThread
[2023-12-13 10:11:05,689] [INFO    ] [WriterThread  ] Written 50 frames so far
[2023-12-13 10:11:07,999] [INFO    ] [WriterThread  ] Written 100 frames so far
[2023-12-13 10:11:16,641] [INFO    ] [WriterThread  ] Written 150 frames so far
[2023-12-13 10:11:18,033] [INFO    ] [WriterThread  ] Written 200 frames so far
[2023-12-13 10:11:18,286] [INFO    ] [WriterThread  ] Written 250 frames so far
[2023-12-13 10:11:27,800] [INFO    ] [WriterThread  ] Written 300 frames so far
[2023-12-13 10:11:36,443] [INFO    ] [WriterThread  ] Written 350 frames so far
[2023-12-13 10:11:39,334] [INFO    ] [WriterThread  ] Written 400 frames so far
[2023-12-13 10:11:39,604] [INFO    ] [WriterThread  ] Written 450 frames so far
[2023-12-13 10:11:39,827] [INFO    ] [WriterThread  ] Written 500 frames so far
[2023-12-13 10:11:40,419] [INFO    ] [WriterThread  ] Written 550 frames so far
[2023-12-13 10:11:41,622] [INFO    ] [WriterThread  ] Written 600 frames so far
[2023-12-13 10:11:41,880] [INFO    ] [WriterThread  ] Written 650 frames so far
[2023-12-13 10:11:42,176] [INFO    ] [WriterThread  ] Written 700 frames so far
[2023-12-13 10:11:44,214] [INFO    ] [ReaderThread  ] Adding None to end of reading queue
[2023-12-13 10:11:44,421] [INFO    ] [WriterThread  ] Written 750 frames so far
[2023-12-13 10:11:44,885] [INFO    ] [MainThread    ] All child processes appear to have finished! Exiting infinite loop...
[2023-12-13 10:11:44,885] [INFO    ] [MainThread    ] Joining ReaderThread
[2023-12-13 10:11:44,885] [INFO    ] [MainThread    ] Joining MotionThread
[2023-12-13 10:11:44,886] [INFO    ] [MainThread    ] Joining WriterThread
[2023-12-13 10:11:44,886] [INFO    ] [MainThread    ] Finished processing at :  2023-12-13 10:11:44.886172
[2023-12-13 10:11:44,886] [INFO    ] [MainThread    ] Finished main() in 39.71 seconds.
[2023-12-14 14:22:34,963] [INFO    ] [MainThread    ] Starting processing at :  2023-12-14 14:22:34.962927
[2023-12-14 14:22:34,963] [INFO    ] [MainThread    ] Running main() with Config:  {'video_source': '/Users/mrat0010/Documents/GitHub/EcoMotionZip/testing/test_videos/Ratnayake2023/cam_4_N_video_20210317_120802.h264.avi', 'output_directory': '/Users/mrat0010/Documents/GitHub/EcoMotionZip/testing', 'record_duration': 60, 'number_of_videos': 1, 'camera_resolution': [1920, 1080], 'camera_fps': 32, 'raspberrypi_camera': False, 'delete_original': False, 'embed_timestamps': False, 'reader_sleep_seconds': 1, 'reader_flush_proportion': 0.9, 'downscale_factor': 16, 'dilate_kernel_size': 128, 'movement_threshold': 40, 'persist_frames': 0, 'full_frame_guarantee': 300, 'video_codec': 'DIVX', 'num_opencv_threads': 10}
[2023-12-14 14:22:34,963] [INFO    ] [MainThread    ] Outputting to Outputting to /Users/mrat0010/Documents/GitHub/EcoMotionZip/testing/EcoMotionZip
[2023-12-14 14:22:34,966] [INFO    ] [MainThread    ] Will sleep 1 seconds if reading queue fills up with 460 frames. This *should not happen* if you're using a live webcam, else the frames are being processed too slowly!
[2023-12-14 14:22:34,966] [INFO    ] [MainThread    ] Dilation kernel downscaled by 16x from 128 to 8
[2023-12-14 14:22:34,966] [INFO    ] [MainThread    ] Will flush buffer to output file every 64 frames
[2023-12-14 14:22:34,966] [INFO    ] [MainThread    ] Starting ReaderThread
[2023-12-14 14:22:34,966] [INFO    ] [MainThread    ] Starting MotionThread
[2023-12-14 14:22:34,966] [INFO    ] [MainThread    ] Starting WriterThread
[2023-12-14 14:22:35,525] [INFO    ] [WriterThread  ] Written 50 frames so far
[2023-12-14 14:22:35,603] [ERROR   ] [MainThread    ] Received KeyboardInterrupt or some kind of Exception. Setting interrupt event and breaking out of infinite loop...
Traceback (most recent call last):
  File "/Users/mrat0010/Documents/GitHub/EcoMotionZip/EcoMotionZip/app.py", line 842, in main
    time.sleep(0.5)
KeyboardInterrupt
[2023-12-14 14:22:35,603] [WARNING ] [MainThread    ] You may have to wait a minute for all child processes to gracefully exit!
[2023-12-14 14:22:35,603] [INFO    ] [MainThread    ] Joining ReaderThread
[2023-12-14 14:22:35,605] [INFO    ] [ReaderThread  ] Received stop signal
[2023-12-14 14:22:35,605] [INFO    ] [ReaderThread  ] Adding None to end of reading queue
[2023-12-14 14:22:35,609] [INFO    ] [MainThread    ] Joining MotionThread
[2023-12-14 14:22:35,609] [INFO    ] [MainThread    ] Joining WriterThread
[2023-12-15 10:36:23,296] [INFO    ] [MainThread    ] Starting processing at :  2023-12-15 10:36:23.295619
[2023-12-15 10:36:23,297] [INFO    ] [MainThread    ] Running main() with Config:  {'video_source': '/Users/mrat0010/Documents/GitHub/EcoMotionZip/testing/test_videos/Ratnayake2023/cam_4_N_video_20210317_120802.h264.avi', 'output_directory': '/Users/mrat0010/Documents/GitHub/EcoMotionZip/testing', 'record_duration': 60, 'number_of_videos': 1, 'camera_resolution': [1920, 1080], 'camera_fps': 32, 'raspberrypi_camera': False, 'delete_original': False, 'embed_timestamps': True, 'reader_sleep_seconds': 1, 'reader_flush_proportion': 0.9, 'downscale_factor': 16, 'dilate_kernel_size': 128, 'movement_threshold': 40, 'persist_frames': 0, 'full_frame_guarantee': 300, 'video_codec': 'DIVX', 'num_opencv_threads': 10}
[2023-12-15 10:36:23,297] [INFO    ] [MainThread    ] Outputting to Outputting to /Users/mrat0010/Documents/GitHub/EcoMotionZip/testing/EcoMotionZip
[2023-12-15 10:36:23,306] [INFO    ] [MainThread    ] Will sleep 1 seconds if reading queue fills up with 460 frames. This *should not happen* if you're using a live webcam, else the frames are being processed too slowly!
[2023-12-15 10:36:23,306] [INFO    ] [MainThread    ] Dilation kernel downscaled by 16x from 128 to 8
[2023-12-15 10:36:23,306] [INFO    ] [MainThread    ] Will flush buffer to output file every 64 frames
[2023-12-15 10:36:23,306] [INFO    ] [MainThread    ] Starting ReaderThread
[2023-12-15 10:36:23,306] [INFO    ] [MainThread    ] Starting MotionThread
[2023-12-15 10:36:23,306] [INFO    ] [MainThread    ] Starting WriterThread
[2023-12-15 10:36:23,884] [INFO    ] [WriterThread  ] Written 50 frames so far
[2023-12-15 10:36:26,414] [INFO    ] [WriterThread  ] Written 100 frames so far
[2023-12-15 10:36:36,270] [INFO    ] [WriterThread  ] Written 150 frames so far
[2023-12-15 10:36:37,618] [INFO    ] [WriterThread  ] Written 200 frames so far
[2023-12-15 10:36:37,969] [INFO    ] [WriterThread  ] Written 250 frames so far
[2023-12-15 10:36:48,403] [INFO    ] [WriterThread  ] Written 300 frames so far
[2023-12-15 10:36:57,641] [INFO    ] [WriterThread  ] Written 350 frames so far
[2023-12-15 10:37:00,801] [INFO    ] [WriterThread  ] Written 400 frames so far
[2023-12-15 10:37:01,110] [INFO    ] [WriterThread  ] Written 450 frames so far
[2023-12-15 10:37:01,420] [INFO    ] [WriterThread  ] Written 500 frames so far
[2023-12-15 10:37:02,062] [INFO    ] [WriterThread  ] Written 550 frames so far
[2023-12-15 10:37:03,366] [INFO    ] [WriterThread  ] Written 600 frames so far
[2023-12-15 10:37:03,686] [INFO    ] [WriterThread  ] Written 650 frames so far
[2023-12-15 10:37:03,993] [INFO    ] [WriterThread  ] Written 700 frames so far
[2023-12-15 10:37:06,059] [INFO    ] [ReaderThread  ] Adding None to end of reading queue
[2023-12-15 10:37:06,333] [INFO    ] [WriterThread  ] Written 750 frames so far
[2023-12-15 10:37:06,479] [INFO    ] [MainThread    ] All child processes appear to have finished! Exiting infinite loop...
[2023-12-15 10:37:06,479] [INFO    ] [MainThread    ] Joining ReaderThread
[2023-12-15 10:37:06,479] [INFO    ] [MainThread    ] Joining MotionThread
[2023-12-15 10:37:06,479] [INFO    ] [MainThread    ] Joining WriterThread
[2023-12-15 10:37:06,479] [INFO    ] [MainThread    ] Finished processing at :  2023-12-15 10:37:06.479301
[2023-12-15 10:37:06,479] [INFO    ] [MainThread    ] Finished main() in 43.18 seconds.
