[2023-11-30 17:48:49,278] [INFO    ] [MainThread    ] Starting processing at :  2023-11-30 17:48:49.276883
[2023-11-30 17:48:49,278] [INFO    ] [MainThread    ] Running main() with Config:  {'video_source': '/home/pi-cam6/EcoMotionZip/testing/test_videos/Ratnayake2023/cam_2_S_video_20210308_112402.h264.avi', 'output_directory': './testing', 'record_duration': 60, 'number_of_videos': 1, 'camera_resolution': [1920, 1080], 'camera_fps': 32, 'raspberrypi_camera': False, 'delete_original': False, 'reader_sleep_seconds': 1, 'reader_flush_proportion': 0.9, 'downscale_factor': 16, 'dilate_kernel_size': 128, 'movement_threshold': 40, 'persist_frames': 0, 'full_frame_guarantee': 300, 'video_codec': 'XVID', 'num_opencv_threads': 10}
[2023-11-30 17:48:49,278] [INFO    ] [MainThread    ] Outputting to Outputting to testing/EcoMotionZip
[2023-11-30 17:48:49,302] [INFO    ] [MainThread    ] Will sleep 1 seconds if reading queue fills up with 460 frames. This *should not happen* if you're using a live webcam, else the frames are being processed too slowly!
[2023-11-30 17:48:49,303] [INFO    ] [MainThread    ] Dilation kernel downscaled by 16x from 128 to 8
[2023-11-30 17:48:49,303] [INFO    ] [MainThread    ] Will flush buffer to output file every 64 frames
[2023-11-30 17:48:49,303] [INFO    ] [MainThread    ] Starting ReaderThread
[2023-11-30 17:48:49,304] [INFO    ] [MainThread    ] Starting MotionThread
[2023-11-30 17:48:49,305] [INFO    ] [MainThread    ] Starting WriterThread
[2023-11-30 17:50:14,291] [INFO    ] [WriterThread  ] Written 50 frames so far
[2023-11-30 17:50:17,547] [INFO    ] [WriterThread  ] Written 100 frames so far
[2023-11-30 17:50:20,774] [INFO    ] [WriterThread  ] Written 150 frames so far
[2023-11-30 17:50:23,653] [INFO    ] [WriterThread  ] Written 200 frames so far
[2023-11-30 17:50:26,735] [INFO    ] [WriterThread  ] Written 250 frames so far
[2023-11-30 17:50:32,187] [INFO    ] [WriterThread  ] Written 300 frames so far
[2023-11-30 17:50:35,220] [INFO    ] [WriterThread  ] Written 350 frames so far
[2023-11-30 17:50:38,113] [INFO    ] [WriterThread  ] Written 400 frames so far
[2023-11-30 17:53:25,034] [INFO    ] [ReaderThread  ] Adding None to end of reading queue
[2023-11-30 17:53:25,103] [INFO    ] [WriterThread  ] Written 450 frames so far
[2023-11-30 17:53:26,481] [INFO    ] [MainThread    ] All child processes appear to have finished! Exiting infinite loop...
[2023-11-30 17:53:26,481] [INFO    ] [MainThread    ] Joining ReaderThread
[2023-11-30 17:53:26,481] [INFO    ] [MainThread    ] Joining MotionThread
[2023-11-30 17:53:26,481] [INFO    ] [MainThread    ] Joining WriterThread
[2023-11-30 17:53:26,482] [INFO    ] [MainThread    ] Finished processing at :  2023-11-30 17:53:26.482017
[2023-11-30 17:53:26,482] [INFO    ] [MainThread    ] Finished main() in 277.21 seconds.
