[2023-12-13 10:11:44,888] [INFO    ] [MainThread    ] Starting processing at :  2023-12-13 10:11:44.886624
[2023-12-13 10:11:44,889] [INFO    ] [MainThread    ] Running main() with Config:  {'video_source': '/Users/mrat0010/Documents/GitHub/EcoMotionZip/testing/test_videos/Ratnayake2023/cam_2_S_video_20210308_112402.h264.avi', 'output_directory': '/Users/mrat0010/Documents/GitHub/EcoMotionZip/testing', 'record_duration': 60, 'number_of_videos': 1, 'camera_resolution': [1920, 1080], 'camera_fps': 32, 'raspberrypi_camera': False, 'delete_original': False, 'embed_timestamps': True, 'reader_sleep_seconds': 1, 'reader_flush_proportion': 0.9, 'downscale_factor': 16, 'dilate_kernel_size': 128, 'movement_threshold': 40, 'persist_frames': 0, 'full_frame_guarantee': 300, 'video_codec': 'X264', 'num_opencv_threads': 10}
[2023-12-13 10:11:44,889] [INFO    ] [MainThread    ] Outputting to Outputting to /Users/mrat0010/Documents/GitHub/EcoMotionZip/testing/EcoMotionZip
[2023-12-13 10:11:44,898] [INFO    ] [MainThread    ] Will sleep 1 seconds if reading queue fills up with 460 frames. This *should not happen* if you're using a live webcam, else the frames are being processed too slowly!
[2023-12-13 10:11:44,898] [INFO    ] [MainThread    ] Dilation kernel downscaled by 16x from 128 to 8
[2023-12-13 10:11:44,899] [INFO    ] [MainThread    ] Will flush buffer to output file every 64 frames
[2023-12-13 10:11:44,899] [INFO    ] [MainThread    ] Starting ReaderThread
[2023-12-13 10:11:44,899] [INFO    ] [MainThread    ] Starting MotionThread
[2023-12-13 10:11:44,899] [INFO    ] [MainThread    ] Starting WriterThread
[2023-12-13 10:11:57,894] [INFO    ] [WriterThread  ] Written 50 frames so far
[2023-12-13 10:11:58,100] [INFO    ] [WriterThread  ] Written 100 frames so far
[2023-12-13 10:11:58,389] [INFO    ] [WriterThread  ] Written 150 frames so far
[2023-12-13 10:11:58,633] [INFO    ] [WriterThread  ] Written 200 frames so far
[2023-12-13 10:11:58,812] [INFO    ] [WriterThread  ] Written 250 frames so far
[2023-12-13 10:12:00,114] [INFO    ] [WriterThread  ] Written 300 frames so far
[2023-12-13 10:12:00,371] [INFO    ] [WriterThread  ] Written 350 frames so far
[2023-12-13 10:12:00,625] [INFO    ] [WriterThread  ] Written 400 frames so far
[2023-12-13 10:12:25,168] [INFO    ] [ReaderThread  ] Adding None to end of reading queue
[2023-12-13 10:12:25,177] [INFO    ] [WriterThread  ] Written 450 frames so far
[2023-12-13 10:12:25,593] [INFO    ] [MainThread    ] All child processes appear to have finished! Exiting infinite loop...
[2023-12-13 10:12:25,593] [INFO    ] [MainThread    ] Joining ReaderThread
[2023-12-13 10:12:25,593] [INFO    ] [MainThread    ] Joining MotionThread
[2023-12-13 10:12:25,593] [INFO    ] [MainThread    ] Joining WriterThread
[2023-12-13 10:12:25,593] [INFO    ] [MainThread    ] Finished processing at :  2023-12-13 10:12:25.593933
[2023-12-13 10:12:25,593] [INFO    ] [MainThread    ] Finished main() in 40.71 seconds.
[2023-12-15 10:37:06,480] [INFO    ] [MainThread    ] Starting processing at :  2023-12-15 10:37:06.479397
[2023-12-15 10:37:06,481] [INFO    ] [MainThread    ] Running main() with Config:  {'video_source': '/Users/mrat0010/Documents/GitHub/EcoMotionZip/testing/test_videos/Ratnayake2023/cam_2_S_video_20210308_112402.h264.avi', 'output_directory': '/Users/mrat0010/Documents/GitHub/EcoMotionZip/testing', 'record_duration': 60, 'number_of_videos': 1, 'camera_resolution': [1920, 1080], 'camera_fps': 32, 'raspberrypi_camera': False, 'delete_original': False, 'embed_timestamps': True, 'reader_sleep_seconds': 1, 'reader_flush_proportion': 0.9, 'downscale_factor': 16, 'dilate_kernel_size': 128, 'movement_threshold': 40, 'persist_frames': 0, 'full_frame_guarantee': 300, 'video_codec': 'DIVX', 'num_opencv_threads': 10}
[2023-12-15 10:37:06,481] [INFO    ] [MainThread    ] Outputting to Outputting to /Users/mrat0010/Documents/GitHub/EcoMotionZip/testing/EcoMotionZip
[2023-12-15 10:37:06,484] [INFO    ] [MainThread    ] Will sleep 1 seconds if reading queue fills up with 460 frames. This *should not happen* if you're using a live webcam, else the frames are being processed too slowly!
[2023-12-15 10:37:06,484] [INFO    ] [MainThread    ] Dilation kernel downscaled by 16x from 128 to 8
[2023-12-15 10:37:06,484] [INFO    ] [MainThread    ] Will flush buffer to output file every 64 frames
[2023-12-15 10:37:06,484] [INFO    ] [MainThread    ] Starting ReaderThread
[2023-12-15 10:37:06,484] [INFO    ] [MainThread    ] Starting MotionThread
[2023-12-15 10:37:06,484] [INFO    ] [MainThread    ] Starting WriterThread
[2023-12-15 10:37:19,840] [INFO    ] [WriterThread  ] Written 50 frames so far
[2023-12-15 10:37:20,138] [INFO    ] [WriterThread  ] Written 100 frames so far
[2023-12-15 10:37:20,448] [INFO    ] [WriterThread  ] Written 150 frames so far
[2023-12-15 10:37:20,731] [INFO    ] [WriterThread  ] Written 200 frames so far
[2023-12-15 10:37:21,066] [INFO    ] [WriterThread  ] Written 250 frames so far
[2023-12-15 10:37:22,204] [INFO    ] [WriterThread  ] Written 300 frames so far
[2023-12-15 10:37:22,494] [INFO    ] [WriterThread  ] Written 350 frames so far
[2023-12-15 10:37:22,797] [INFO    ] [WriterThread  ] Written 400 frames so far
[2023-12-15 10:37:49,771] [INFO    ] [ReaderThread  ] Adding None to end of reading queue
[2023-12-15 10:37:49,789] [INFO    ] [WriterThread  ] Written 450 frames so far
[2023-12-15 10:37:50,203] [INFO    ] [MainThread    ] All child processes appear to have finished! Exiting infinite loop...
[2023-12-15 10:37:50,203] [INFO    ] [MainThread    ] Joining ReaderThread
[2023-12-15 10:37:50,203] [INFO    ] [MainThread    ] Joining MotionThread
[2023-12-15 10:37:50,203] [INFO    ] [MainThread    ] Joining WriterThread
[2023-12-15 10:37:50,203] [INFO    ] [MainThread    ] Finished processing at :  2023-12-15 10:37:50.203823
[2023-12-15 10:37:50,203] [INFO    ] [MainThread    ] Finished main() in 43.72 seconds.
