[2023-12-13 10:50:59,472] [INFO    ] [MainThread    ] Starting processing at :  2023-12-13 10:50:59.472059
[2023-12-13 10:50:59,472] [INFO    ] [MainThread    ] Running main() with Config:  {'video_source': '/Users/mrat0010/Documents/GitHub/EcoMotionZip/testing/test_videos/PICT/mee313618-sup-0003-videos2.mp4', 'output_directory': '/Users/mrat0010/Documents/GitHub/EcoMotionZip/testing', 'record_duration': 60, 'number_of_videos': 1, 'camera_resolution': [1920, 1080], 'camera_fps': 32, 'raspberrypi_camera': False, 'delete_original': False, 'embed_timestamps': False, 'reader_sleep_seconds': 1, 'reader_flush_proportion': 0.9, 'downscale_factor': 16, 'dilate_kernel_size': 128, 'movement_threshold': 40, 'persist_frames': 0, 'full_frame_guarantee': 300, 'video_codec': 'X264', 'num_opencv_threads': 10}
[2023-12-13 10:50:59,472] [INFO    ] [MainThread    ] Outputting to Outputting to /Users/mrat0010/Documents/GitHub/EcoMotionZip/testing/EcoMotionZip
[2023-12-13 10:50:59,478] [INFO    ] [MainThread    ] Will sleep 1 seconds if reading queue fills up with 460 frames. This *should not happen* if you're using a live webcam, else the frames are being processed too slowly!
[2023-12-13 10:50:59,478] [INFO    ] [MainThread    ] Dilation kernel downscaled by 16x from 128 to 8
[2023-12-13 10:50:59,478] [INFO    ] [MainThread    ] Will flush buffer to output file every 64 frames
[2023-12-13 10:50:59,478] [INFO    ] [MainThread    ] Starting ReaderThread
[2023-12-13 10:50:59,479] [INFO    ] [MainThread    ] Starting MotionThread
[2023-12-13 10:50:59,484] [INFO    ] [MainThread    ] Starting WriterThread
[2023-12-13 10:50:59,918] [INFO    ] [WriterThread  ] Written 50 frames so far
[2023-12-13 10:51:00,120] [INFO    ] [WriterThread  ] Written 100 frames so far
[2023-12-13 10:51:00,347] [INFO    ] [WriterThread  ] Written 150 frames so far
[2023-12-13 10:51:00,563] [INFO    ] [WriterThread  ] Written 200 frames so far
[2023-12-13 10:51:00,786] [INFO    ] [WriterThread  ] Written 250 frames so far
[2023-12-13 10:51:00,970] [INFO    ] [WriterThread  ] Written 300 frames so far
[2023-12-13 10:51:01,148] [INFO    ] [WriterThread  ] Written 350 frames so far
[2023-12-13 10:51:01,349] [INFO    ] [WriterThread  ] Written 400 frames so far
[2023-12-13 10:51:01,545] [INFO    ] [WriterThread  ] Written 450 frames so far
[2023-12-13 10:51:01,748] [INFO    ] [WriterThread  ] Written 500 frames so far
[2023-12-13 10:51:01,939] [INFO    ] [WriterThread  ] Written 550 frames so far
[2023-12-13 10:51:02,097] [INFO    ] [WriterThread  ] Written 600 frames so far
[2023-12-13 10:51:02,253] [INFO    ] [WriterThread  ] Written 650 frames so far
[2023-12-13 10:51:02,555] [INFO    ] [WriterThread  ] Written 700 frames so far
[2023-12-13 10:51:02,961] [INFO    ] [WriterThread  ] Written 750 frames so far
[2023-12-13 10:51:03,255] [INFO    ] [WriterThread  ] Written 800 frames so far
[2023-12-13 10:51:03,401] [INFO    ] [WriterThread  ] Written 850 frames so far
[2023-12-13 10:51:03,576] [INFO    ] [WriterThread  ] Written 900 frames so far
[2023-12-13 10:51:03,706] [INFO    ] [WriterThread  ] Written 950 frames so far
[2023-12-13 10:51:03,811] [INFO    ] [WriterThread  ] Written 1000 frames so far
[2023-12-13 10:51:03,946] [INFO    ] [WriterThread  ] Written 1050 frames so far
[2023-12-13 10:51:04,082] [INFO    ] [ReaderThread  ] Adding None to end of reading queue
[2023-12-13 10:51:04,114] [INFO    ] [WriterThread  ] Written 1100 frames so far
[2023-12-13 10:51:04,238] [INFO    ] [WriterThread  ] Written 1150 frames so far
[2023-12-13 10:51:04,532] [INFO    ] [MainThread    ] All child processes appear to have finished! Exiting infinite loop...
[2023-12-13 10:51:04,532] [INFO    ] [MainThread    ] Joining ReaderThread
[2023-12-13 10:51:04,532] [INFO    ] [MainThread    ] Joining MotionThread
[2023-12-13 10:51:04,532] [INFO    ] [MainThread    ] Joining WriterThread
[2023-12-13 10:51:04,532] [INFO    ] [MainThread    ] Finished processing at :  2023-12-13 10:51:04.532762
[2023-12-13 10:51:04,532] [INFO    ] [MainThread    ] Finished main() in 5.06 seconds.
