[2023-11-30 17:53:26,511] [INFO    ] [MainThread    ] Starting processing at :  2023-11-30 17:53:26.509917
[2023-11-30 17:53:26,511] [INFO    ] [MainThread    ] Running main() with Config:  {'video_source': '/home/pi-cam6/EcoMotionZip/testing/test_videos/Ratnayake2023/cam_1_N_video_20210315_132804.h264.avi', 'output_directory': './testing', 'record_duration': 60, 'number_of_videos': 1, 'camera_resolution': [1920, 1080], 'camera_fps': 32, 'raspberrypi_camera': False, 'delete_original': False, 'reader_sleep_seconds': 1, 'reader_flush_proportion': 0.9, 'downscale_factor': 16, 'dilate_kernel_size': 128, 'movement_threshold': 40, 'persist_frames': 0, 'full_frame_guarantee': 300, 'video_codec': 'XVID', 'num_opencv_threads': 10}
[2023-11-30 17:53:26,511] [INFO    ] [MainThread    ] Outputting to Outputting to testing/EcoMotionZip
[2023-11-30 17:53:26,536] [INFO    ] [MainThread    ] Will sleep 1 seconds if reading queue fills up with 460 frames. This *should not happen* if you're using a live webcam, else the frames are being processed too slowly!
[2023-11-30 17:53:26,536] [INFO    ] [MainThread    ] Dilation kernel downscaled by 16x from 128 to 8
[2023-11-30 17:53:26,537] [INFO    ] [MainThread    ] Will flush buffer to output file every 64 frames
[2023-11-30 17:53:26,537] [INFO    ] [MainThread    ] Starting ReaderThread
[2023-11-30 17:53:26,537] [INFO    ] [MainThread    ] Starting MotionThread
[2023-11-30 17:53:26,539] [INFO    ] [MainThread    ] Starting WriterThread
[2023-11-30 17:54:27,332] [INFO    ] [WriterThread  ] Written 50 frames so far
[2023-11-30 17:54:40,359] [INFO    ] [WriterThread  ] Written 100 frames so far
[2023-11-30 17:54:44,606] [INFO    ] [WriterThread  ] Written 150 frames so far
[2023-11-30 17:54:49,641] [INFO    ] [WriterThread  ] Written 200 frames so far
[2023-11-30 17:54:52,820] [INFO    ] [WriterThread  ] Written 250 frames so far
[2023-11-30 17:54:58,730] [INFO    ] [WriterThread  ] Written 300 frames so far
[2023-11-30 17:55:01,708] [INFO    ] [WriterThread  ] Written 350 frames so far
[2023-11-30 17:55:04,659] [INFO    ] [WriterThread  ] Written 400 frames so far
[2023-11-30 17:56:00,971] [INFO    ] [WriterThread  ] Written 450 frames so far
[2023-11-30 17:56:04,482] [INFO    ] [WriterThread  ] Written 500 frames so far
[2023-11-30 17:56:15,113] [INFO    ] [WriterThread  ] Written 550 frames so far
[2023-11-30 17:56:18,407] [INFO    ] [WriterThread  ] Written 600 frames so far
[2023-11-30 17:57:18,470] [INFO    ] [WriterThread  ] Written 650 frames so far
[2023-11-30 17:57:22,219] [INFO    ] [WriterThread  ] Written 700 frames so far
[2023-11-30 17:57:45,218] [INFO    ] [WriterThread  ] Written 750 frames so far
[2023-11-30 17:58:09,224] [INFO    ] [ReaderThread  ] Adding None to end of reading queue
[2023-11-30 17:58:10,494] [INFO    ] [WriterThread  ] Written 800 frames so far
[2023-11-30 17:58:10,854] [INFO    ] [MainThread    ] All child processes appear to have finished! Exiting infinite loop...
[2023-11-30 17:58:10,854] [INFO    ] [MainThread    ] Joining ReaderThread
[2023-11-30 17:58:10,854] [INFO    ] [MainThread    ] Joining MotionThread
[2023-11-30 17:58:10,854] [INFO    ] [MainThread    ] Joining WriterThread
[2023-11-30 17:58:10,855] [INFO    ] [MainThread    ] Finished processing at :  2023-11-30 17:58:10.855159
[2023-11-30 17:58:10,855] [INFO    ] [MainThread    ] Finished main() in 284.35 seconds.
