[2023-12-01 09:46:29,470] [INFO    ] [MainThread    ] Starting processing at :  2023-12-01 09:46:29.469843
[2023-12-01 09:46:29,470] [INFO    ] [MainThread    ] Running main() with Config:  {'video_source': '/home/pi-cam7/EcoMotionZip/testing/test_videos/Ratnayake2023/cam_1_S_video_20210317_123004.h264.avi', 'output_directory': './testing', 'record_duration': 60, 'number_of_videos': 1, 'camera_resolution': [1920, 1080], 'camera_fps': 32, 'raspberrypi_camera': False, 'delete_original': False, 'reader_sleep_seconds': 1, 'reader_flush_proportion': 0.9, 'downscale_factor': 16, 'dilate_kernel_size': 128, 'movement_threshold': 40, 'persist_frames': 0, 'full_frame_guarantee': 300, 'video_codec': 'XVID', 'num_opencv_threads': 10}
[2023-12-01 09:46:29,470] [INFO    ] [MainThread    ] Outputting to Outputting to testing/EcoMotionZip
[2023-12-01 09:46:29,482] [INFO    ] [MainThread    ] Will sleep 1 seconds if reading queue fills up with 460 frames. This *should not happen* if you're using a live webcam, else the frames are being processed too slowly!
[2023-12-01 09:46:29,483] [INFO    ] [MainThread    ] Dilation kernel downscaled by 16x from 128 to 8
[2023-12-01 09:46:29,483] [INFO    ] [MainThread    ] Will flush buffer to output file every 64 frames
[2023-12-01 09:46:29,483] [INFO    ] [MainThread    ] Starting ReaderThread
[2023-12-01 09:46:29,483] [INFO    ] [MainThread    ] Starting MotionThread
[2023-12-01 09:46:29,483] [INFO    ] [MainThread    ] Starting WriterThread
[2023-12-01 09:46:55,332] [INFO    ] [WriterThread  ] Written 50 frames so far
[2023-12-01 09:47:47,590] [INFO    ] [WriterThread  ] Written 100 frames so far
[2023-12-01 09:47:55,418] [INFO    ] [WriterThread  ] Written 150 frames so far
[2023-12-01 09:48:08,296] [INFO    ] [WriterThread  ] Written 200 frames so far
[2023-12-01 09:48:10,197] [INFO    ] [WriterThread  ] Written 250 frames so far
[2023-12-01 09:48:59,558] [INFO    ] [WriterThread  ] Written 300 frames so far
[2023-12-01 09:49:19,696] [INFO    ] [WriterThread  ] Written 350 frames so far
[2023-12-01 09:49:23,355] [INFO    ] [WriterThread  ] Written 400 frames so far
[2023-12-01 09:49:24,715] [INFO    ] [ReaderThread  ] Adding None to end of reading queue
[2023-12-01 09:49:24,989] [INFO    ] [WriterThread  ] Written 450 frames so far
[2023-12-01 09:49:26,073] [INFO    ] [MainThread    ] All child processes appear to have finished! Exiting infinite loop...
[2023-12-01 09:49:26,073] [INFO    ] [MainThread    ] Joining ReaderThread
[2023-12-01 09:49:26,073] [INFO    ] [MainThread    ] Joining MotionThread
[2023-12-01 09:49:26,073] [INFO    ] [MainThread    ] Joining WriterThread
[2023-12-01 09:49:26,073] [INFO    ] [MainThread    ] Finished processing at :  2023-12-01 09:49:26.073635
[2023-12-01 09:49:26,073] [INFO    ] [MainThread    ] Finished main() in 176.60 seconds.
