[2024-06-20 12:11:53,417] [INFO    ] [MainThread    ] Starting processing at :  2024-06-20 12:02:29.900851
[2024-06-20 12:11:53,417] [INFO    ] [MainThread    ] Running main() with Config:  {'video_source': '/Users/mrat0010/Documents/GitHub/EcoMotionZip/testing/JamesCook/Raw/00025_deinterlaced.avi', 'output_directory': '/Users/mrat0010/Documents/GitHub/EcoMotionZip/testing/nest_monitoring/transparent', 'record_duration': 60, 'number_of_videos': 1, 'camera_resolution': [1920, 1080], 'camera_fps': 32, 'raspberrypi_camera': False, 'delete_original': False, 'embed_timestamps': True, 'reader_sleep_seconds': 1, 'reader_flush_proportion': 0.9, 'downscale_factor': 16, 'dilate_kernel_size': 128, 'movement_threshold': 40, 'persist_frames': 0, 'full_frame_guarantee': 300, 'video_codec': 'X264', 'num_opencv_threads': 10}
[2024-06-20 12:11:53,417] [INFO    ] [MainThread    ] Outputting to Outputting to /Users/mrat0010/Documents/GitHub/EcoMotionZip/testing/nest_monitoring/transparent/EcoMotionZip
[2024-06-20 12:11:53,460] [INFO    ] [MainThread    ] Will sleep 1 seconds if reading queue fills up with 460 frames. This *should not happen* if you're using a live webcam, else the frames are being processed too slowly!
[2024-06-20 12:11:53,460] [INFO    ] [MainThread    ] Dilation kernel downscaled by 16x from 128 to 8
[2024-06-20 12:11:53,460] [INFO    ] [MainThread    ] Will flush buffer to output file every 64 frames
[2024-06-20 12:11:53,460] [INFO    ] [MainThread    ] Starting ReaderThread
[2024-06-20 12:11:53,460] [INFO    ] [MainThread    ] Starting MotionThread
[2024-06-20 12:11:53,460] [INFO    ] [MainThread    ] Starting WriterThread
[2024-06-20 12:11:54,422] [INFO    ] [WriterThread  ] Written 50 frames so far
[2024-06-20 12:11:55,319] [INFO    ] [WriterThread  ] Written 100 frames so far
[2024-06-20 12:11:56,241] [INFO    ] [WriterThread  ] Written 150 frames so far
[2024-06-20 12:11:57,015] [INFO    ] [WriterThread  ] Written 200 frames so far
[2024-06-20 12:11:57,830] [INFO    ] [WriterThread  ] Written 250 frames so far
[2024-06-20 12:11:58,609] [INFO    ] [WriterThread  ] Written 300 frames so far
[2024-06-20 12:11:59,405] [INFO    ] [WriterThread  ] Written 350 frames so far
[2024-06-20 12:12:00,134] [INFO    ] [WriterThread  ] Written 400 frames so far
[2024-06-20 12:12:00,740] [INFO    ] [WriterThread  ] Written 450 frames so far
[2024-06-20 12:12:01,366] [INFO    ] [WriterThread  ] Written 500 frames so far
[2024-06-20 12:12:01,911] [INFO    ] [WriterThread  ] Written 550 frames so far
[2024-06-20 12:12:02,486] [INFO    ] [WriterThread  ] Written 600 frames so far
[2024-06-20 12:12:03,029] [INFO    ] [WriterThread  ] Written 650 frames so far
[2024-06-20 12:12:03,615] [INFO    ] [WriterThread  ] Written 700 frames so far
[2024-06-20 12:12:04,243] [INFO    ] [WriterThread  ] Written 750 frames so far
[2024-06-20 12:12:04,895] [INFO    ] [WriterThread  ] Written 800 frames so far
[2024-06-20 12:12:05,484] [INFO    ] [WriterThread  ] Written 850 frames so far
[2024-06-20 12:12:06,056] [INFO    ] [WriterThread  ] Written 900 frames so far
[2024-06-20 12:12:06,511] [INFO    ] [WriterThread  ] Written 950 frames so far
[2024-06-20 12:12:07,036] [INFO    ] [WriterThread  ] Written 1000 frames so far
[2024-06-20 12:12:07,541] [INFO    ] [WriterThread  ] Written 1050 frames so far
[2024-06-20 12:12:08,030] [INFO    ] [WriterThread  ] Written 1100 frames so far
[2024-06-20 12:12:08,527] [INFO    ] [WriterThread  ] Written 1150 frames so far
[2024-06-20 12:12:09,030] [INFO    ] [WriterThread  ] Written 1200 frames so far
[2024-06-20 12:12:09,562] [INFO    ] [WriterThread  ] Written 1250 frames so far
[2024-06-20 12:12:10,142] [INFO    ] [WriterThread  ] Written 1300 frames so far
[2024-06-20 12:12:10,773] [INFO    ] [WriterThread  ] Written 1350 frames so far
[2024-06-20 12:12:11,391] [INFO    ] [WriterThread  ] Written 1400 frames so far
[2024-06-20 12:12:11,948] [INFO    ] [WriterThread  ] Written 1450 frames so far
[2024-06-20 12:12:12,542] [INFO    ] [WriterThread  ] Written 1500 frames so far
[2024-06-20 12:12:13,175] [INFO    ] [WriterThread  ] Written 1550 frames so far
[2024-06-20 12:12:13,753] [INFO    ] [WriterThread  ] Written 1600 frames so far
[2024-06-20 12:12:14,380] [INFO    ] [WriterThread  ] Written 1650 frames so far
[2024-06-20 12:12:15,002] [INFO    ] [WriterThread  ] Written 1700 frames so far
[2024-06-20 12:12:15,582] [INFO    ] [WriterThread  ] Written 1750 frames so far
[2024-06-20 12:12:16,378] [INFO    ] [WriterThread  ] Written 1800 frames so far
[2024-06-20 12:12:17,024] [INFO    ] [WriterThread  ] Written 1850 frames so far
[2024-06-20 12:12:17,549] [INFO    ] [WriterThread  ] Written 1900 frames so far
[2024-06-20 12:12:18,057] [INFO    ] [WriterThread  ] Written 1950 frames so far
[2024-06-20 12:12:18,591] [INFO    ] [WriterThread  ] Written 2000 frames so far
[2024-06-20 12:12:19,174] [INFO    ] [WriterThread  ] Written 2050 frames so far
[2024-06-20 12:12:19,720] [INFO    ] [WriterThread  ] Written 2100 frames so far
[2024-06-20 12:12:20,217] [INFO    ] [WriterThread  ] Written 2150 frames so far
[2024-06-20 12:12:20,728] [INFO    ] [WriterThread  ] Written 2200 frames so far
[2024-06-20 12:12:21,234] [INFO    ] [WriterThread  ] Written 2250 frames so far
[2024-06-20 12:12:21,704] [INFO    ] [WriterThread  ] Written 2300 frames so far
[2024-06-20 12:12:22,178] [INFO    ] [WriterThread  ] Written 2350 frames so far
[2024-06-20 12:12:22,674] [INFO    ] [WriterThread  ] Written 2400 frames so far
[2024-06-20 12:12:23,170] [INFO    ] [WriterThread  ] Written 2450 frames so far
[2024-06-20 12:12:23,662] [INFO    ] [WriterThread  ] Written 2500 frames so far
[2024-06-20 12:12:24,217] [INFO    ] [WriterThread  ] Written 2550 frames so far
[2024-06-20 12:12:24,684] [INFO    ] [WriterThread  ] Written 2600 frames so far
[2024-06-20 12:12:25,192] [INFO    ] [WriterThread  ] Written 2650 frames so far
[2024-06-20 12:12:25,721] [INFO    ] [WriterThread  ] Written 2700 frames so far
[2024-06-20 12:12:26,282] [INFO    ] [WriterThread  ] Written 2750 frames so far
[2024-06-20 12:12:26,876] [INFO    ] [WriterThread  ] Written 2800 frames so far
[2024-06-20 12:12:27,394] [INFO    ] [WriterThread  ] Written 2850 frames so far
[2024-06-20 12:12:27,963] [INFO    ] [WriterThread  ] Written 2900 frames so far
[2024-06-20 12:12:28,613] [INFO    ] [WriterThread  ] Written 2950 frames so far
[2024-06-20 12:12:29,350] [INFO    ] [WriterThread  ] Written 3000 frames so far
[2024-06-20 12:12:29,895] [INFO    ] [WriterThread  ] Written 3050 frames so far
[2024-06-20 12:12:30,403] [INFO    ] [WriterThread  ] Written 3100 frames so far
[2024-06-20 12:12:30,946] [INFO    ] [WriterThread  ] Written 3150 frames so far
[2024-06-20 12:12:31,495] [INFO    ] [WriterThread  ] Written 3200 frames so far
[2024-06-20 12:12:32,047] [INFO    ] [WriterThread  ] Written 3250 frames so far
[2024-06-20 12:12:32,656] [INFO    ] [WriterThread  ] Written 3300 frames so far
[2024-06-20 12:12:33,204] [INFO    ] [WriterThread  ] Written 3350 frames so far
[2024-06-20 12:12:33,792] [INFO    ] [WriterThread  ] Written 3400 frames so far
[2024-06-20 12:12:34,394] [INFO    ] [WriterThread  ] Written 3450 frames so far
[2024-06-20 12:12:35,006] [INFO    ] [WriterThread  ] Written 3500 frames so far
[2024-06-20 12:12:35,641] [INFO    ] [WriterThread  ] Written 3550 frames so far
[2024-06-20 12:12:36,317] [INFO    ] [WriterThread  ] Written 3600 frames so far
[2024-06-20 12:12:36,881] [INFO    ] [WriterThread  ] Written 3650 frames so far
[2024-06-20 12:12:37,487] [INFO    ] [WriterThread  ] Written 3700 frames so far
[2024-06-20 12:12:38,047] [INFO    ] [WriterThread  ] Written 3750 frames so far
[2024-06-20 12:12:38,614] [INFO    ] [WriterThread  ] Written 3800 frames so far
[2024-06-20 12:12:39,194] [INFO    ] [WriterThread  ] Written 3850 frames so far
[2024-06-20 12:12:39,806] [INFO    ] [WriterThread  ] Written 3900 frames so far
[2024-06-20 12:12:40,353] [INFO    ] [WriterThread  ] Written 3950 frames so far
[2024-06-20 12:12:40,927] [INFO    ] [WriterThread  ] Written 4000 frames so far
[2024-06-20 12:12:41,450] [INFO    ] [WriterThread  ] Written 4050 frames so far
[2024-06-20 12:12:42,011] [INFO    ] [WriterThread  ] Written 4100 frames so far
[2024-06-20 12:12:42,581] [INFO    ] [WriterThread  ] Written 4150 frames so far
[2024-06-20 12:12:43,143] [INFO    ] [WriterThread  ] Written 4200 frames so far
[2024-06-20 12:12:43,691] [INFO    ] [WriterThread  ] Written 4250 frames so far
[2024-06-20 12:12:44,441] [INFO    ] [WriterThread  ] Written 4300 frames so far
[2024-06-20 12:12:45,072] [INFO    ] [WriterThread  ] Written 4350 frames so far
[2024-06-20 12:12:45,645] [INFO    ] [WriterThread  ] Written 4400 frames so far
[2024-06-20 12:12:46,285] [INFO    ] [WriterThread  ] Written 4450 frames so far
[2024-06-20 12:12:46,885] [INFO    ] [WriterThread  ] Written 4500 frames so far
[2024-06-20 12:12:47,515] [INFO    ] [WriterThread  ] Written 4550 frames so far
[2024-06-20 12:12:48,124] [INFO    ] [WriterThread  ] Written 4600 frames so far
[2024-06-20 12:12:48,699] [INFO    ] [WriterThread  ] Written 4650 frames so far
[2024-06-20 12:12:49,315] [INFO    ] [WriterThread  ] Written 4700 frames so far
[2024-06-20 12:12:49,918] [INFO    ] [WriterThread  ] Written 4750 frames so far
[2024-06-20 12:12:50,515] [INFO    ] [WriterThread  ] Written 4800 frames so far
[2024-06-20 12:12:51,015] [INFO    ] [WriterThread  ] Written 4850 frames so far
[2024-06-20 12:12:51,545] [INFO    ] [WriterThread  ] Written 4900 frames so far
[2024-06-20 12:12:52,059] [INFO    ] [WriterThread  ] Written 4950 frames so far
[2024-06-20 12:12:52,584] [INFO    ] [WriterThread  ] Written 5000 frames so far
[2024-06-20 12:12:53,184] [INFO    ] [WriterThread  ] Written 5050 frames so far
[2024-06-20 12:12:53,726] [INFO    ] [WriterThread  ] Written 5100 frames so far
[2024-06-20 12:12:54,270] [INFO    ] [WriterThread  ] Written 5150 frames so far
[2024-06-20 12:12:54,783] [INFO    ] [WriterThread  ] Written 5200 frames so far
[2024-06-20 12:12:55,294] [INFO    ] [WriterThread  ] Written 5250 frames so far
[2024-06-20 12:12:55,897] [INFO    ] [WriterThread  ] Written 5300 frames so far
[2024-06-20 12:12:56,418] [INFO    ] [WriterThread  ] Written 5350 frames so far
[2024-06-20 12:12:56,926] [INFO    ] [WriterThread  ] Written 5400 frames so far
[2024-06-20 12:12:57,439] [INFO    ] [WriterThread  ] Written 5450 frames so far
[2024-06-20 12:12:58,004] [INFO    ] [WriterThread  ] Written 5500 frames so far
[2024-06-20 12:12:58,651] [INFO    ] [WriterThread  ] Written 5550 frames so far
[2024-06-20 12:12:59,198] [INFO    ] [WriterThread  ] Written 5600 frames so far
[2024-06-20 12:12:59,779] [INFO    ] [WriterThread  ] Written 5650 frames so far
[2024-06-20 12:13:00,375] [INFO    ] [WriterThread  ] Written 5700 frames so far
[2024-06-20 12:13:00,987] [INFO    ] [WriterThread  ] Written 5750 frames so far
[2024-06-20 12:13:01,592] [INFO    ] [WriterThread  ] Written 5800 frames so far
[2024-06-20 12:13:02,171] [INFO    ] [WriterThread  ] Written 5850 frames so far
[2024-06-20 12:13:02,786] [INFO    ] [WriterThread  ] Written 5900 frames so far
[2024-06-20 12:13:03,311] [INFO    ] [WriterThread  ] Written 5950 frames so far
[2024-06-20 12:13:03,916] [INFO    ] [WriterThread  ] Written 6000 frames so far
[2024-06-20 12:13:04,441] [INFO    ] [WriterThread  ] Written 6050 frames so far
[2024-06-20 12:13:05,103] [INFO    ] [WriterThread  ] Written 6100 frames so far
[2024-06-20 12:13:05,685] [INFO    ] [WriterThread  ] Written 6150 frames so far
[2024-06-20 12:13:06,306] [INFO    ] [WriterThread  ] Written 6200 frames so far
[2024-06-20 12:13:06,906] [INFO    ] [WriterThread  ] Written 6250 frames so far
[2024-06-20 12:13:07,556] [INFO    ] [WriterThread  ] Written 6300 frames so far
[2024-06-20 12:13:08,238] [INFO    ] [WriterThread  ] Written 6350 frames so far
[2024-06-20 12:13:08,961] [INFO    ] [WriterThread  ] Written 6400 frames so far
[2024-06-20 12:13:09,571] [INFO    ] [WriterThread  ] Written 6450 frames so far
[2024-06-20 12:13:10,135] [INFO    ] [WriterThread  ] Written 6500 frames so far
[2024-06-20 12:13:10,777] [INFO    ] [WriterThread  ] Written 6550 frames so far
[2024-06-20 12:13:11,547] [INFO    ] [WriterThread  ] Written 6600 frames so far
[2024-06-20 12:13:12,122] [INFO    ] [WriterThread  ] Written 6650 frames so far
[2024-06-20 12:13:12,770] [INFO    ] [WriterThread  ] Written 6700 frames so far
[2024-06-20 12:13:13,343] [INFO    ] [WriterThread  ] Written 6750 frames so far
[2024-06-20 12:13:13,952] [INFO    ] [WriterThread  ] Written 6800 frames so far
[2024-06-20 12:13:14,536] [INFO    ] [WriterThread  ] Written 6850 frames so far
[2024-06-20 12:13:15,162] [INFO    ] [WriterThread  ] Written 6900 frames so far
[2024-06-20 12:13:15,790] [INFO    ] [WriterThread  ] Written 6950 frames so far
[2024-06-20 12:13:16,493] [INFO    ] [WriterThread  ] Written 7000 frames so far
[2024-06-20 12:13:17,196] [INFO    ] [WriterThread  ] Written 7050 frames so far
[2024-06-20 12:13:17,824] [INFO    ] [WriterThread  ] Written 7100 frames so far
[2024-06-20 12:13:18,483] [INFO    ] [WriterThread  ] Written 7150 frames so far
[2024-06-20 12:13:19,079] [INFO    ] [WriterThread  ] Written 7200 frames so far
[2024-06-20 12:13:19,766] [INFO    ] [WriterThread  ] Written 7250 frames so far
[2024-06-20 12:13:20,459] [INFO    ] [WriterThread  ] Written 7300 frames so far
[2024-06-20 12:13:21,044] [INFO    ] [WriterThread  ] Written 7350 frames so far
[2024-06-20 12:13:21,625] [INFO    ] [WriterThread  ] Written 7400 frames so far
[2024-06-20 12:13:22,131] [INFO    ] [WriterThread  ] Written 7450 frames so far
[2024-06-20 12:13:22,659] [INFO    ] [WriterThread  ] Written 7500 frames so far
[2024-06-20 12:13:23,275] [INFO    ] [WriterThread  ] Written 7550 frames so far
[2024-06-20 12:13:23,845] [INFO    ] [WriterThread  ] Written 7600 frames so far
[2024-06-20 12:13:24,346] [INFO    ] [WriterThread  ] Written 7650 frames so far
[2024-06-20 12:13:24,916] [INFO    ] [WriterThread  ] Written 7700 frames so far
[2024-06-20 12:13:25,500] [INFO    ] [WriterThread  ] Written 7750 frames so far
[2024-06-20 12:13:26,062] [INFO    ] [WriterThread  ] Written 7800 frames so far
[2024-06-20 12:13:26,581] [INFO    ] [WriterThread  ] Written 7850 frames so far
[2024-06-20 12:13:27,099] [INFO    ] [WriterThread  ] Written 7900 frames so far
[2024-06-20 12:13:27,615] [INFO    ] [WriterThread  ] Written 7950 frames so far
[2024-06-20 12:13:28,185] [INFO    ] [WriterThread  ] Written 8000 frames so far
[2024-06-20 12:13:28,791] [INFO    ] [WriterThread  ] Written 8050 frames so far
[2024-06-20 12:13:29,461] [INFO    ] [WriterThread  ] Written 8100 frames so far
[2024-06-20 12:13:30,036] [INFO    ] [WriterThread  ] Written 8150 frames so far
[2024-06-20 12:13:30,653] [INFO    ] [WriterThread  ] Written 8200 frames so far
[2024-06-20 12:13:31,209] [INFO    ] [WriterThread  ] Written 8250 frames so far
[2024-06-20 12:13:31,853] [INFO    ] [WriterThread  ] Written 8300 frames so far
[2024-06-20 12:13:32,536] [INFO    ] [WriterThread  ] Written 8350 frames so far
[2024-06-20 12:13:33,122] [INFO    ] [WriterThread  ] Written 8400 frames so far
[2024-06-20 12:13:33,712] [INFO    ] [WriterThread  ] Written 8450 frames so far
[2024-06-20 12:13:34,645] [INFO    ] [WriterThread  ] Written 8500 frames so far
[2024-06-20 12:13:35,361] [INFO    ] [WriterThread  ] Written 8550 frames so far
[2024-06-20 12:13:36,121] [INFO    ] [WriterThread  ] Written 8600 frames so far
[2024-06-20 12:13:36,886] [INFO    ] [WriterThread  ] Written 8650 frames so far
[2024-06-20 12:13:37,459] [INFO    ] [WriterThread  ] Written 8700 frames so far
[2024-06-20 12:13:38,009] [INFO    ] [WriterThread  ] Written 8750 frames so far
[2024-06-20 12:13:38,592] [INFO    ] [WriterThread  ] Written 8800 frames so far
[2024-06-20 12:13:39,258] [INFO    ] [WriterThread  ] Written 8850 frames so far
[2024-06-20 12:13:39,957] [INFO    ] [WriterThread  ] Written 8900 frames so far
[2024-06-20 12:13:40,631] [INFO    ] [WriterThread  ] Written 8950 frames so far
[2024-06-20 12:13:41,375] [INFO    ] [WriterThread  ] Written 9000 frames so far
[2024-06-20 12:13:42,025] [INFO    ] [WriterThread  ] Written 9050 frames so far
[2024-06-20 12:13:42,652] [INFO    ] [WriterThread  ] Written 9100 frames so far
[2024-06-20 12:13:43,175] [INFO    ] [WriterThread  ] Written 9150 frames so far
[2024-06-20 12:13:43,769] [INFO    ] [WriterThread  ] Written 9200 frames so far
[2024-06-20 12:13:44,321] [INFO    ] [WriterThread  ] Written 9250 frames so far
[2024-06-20 12:13:44,898] [INFO    ] [WriterThread  ] Written 9300 frames so far
[2024-06-20 12:13:45,420] [INFO    ] [WriterThread  ] Written 9350 frames so far
[2024-06-20 12:13:46,107] [INFO    ] [WriterThread  ] Written 9400 frames so far
[2024-06-20 12:13:46,825] [INFO    ] [WriterThread  ] Written 9450 frames so far
[2024-06-20 12:13:47,416] [INFO    ] [WriterThread  ] Written 9500 frames so far
[2024-06-20 12:13:48,073] [INFO    ] [WriterThread  ] Written 9550 frames so far
[2024-06-20 12:13:48,736] [INFO    ] [WriterThread  ] Written 9600 frames so far
[2024-06-20 12:13:49,450] [INFO    ] [WriterThread  ] Written 9650 frames so far
[2024-06-20 12:13:50,084] [INFO    ] [WriterThread  ] Written 9700 frames so far
[2024-06-20 12:13:50,834] [INFO    ] [WriterThread  ] Written 9750 frames so far
[2024-06-20 12:13:51,696] [INFO    ] [WriterThread  ] Written 9800 frames so far
[2024-06-20 12:13:52,423] [INFO    ] [WriterThread  ] Written 9850 frames so far
[2024-06-20 12:13:53,107] [INFO    ] [WriterThread  ] Written 9900 frames so far
[2024-06-20 12:13:53,871] [INFO    ] [WriterThread  ] Written 9950 frames so far
[2024-06-20 12:13:54,554] [INFO    ] [WriterThread  ] Written 10000 frames so far
[2024-06-20 12:13:55,281] [INFO    ] [WriterThread  ] Written 10050 frames so far
[2024-06-20 12:13:55,875] [INFO    ] [WriterThread  ] Written 10100 frames so far
[2024-06-20 12:13:56,540] [INFO    ] [WriterThread  ] Written 10150 frames so far
[2024-06-20 12:13:57,174] [INFO    ] [WriterThread  ] Written 10200 frames so far
[2024-06-20 12:13:57,762] [INFO    ] [WriterThread  ] Written 10250 frames so far
[2024-06-20 12:13:58,470] [INFO    ] [WriterThread  ] Written 10300 frames so far
[2024-06-20 12:13:58,995] [INFO    ] [WriterThread  ] Written 10350 frames so far
[2024-06-20 12:13:59,587] [INFO    ] [WriterThread  ] Written 10400 frames so far
[2024-06-20 12:14:00,245] [INFO    ] [WriterThread  ] Written 10450 frames so far
[2024-06-20 12:14:00,833] [INFO    ] [WriterThread  ] Written 10500 frames so far
[2024-06-20 12:14:01,593] [INFO    ] [WriterThread  ] Written 10550 frames so far
[2024-06-20 12:14:02,231] [INFO    ] [WriterThread  ] Written 10600 frames so far
[2024-06-20 12:14:02,870] [INFO    ] [WriterThread  ] Written 10650 frames so far
[2024-06-20 12:14:03,478] [INFO    ] [WriterThread  ] Written 10700 frames so far
[2024-06-20 12:14:04,131] [INFO    ] [WriterThread  ] Written 10750 frames so far
[2024-06-20 12:14:04,803] [INFO    ] [WriterThread  ] Written 10800 frames so far
[2024-06-20 12:14:05,472] [INFO    ] [WriterThread  ] Written 10850 frames so far
[2024-06-20 12:14:06,164] [INFO    ] [WriterThread  ] Written 10900 frames so far
[2024-06-20 12:14:06,850] [INFO    ] [WriterThread  ] Written 10950 frames so far
[2024-06-20 12:14:07,516] [INFO    ] [WriterThread  ] Written 11000 frames so far
[2024-06-20 12:14:08,308] [INFO    ] [WriterThread  ] Written 11050 frames so far
[2024-06-20 12:14:08,933] [INFO    ] [WriterThread  ] Written 11100 frames so far
[2024-06-20 12:14:09,623] [INFO    ] [WriterThread  ] Written 11150 frames so far
[2024-06-20 12:14:10,276] [INFO    ] [WriterThread  ] Written 11200 frames so far
[2024-06-20 12:14:10,927] [INFO    ] [WriterThread  ] Written 11250 frames so far
[2024-06-20 12:14:11,533] [INFO    ] [WriterThread  ] Written 11300 frames so far
[2024-06-20 12:14:12,282] [INFO    ] [WriterThread  ] Written 11350 frames so far
[2024-06-20 12:14:12,862] [INFO    ] [WriterThread  ] Written 11400 frames so far
[2024-06-20 12:14:13,381] [INFO    ] [WriterThread  ] Written 11450 frames so far
[2024-06-20 12:14:13,941] [INFO    ] [WriterThread  ] Written 11500 frames so far
[2024-06-20 12:14:14,489] [INFO    ] [WriterThread  ] Written 11550 frames so far
[2024-06-20 12:14:15,071] [INFO    ] [WriterThread  ] Written 11600 frames so far
[2024-06-20 12:14:15,760] [INFO    ] [WriterThread  ] Written 11650 frames so far
[2024-06-20 12:14:16,357] [INFO    ] [WriterThread  ] Written 11700 frames so far
[2024-06-20 12:14:16,927] [INFO    ] [WriterThread  ] Written 11750 frames so far
[2024-06-20 12:14:17,542] [INFO    ] [WriterThread  ] Written 11800 frames so far
[2024-06-20 12:14:18,119] [INFO    ] [WriterThread  ] Written 11850 frames so far
[2024-06-20 12:14:18,760] [INFO    ] [WriterThread  ] Written 11900 frames so far
[2024-06-20 12:14:19,320] [INFO    ] [WriterThread  ] Written 11950 frames so far
[2024-06-20 12:14:19,962] [INFO    ] [WriterThread  ] Written 12000 frames so far
[2024-06-20 12:14:20,629] [INFO    ] [WriterThread  ] Written 12050 frames so far
[2024-06-20 12:14:21,196] [INFO    ] [WriterThread  ] Written 12100 frames so far
[2024-06-20 12:14:21,722] [INFO    ] [WriterThread  ] Written 12150 frames so far
[2024-06-20 12:14:22,349] [INFO    ] [WriterThread  ] Written 12200 frames so far
[2024-06-20 12:14:22,856] [INFO    ] [WriterThread  ] Written 12250 frames so far
[2024-06-20 12:14:23,401] [INFO    ] [WriterThread  ] Written 12300 frames so far
[2024-06-20 12:14:23,935] [INFO    ] [WriterThread  ] Written 12350 frames so far
[2024-06-20 12:14:24,445] [INFO    ] [WriterThread  ] Written 12400 frames so far
[2024-06-20 12:14:24,958] [INFO    ] [WriterThread  ] Written 12450 frames so far
[2024-06-20 12:14:25,478] [INFO    ] [WriterThread  ] Written 12500 frames so far
[2024-06-20 12:14:26,047] [INFO    ] [WriterThread  ] Written 12550 frames so far
[2024-06-20 12:14:26,595] [INFO    ] [WriterThread  ] Written 12600 frames so far
[2024-06-20 12:14:27,175] [INFO    ] [WriterThread  ] Written 12650 frames so far
[2024-06-20 12:14:27,731] [INFO    ] [WriterThread  ] Written 12700 frames so far
[2024-06-20 12:14:28,352] [INFO    ] [WriterThread  ] Written 12750 frames so far
[2024-06-20 12:14:29,020] [INFO    ] [WriterThread  ] Written 12800 frames so far
[2024-06-20 12:14:29,580] [INFO    ] [WriterThread  ] Written 12850 frames so far
[2024-06-20 12:14:30,107] [INFO    ] [WriterThread  ] Written 12900 frames so far
[2024-06-20 12:14:30,659] [INFO    ] [WriterThread  ] Written 12950 frames so far
[2024-06-20 12:14:31,276] [INFO    ] [WriterThread  ] Written 13000 frames so far
[2024-06-20 12:14:31,844] [INFO    ] [WriterThread  ] Written 13050 frames so far
[2024-06-20 12:14:32,411] [INFO    ] [WriterThread  ] Written 13100 frames so far
[2024-06-20 12:14:33,008] [INFO    ] [WriterThread  ] Written 13150 frames so far
[2024-06-20 12:14:33,553] [INFO    ] [WriterThread  ] Written 13200 frames so far
[2024-06-20 12:14:34,172] [INFO    ] [WriterThread  ] Written 13250 frames so far
[2024-06-20 12:14:34,779] [INFO    ] [WriterThread  ] Written 13300 frames so far
[2024-06-20 12:14:35,423] [INFO    ] [WriterThread  ] Written 13350 frames so far
[2024-06-20 12:14:36,105] [INFO    ] [WriterThread  ] Written 13400 frames so far
[2024-06-20 12:14:36,865] [INFO    ] [WriterThread  ] Written 13450 frames so far
[2024-06-20 12:14:37,586] [INFO    ] [WriterThread  ] Written 13500 frames so far
[2024-06-20 12:14:38,394] [INFO    ] [WriterThread  ] Written 13550 frames so far
[2024-06-20 12:14:39,180] [INFO    ] [WriterThread  ] Written 13600 frames so far
[2024-06-20 12:14:39,828] [INFO    ] [WriterThread  ] Written 13650 frames so far
[2024-06-20 12:14:40,425] [INFO    ] [WriterThread  ] Written 13700 frames so far
[2024-06-20 12:14:41,005] [INFO    ] [WriterThread  ] Written 13750 frames so far
[2024-06-20 12:14:41,719] [INFO    ] [WriterThread  ] Written 13800 frames so far
[2024-06-20 12:14:42,285] [INFO    ] [WriterThread  ] Written 13850 frames so far
[2024-06-20 12:14:42,865] [INFO    ] [WriterThread  ] Written 13900 frames so far
[2024-06-20 12:14:43,464] [INFO    ] [WriterThread  ] Written 13950 frames so far
[2024-06-20 12:14:44,090] [INFO    ] [WriterThread  ] Written 14000 frames so far
[2024-06-20 12:14:44,724] [INFO    ] [WriterThread  ] Written 14050 frames so far
[2024-06-20 12:14:45,289] [INFO    ] [WriterThread  ] Written 14100 frames so far
[2024-06-20 12:14:45,889] [INFO    ] [WriterThread  ] Written 14150 frames so far
[2024-06-20 12:14:46,487] [INFO    ] [WriterThread  ] Written 14200 frames so far
[2024-06-20 12:14:47,245] [INFO    ] [WriterThread  ] Written 14250 frames so far
[2024-06-20 12:14:48,016] [INFO    ] [WriterThread  ] Written 14300 frames so far
[2024-06-20 12:14:48,645] [INFO    ] [WriterThread  ] Written 14350 frames so far
[2024-06-20 12:14:49,223] [INFO    ] [WriterThread  ] Written 14400 frames so far
[2024-06-20 12:14:49,843] [INFO    ] [WriterThread  ] Written 14450 frames so far
[2024-06-20 12:14:50,462] [INFO    ] [WriterThread  ] Written 14500 frames so far
[2024-06-20 12:14:51,069] [INFO    ] [WriterThread  ] Written 14550 frames so far
[2024-06-20 12:14:51,731] [INFO    ] [WriterThread  ] Written 14600 frames so far
[2024-06-20 12:14:52,357] [INFO    ] [WriterThread  ] Written 14650 frames so far
[2024-06-20 12:14:53,037] [INFO    ] [WriterThread  ] Written 14700 frames so far
[2024-06-20 12:14:53,610] [INFO    ] [WriterThread  ] Written 14750 frames so far
[2024-06-20 12:14:54,281] [INFO    ] [WriterThread  ] Written 14800 frames so far
[2024-06-20 12:14:54,917] [INFO    ] [WriterThread  ] Written 14850 frames so far
[2024-06-20 12:14:55,601] [INFO    ] [WriterThread  ] Written 14900 frames so far
[2024-06-20 12:14:56,299] [INFO    ] [WriterThread  ] Written 14950 frames so far
[2024-06-20 12:14:56,926] [INFO    ] [WriterThread  ] Written 15000 frames so far
[2024-06-20 12:14:57,539] [INFO    ] [WriterThread  ] Written 15050 frames so far
[2024-06-20 12:14:58,233] [INFO    ] [WriterThread  ] Written 15100 frames so far
[2024-06-20 12:14:58,915] [INFO    ] [WriterThread  ] Written 15150 frames so far
[2024-06-20 12:14:59,559] [INFO    ] [WriterThread  ] Written 15200 frames so far
[2024-06-20 12:15:00,245] [INFO    ] [WriterThread  ] Written 15250 frames so far
[2024-06-20 12:15:00,902] [INFO    ] [WriterThread  ] Written 15300 frames so far
[2024-06-20 12:15:01,528] [INFO    ] [WriterThread  ] Written 15350 frames so far
[2024-06-20 12:15:02,448] [INFO    ] [WriterThread  ] Written 15400 frames so far
[2024-06-20 12:15:03,394] [INFO    ] [WriterThread  ] Written 15450 frames so far
[2024-06-20 12:15:04,399] [INFO    ] [WriterThread  ] Written 15500 frames so far
[2024-06-20 12:15:05,377] [INFO    ] [WriterThread  ] Written 15550 frames so far
[2024-06-20 12:15:06,334] [INFO    ] [WriterThread  ] Written 15600 frames so far
[2024-06-20 12:15:07,288] [INFO    ] [WriterThread  ] Written 15650 frames so far
[2024-06-20 12:15:07,948] [INFO    ] [WriterThread  ] Written 15700 frames so far
[2024-06-20 12:15:08,589] [INFO    ] [WriterThread  ] Written 15750 frames so far
[2024-06-20 12:15:09,405] [INFO    ] [WriterThread  ] Written 15800 frames so far
[2024-06-20 12:15:09,974] [INFO    ] [WriterThread  ] Written 15850 frames so far
[2024-06-20 12:15:10,567] [INFO    ] [WriterThread  ] Written 15900 frames so far
[2024-06-20 12:15:11,205] [INFO    ] [WriterThread  ] Written 15950 frames so far
[2024-06-20 12:15:11,891] [INFO    ] [WriterThread  ] Written 16000 frames so far
[2024-06-20 12:15:12,511] [INFO    ] [WriterThread  ] Written 16050 frames so far
[2024-06-20 12:15:13,387] [INFO    ] [WriterThread  ] Written 16100 frames so far
[2024-06-20 12:15:14,056] [INFO    ] [WriterThread  ] Written 16150 frames so far
[2024-06-20 12:15:14,672] [INFO    ] [WriterThread  ] Written 16200 frames so far
[2024-06-20 12:15:15,292] [INFO    ] [WriterThread  ] Written 16250 frames so far
[2024-06-20 12:15:16,022] [INFO    ] [WriterThread  ] Written 16300 frames so far
[2024-06-20 12:15:16,548] [INFO    ] [WriterThread  ] Written 16350 frames so far
[2024-06-20 12:15:17,187] [INFO    ] [WriterThread  ] Written 16400 frames so far
[2024-06-20 12:15:17,566] [INFO    ] [ReaderThread  ] Adding None to end of reading queue
[2024-06-20 12:15:17,727] [INFO    ] [WriterThread  ] Written 16450 frames so far
[2024-06-20 12:15:18,278] [INFO    ] [WriterThread  ] Written 16500 frames so far
[2024-06-20 12:15:18,839] [INFO    ] [WriterThread  ] Written 16550 frames so far
[2024-06-20 12:15:19,312] [INFO    ] [WriterThread  ] Written 16600 frames so far
[2024-06-20 12:15:19,836] [INFO    ] [WriterThread  ] Written 16650 frames so far
[2024-06-20 12:15:20,378] [INFO    ] [WriterThread  ] Written 16700 frames so far
[2024-06-20 12:15:20,907] [INFO    ] [WriterThread  ] Written 16750 frames so far
[2024-06-20 12:15:21,464] [INFO    ] [WriterThread  ] Written 16800 frames so far
[2024-06-20 12:15:21,901] [INFO    ] [WriterThread  ] Written 16850 frames so far
[2024-06-20 12:15:22,326] [INFO    ] [WriterThread  ] Written 16900 frames so far
[2024-06-20 12:15:22,734] [INFO    ] [WriterThread  ] Written 16950 frames so far
[2024-06-20 12:15:23,125] [INFO    ] [WriterThread  ] Written 17000 frames so far
[2024-06-20 12:15:23,530] [INFO    ] [WriterThread  ] Written 17050 frames so far
[2024-06-20 12:15:24,258] [INFO    ] [MainThread    ] All child processes appear to have finished! Exiting infinite loop...
[2024-06-20 12:15:24,259] [INFO    ] [MainThread    ] Joining ReaderThread
[2024-06-20 12:15:24,259] [INFO    ] [MainThread    ] Joining MotionThread
[2024-06-20 12:15:24,260] [INFO    ] [MainThread    ] Joining WriterThread
[2024-06-20 12:15:24,261] [INFO    ] [MainThread    ] Finished processing at :  2024-06-20 12:15:24.260158
[2024-06-20 12:15:24,261] [INFO    ] [MainThread    ] Finished main() in 774.36 seconds.
[2024-06-20 12:15:24,263] [INFO    ] [MainThread    ] Deinterlacing video...
[2024-06-20 12:24:50,725] [INFO    ] [MainThread    ] Deinterlaced video saved to /Users/mrat0010/Documents/GitHub/EcoMotionZip/testing/JamesCook/Raw/00029_deinterlaced.avi
