[2023-12-01 09:40:36,737] [INFO    ] [MainThread    ] Starting processing at :  2023-12-01 09:40:36.736675
[2023-12-01 09:40:36,737] [INFO    ] [MainThread    ] Running main() with Config:  {'video_source': '/home/pi-cam7/EcoMotionZip/testing/test_videos/Ratnayake2023/cam_1_N_video_20210315_132804.h264.avi', 'output_directory': './testing', 'record_duration': 60, 'number_of_videos': 1, 'camera_resolution': [1920, 1080], 'camera_fps': 32, 'raspberrypi_camera': False, 'delete_original': False, 'reader_sleep_seconds': 1, 'reader_flush_proportion': 0.9, 'downscale_factor': 16, 'dilate_kernel_size': 128, 'movement_threshold': 40, 'persist_frames': 0, 'full_frame_guarantee': 300, 'video_codec': 'XVID', 'num_opencv_threads': 10}
[2023-12-01 09:40:36,737] [INFO    ] [MainThread    ] Outputting to Outputting to testing/EcoMotionZip
[2023-12-01 09:40:36,750] [INFO    ] [MainThread    ] Will sleep 1 seconds if reading queue fills up with 460 frames. This *should not happen* if you're using a live webcam, else the frames are being processed too slowly!
[2023-12-01 09:40:36,750] [INFO    ] [MainThread    ] Dilation kernel downscaled by 16x from 128 to 8
[2023-12-01 09:40:36,750] [INFO    ] [MainThread    ] Will flush buffer to output file every 64 frames
[2023-12-01 09:40:36,750] [INFO    ] [MainThread    ] Starting ReaderThread
[2023-12-01 09:40:36,750] [INFO    ] [MainThread    ] Starting MotionThread
[2023-12-01 09:40:36,751] [INFO    ] [MainThread    ] Starting WriterThread
[2023-12-01 09:41:12,560] [INFO    ] [WriterThread  ] Written 50 frames so far
[2023-12-01 09:41:21,040] [INFO    ] [WriterThread  ] Written 100 frames so far
[2023-12-01 09:41:23,475] [INFO    ] [WriterThread  ] Written 150 frames so far
[2023-12-01 09:41:26,626] [INFO    ] [WriterThread  ] Written 200 frames so far
[2023-12-01 09:41:28,389] [INFO    ] [WriterThread  ] Written 250 frames so far
[2023-12-01 09:41:32,405] [INFO    ] [WriterThread  ] Written 300 frames so far
[2023-12-01 09:41:34,129] [INFO    ] [WriterThread  ] Written 350 frames so far
[2023-12-01 09:41:35,762] [INFO    ] [WriterThread  ] Written 400 frames so far
[2023-12-01 09:42:10,151] [INFO    ] [WriterThread  ] Written 450 frames so far
[2023-12-01 09:42:11,897] [INFO    ] [WriterThread  ] Written 500 frames so far
[2023-12-01 09:42:18,708] [INFO    ] [WriterThread  ] Written 550 frames so far
[2023-12-01 09:42:20,446] [INFO    ] [WriterThread  ] Written 600 frames so far
[2023-12-01 09:42:55,260] [INFO    ] [WriterThread  ] Written 650 frames so far
[2023-12-01 09:42:57,106] [INFO    ] [WriterThread  ] Written 700 frames so far
[2023-12-01 09:43:11,116] [INFO    ] [WriterThread  ] Written 750 frames so far
[2023-12-01 09:43:25,044] [INFO    ] [ReaderThread  ] Adding None to end of reading queue
[2023-12-01 09:43:25,744] [INFO    ] [WriterThread  ] Written 800 frames so far
[2023-12-01 09:43:25,843] [INFO    ] [MainThread    ] All child processes appear to have finished! Exiting infinite loop...
[2023-12-01 09:43:25,844] [INFO    ] [MainThread    ] Joining ReaderThread
[2023-12-01 09:43:25,844] [INFO    ] [MainThread    ] Joining MotionThread
[2023-12-01 09:43:25,844] [INFO    ] [MainThread    ] Joining WriterThread
[2023-12-01 09:43:25,844] [INFO    ] [MainThread    ] Finished processing at :  2023-12-01 09:43:25.844211
[2023-12-01 09:43:25,844] [INFO    ] [MainThread    ] Finished main() in 169.11 seconds.
