[2023-11-30 17:37:38,879] [INFO    ] [MainThread    ] Starting processing at :  2023-11-30 17:37:38.878178
[2023-11-30 17:37:38,879] [INFO    ] [MainThread    ] Running main() with Config:  {'video_source': '/home/pi-cam6/EcoMotionZip/testing/test_videos/Ratnayake2023/cam_7_S_video_20210310_142405.h264.avi', 'output_directory': './testing', 'record_duration': 60, 'number_of_videos': 1, 'camera_resolution': [1920, 1080], 'camera_fps': 32, 'raspberrypi_camera': False, 'delete_original': False, 'reader_sleep_seconds': 1, 'reader_flush_proportion': 0.9, 'downscale_factor': 16, 'dilate_kernel_size': 128, 'movement_threshold': 40, 'persist_frames': 0, 'full_frame_guarantee': 300, 'video_codec': 'XVID', 'num_opencv_threads': 10}
[2023-11-30 17:37:38,879] [INFO    ] [MainThread    ] Outputting to Outputting to testing/EcoMotionZip
[2023-11-30 17:37:38,906] [INFO    ] [MainThread    ] Will sleep 1 seconds if reading queue fills up with 460 frames. This *should not happen* if you're using a live webcam, else the frames are being processed too slowly!
[2023-11-30 17:37:38,906] [INFO    ] [MainThread    ] Dilation kernel downscaled by 16x from 128 to 8
[2023-11-30 17:37:38,907] [INFO    ] [MainThread    ] Will flush buffer to output file every 64 frames
[2023-11-30 17:37:38,907] [INFO    ] [MainThread    ] Starting ReaderThread
[2023-11-30 17:37:38,907] [INFO    ] [MainThread    ] Starting MotionThread
[2023-11-30 17:37:38,908] [INFO    ] [MainThread    ] Starting WriterThread
[2023-11-30 17:38:20,585] [INFO    ] [WriterThread  ] Written 50 frames so far
[2023-11-30 17:38:24,242] [INFO    ] [WriterThread  ] Written 100 frames so far
[2023-11-30 17:38:27,747] [INFO    ] [WriterThread  ] Written 150 frames so far
[2023-11-30 17:38:31,136] [INFO    ] [WriterThread  ] Written 200 frames so far
[2023-11-30 17:38:34,754] [INFO    ] [WriterThread  ] Written 250 frames so far
[2023-11-30 17:38:38,351] [INFO    ] [WriterThread  ] Written 300 frames so far
[2023-11-30 17:38:41,805] [INFO    ] [WriterThread  ] Written 350 frames so far
[2023-11-30 17:38:45,458] [INFO    ] [WriterThread  ] Written 400 frames so far
[2023-11-30 17:39:50,774] [INFO    ] [WriterThread  ] Written 450 frames so far
[2023-11-30 17:39:54,779] [INFO    ] [WriterThread  ] Written 500 frames so far
[2023-11-30 17:40:13,881] [INFO    ] [WriterThread  ] Written 550 frames so far
[2023-11-30 17:40:23,988] [INFO    ] [WriterThread  ] Written 600 frames so far
[2023-11-30 17:40:28,175] [INFO    ] [WriterThread  ] Written 650 frames so far
[2023-11-30 17:40:31,867] [INFO    ] [WriterThread  ] Written 700 frames so far
[2023-11-30 17:40:37,568] [INFO    ] [WriterThread  ] Written 750 frames so far
[2023-11-30 17:40:41,664] [INFO    ] [WriterThread  ] Written 800 frames so far
[2023-11-30 17:40:54,092] [INFO    ] [WriterThread  ] Written 850 frames so far
[2023-11-30 17:40:57,927] [INFO    ] [WriterThread  ] Written 900 frames so far
[2023-11-30 17:41:01,399] [INFO    ] [WriterThread  ] Written 950 frames so far
[2023-11-30 17:41:05,199] [INFO    ] [WriterThread  ] Written 1000 frames so far
[2023-11-30 17:41:08,884] [INFO    ] [WriterThread  ] Written 1050 frames so far
[2023-11-30 17:41:12,566] [INFO    ] [WriterThread  ] Written 1100 frames so far
[2023-11-30 17:41:16,019] [INFO    ] [WriterThread  ] Written 1150 frames so far
[2023-11-30 17:41:19,395] [INFO    ] [WriterThread  ] Written 1200 frames so far
[2023-11-30 17:41:30,574] [INFO    ] [WriterThread  ] Written 1250 frames so far
[2023-11-30 17:41:34,537] [INFO    ] [WriterThread  ] Written 1300 frames so far
[2023-11-30 17:41:42,621] [INFO    ] [WriterThread  ] Written 1350 frames so far
[2023-11-30 17:41:45,889] [INFO    ] [WriterThread  ] Written 1400 frames so far
[2023-11-30 17:41:52,172] [INFO    ] [WriterThread  ] Written 1450 frames so far
[2023-11-30 17:41:56,008] [INFO    ] [WriterThread  ] Written 1500 frames so far
[2023-11-30 17:41:59,707] [INFO    ] [WriterThread  ] Written 1550 frames so far
[2023-11-30 17:42:03,187] [INFO    ] [WriterThread  ] Written 1600 frames so far
[2023-11-30 17:42:06,666] [INFO    ] [WriterThread  ] Written 1650 frames so far
[2023-11-30 17:42:10,068] [INFO    ] [WriterThread  ] Written 1700 frames so far
[2023-11-30 17:42:34,127] [INFO    ] [WriterThread  ] Written 1750 frames so far
[2023-11-30 17:42:47,154] [INFO    ] [ReaderThread  ] Adding None to end of reading queue
[2023-11-30 17:42:47,442] [INFO    ] [WriterThread  ] Written 1800 frames so far
[2023-11-30 17:42:48,832] [INFO    ] [MainThread    ] All child processes appear to have finished! Exiting infinite loop...
[2023-11-30 17:42:48,832] [INFO    ] [MainThread    ] Joining ReaderThread
[2023-11-30 17:42:48,833] [INFO    ] [MainThread    ] Joining MotionThread
[2023-11-30 17:42:48,833] [INFO    ] [MainThread    ] Joining WriterThread
[2023-11-30 17:42:48,833] [INFO    ] [MainThread    ] Finished processing at :  2023-11-30 17:42:48.833323
[2023-11-30 17:42:48,833] [INFO    ] [MainThread    ] Finished main() in 309.96 seconds.
