[2023-11-30 17:42:48,935] [INFO    ] [MainThread    ] Starting processing at :  2023-11-30 17:42:48.933916
[2023-11-30 17:42:48,935] [INFO    ] [MainThread    ] Running main() with Config:  {'video_source': '/home/pi-cam6/EcoMotionZip/testing/test_videos/Ratnayake2023/cam_8_N_video_20210310_133844.h264.avi', 'output_directory': './testing', 'record_duration': 60, 'number_of_videos': 1, 'camera_resolution': [1920, 1080], 'camera_fps': 32, 'raspberrypi_camera': False, 'delete_original': False, 'reader_sleep_seconds': 1, 'reader_flush_proportion': 0.9, 'downscale_factor': 16, 'dilate_kernel_size': 128, 'movement_threshold': 40, 'persist_frames': 0, 'full_frame_guarantee': 300, 'video_codec': 'XVID', 'num_opencv_threads': 10}
[2023-11-30 17:42:48,935] [INFO    ] [MainThread    ] Outputting to Outputting to testing/EcoMotionZip
[2023-11-30 17:42:48,959] [INFO    ] [MainThread    ] Will sleep 1 seconds if reading queue fills up with 460 frames. This *should not happen* if you're using a live webcam, else the frames are being processed too slowly!
[2023-11-30 17:42:48,959] [INFO    ] [MainThread    ] Dilation kernel downscaled by 16x from 128 to 8
[2023-11-30 17:42:48,960] [INFO    ] [MainThread    ] Will flush buffer to output file every 64 frames
[2023-11-30 17:42:48,960] [INFO    ] [MainThread    ] Starting ReaderThread
[2023-11-30 17:42:48,960] [INFO    ] [MainThread    ] Starting MotionThread
[2023-11-30 17:42:48,961] [INFO    ] [MainThread    ] Starting WriterThread
[2023-11-30 17:43:04,662] [INFO    ] [WriterThread  ] Written 50 frames so far
[2023-11-30 17:43:09,374] [INFO    ] [WriterThread  ] Written 100 frames so far
[2023-11-30 17:43:13,603] [INFO    ] [WriterThread  ] Written 150 frames so far
[2023-11-30 17:43:17,650] [INFO    ] [WriterThread  ] Written 200 frames so far
[2023-11-30 17:43:22,973] [INFO    ] [WriterThread  ] Written 250 frames so far
[2023-11-30 17:43:27,803] [INFO    ] [WriterThread  ] Written 300 frames so far
[2023-11-30 17:43:32,513] [INFO    ] [WriterThread  ] Written 350 frames so far
[2023-11-30 17:43:36,363] [INFO    ] [WriterThread  ] Written 400 frames so far
[2023-11-30 17:43:39,909] [INFO    ] [WriterThread  ] Written 450 frames so far
[2023-11-30 17:43:43,054] [INFO    ] [WriterThread  ] Written 500 frames so far
[2023-11-30 17:43:48,285] [INFO    ] [WriterThread  ] Written 550 frames so far
[2023-11-30 17:43:52,752] [INFO    ] [WriterThread  ] Written 600 frames so far
[2023-11-30 17:43:56,367] [INFO    ] [WriterThread  ] Written 650 frames so far
[2023-11-30 17:43:59,816] [INFO    ] [WriterThread  ] Written 700 frames so far
[2023-11-30 17:44:03,646] [INFO    ] [WriterThread  ] Written 750 frames so far
[2023-11-30 17:44:08,596] [INFO    ] [WriterThread  ] Written 800 frames so far
[2023-11-30 17:44:12,056] [INFO    ] [WriterThread  ] Written 850 frames so far
[2023-11-30 17:44:15,492] [INFO    ] [WriterThread  ] Written 900 frames so far
[2023-11-30 17:44:19,287] [INFO    ] [WriterThread  ] Written 950 frames so far
[2023-11-30 17:44:22,398] [INFO    ] [WriterThread  ] Written 1000 frames so far
[2023-11-30 17:44:25,502] [INFO    ] [WriterThread  ] Written 1050 frames so far
[2023-11-30 17:44:29,614] [INFO    ] [WriterThread  ] Written 1100 frames so far
[2023-11-30 17:44:33,324] [INFO    ] [WriterThread  ] Written 1150 frames so far
[2023-11-30 17:44:35,917] [INFO    ] [WriterThread  ] Written 1200 frames so far
[2023-11-30 17:44:39,807] [INFO    ] [WriterThread  ] Written 1250 frames so far
[2023-11-30 17:44:43,631] [INFO    ] [WriterThread  ] Written 1300 frames so far
[2023-11-30 17:44:46,860] [INFO    ] [WriterThread  ] Written 1350 frames so far
[2023-11-30 17:44:49,515] [INFO    ] [WriterThread  ] Written 1400 frames so far
[2023-11-30 17:44:52,268] [INFO    ] [WriterThread  ] Written 1450 frames so far
[2023-11-30 17:44:55,537] [INFO    ] [WriterThread  ] Written 1500 frames so far
[2023-11-30 17:44:58,462] [INFO    ] [WriterThread  ] Written 1550 frames so far
[2023-11-30 17:45:01,206] [INFO    ] [WriterThread  ] Written 1600 frames so far
[2023-11-30 17:45:04,646] [INFO    ] [WriterThread  ] Written 1650 frames so far
[2023-11-30 17:45:08,562] [INFO    ] [WriterThread  ] Written 1700 frames so far
[2023-11-30 17:45:13,053] [INFO    ] [WriterThread  ] Written 1750 frames so far
[2023-11-30 17:45:16,522] [INFO    ] [WriterThread  ] Written 1800 frames so far
[2023-11-30 17:45:19,111] [INFO    ] [WriterThread  ] Written 1850 frames so far
[2023-11-30 17:45:21,929] [INFO    ] [WriterThread  ] Written 1900 frames so far
[2023-11-30 17:45:24,869] [INFO    ] [WriterThread  ] Written 1950 frames so far
[2023-11-30 17:45:27,310] [INFO    ] [WriterThread  ] Written 2000 frames so far
[2023-11-30 17:45:29,737] [INFO    ] [WriterThread  ] Written 2050 frames so far
[2023-11-30 17:45:32,659] [INFO    ] [WriterThread  ] Written 2100 frames so far
[2023-11-30 17:45:35,562] [INFO    ] [WriterThread  ] Written 2150 frames so far
[2023-11-30 17:45:39,414] [INFO    ] [WriterThread  ] Written 2200 frames so far
[2023-11-30 17:45:42,951] [INFO    ] [WriterThread  ] Written 2250 frames so far
[2023-11-30 17:45:46,310] [INFO    ] [WriterThread  ] Written 2300 frames so far
[2023-11-30 17:45:48,895] [INFO    ] [WriterThread  ] Written 2350 frames so far
[2023-11-30 17:45:52,187] [INFO    ] [WriterThread  ] Written 2400 frames so far
[2023-11-30 17:45:55,632] [INFO    ] [WriterThread  ] Written 2450 frames so far
[2023-11-30 17:45:58,868] [INFO    ] [WriterThread  ] Written 2500 frames so far
[2023-11-30 17:46:02,140] [INFO    ] [WriterThread  ] Written 2550 frames so far
[2023-11-30 17:46:05,274] [INFO    ] [WriterThread  ] Written 2600 frames so far
[2023-11-30 17:46:13,696] [INFO    ] [WriterThread  ] Written 2650 frames so far
[2023-11-30 17:46:18,451] [INFO    ] [WriterThread  ] Written 2700 frames so far
[2023-11-30 17:46:22,250] [INFO    ] [WriterThread  ] Written 2750 frames so far
[2023-11-30 17:46:25,473] [INFO    ] [WriterThread  ] Written 2800 frames so far
[2023-11-30 17:46:33,694] [INFO    ] [WriterThread  ] Written 2850 frames so far
[2023-11-30 17:46:38,799] [INFO    ] [WriterThread  ] Written 2900 frames so far
[2023-11-30 17:46:42,271] [INFO    ] [WriterThread  ] Written 2950 frames so far
[2023-11-30 17:46:45,154] [INFO    ] [WriterThread  ] Written 3000 frames so far
[2023-11-30 17:47:04,152] [INFO    ] [WriterThread  ] Written 3050 frames so far
[2023-11-30 17:47:07,730] [INFO    ] [WriterThread  ] Written 3100 frames so far
[2023-11-30 17:47:11,567] [INFO    ] [WriterThread  ] Written 3150 frames so far
[2023-11-30 17:47:14,887] [INFO    ] [WriterThread  ] Written 3200 frames so far
[2023-11-30 17:47:18,164] [INFO    ] [WriterThread  ] Written 3250 frames so far
[2023-11-30 17:47:21,093] [INFO    ] [WriterThread  ] Written 3300 frames so far
[2023-11-30 17:47:24,425] [INFO    ] [WriterThread  ] Written 3350 frames so far
[2023-11-30 17:47:27,666] [INFO    ] [WriterThread  ] Written 3400 frames so far
[2023-11-30 17:47:31,018] [INFO    ] [WriterThread  ] Written 3450 frames so far
[2023-11-30 17:47:34,333] [INFO    ] [WriterThread  ] Written 3500 frames so far
[2023-11-30 17:47:37,466] [INFO    ] [WriterThread  ] Written 3550 frames so far
[2023-11-30 17:47:43,609] [INFO    ] [WriterThread  ] Written 3600 frames so far
[2023-11-30 17:48:06,746] [INFO    ] [WriterThread  ] Written 3650 frames so far
[2023-11-30 17:48:09,969] [INFO    ] [WriterThread  ] Written 3700 frames so far
[2023-11-30 17:48:18,070] [INFO    ] [WriterThread  ] Written 3750 frames so far
[2023-11-30 17:48:22,669] [INFO    ] [WriterThread  ] Written 3800 frames so far
[2023-11-30 17:48:29,467] [INFO    ] [WriterThread  ] Written 3850 frames so far
[2023-11-30 17:48:32,853] [INFO    ] [WriterThread  ] Written 3900 frames so far
[2023-11-30 17:48:37,453] [INFO    ] [WriterThread  ] Written 3950 frames so far
[2023-11-30 17:48:40,562] [INFO    ] [WriterThread  ] Written 4000 frames so far
[2023-11-30 17:48:43,834] [INFO    ] [WriterThread  ] Written 4050 frames so far
[2023-11-30 17:48:47,485] [INFO    ] [ReaderThread  ] Adding None to end of reading queue
[2023-11-30 17:48:47,618] [INFO    ] [WriterThread  ] Written 4100 frames so far
[2023-11-30 17:48:49,205] [INFO    ] [MainThread    ] All child processes appear to have finished! Exiting infinite loop...
[2023-11-30 17:48:49,205] [INFO    ] [MainThread    ] Joining ReaderThread
[2023-11-30 17:48:49,205] [INFO    ] [MainThread    ] Joining MotionThread
[2023-11-30 17:48:49,206] [INFO    ] [MainThread    ] Joining WriterThread
[2023-11-30 17:48:49,206] [INFO    ] [MainThread    ] Finished processing at :  2023-11-30 17:48:49.206165
[2023-11-30 17:48:49,206] [INFO    ] [MainThread    ] Finished main() in 360.27 seconds.
